<?xml version="1.0" encoding="UTF-8"?>
<!-- Generated by org.testng.reporters.JUnitXMLReporter -->
<testsuite hostname="Macs-MacBook-Pro.local" ignored="0" name="Huawei_Honor9Lite_Android_9.0.0" tests="2" failures="1" timestamp="21 Jan 2020 08:28:35 GMT" time="129.936" errors="0">
  <testcase name="scenario" time="16.729" classname="tests.cucumber.tests.RunCucumberFeatures"/>
  <testcase name="scenario" time="18.987" classname="tests.cucumber.tests.RunCucumberFeatures">
    <failure type="java.lang.AssertionError" message="expected [true] but found [false]">
      <![CDATA[java.lang.AssertionError: expected [true] but found [false]
at screens.LoginScreen.clickOnCancelIcon(LoginScreen.java:91)
at tests.cucumber.steps.LoginSteps.User_should_click_on_cancel_icon_and_verify_textbox_is_empty(LoginSteps.java:80)
at âœ½.User should click on cancel icon and verify textbox is empty(src/test/java/tests/cucumber/features/01login.feature:20)
... Removed 4 stack frames]]>
    </failure>
  </testcase> <!-- scenario -->
</testsuite> <!-- Huawei_Honor9Lite_Android_9.0.0 -->
