

<!DOCTYPE html>
<html>
<head>
	<meta charset='UTF-8' /> 
	<meta name='description' content='' />
	<meta name='robots' content='noodp, noydir' />
	<meta name='viewport' content='width=device-width, initial-scale=1' />
	<meta id="timeStampFormat" name="timeStampFormat" content='MMM d, yyyy hh:mm:ss a'/>
	
	<link href='http://fonts.googleapis.com/css?family=Source+Sans+Pro:400,600' rel='stylesheet' type='text/css' />
	<link href="http://fonts.googleapis.com/icon?family=Material+Icons" rel="stylesheet" />
	<link href='http://cdn.rawgit.com/extent-framework/extent-github-cdn/b65cd69/v3html/css/extent.css' type='text/css' rel='stylesheet' />
	
	<title>Extent</title>

	<style type='text/css'>
		/* json-tree */
		.jstBracket,.jstComma,.jstValue{white-space:pre-wrap}.jstValue{font-size:10px;font-weight:400;font-family:"Lucida Console",Monaco,monospace}.jstProperty{color:#666;word-wrap:break-word}.jstBool{color:#2525CC}.jstNum{color:#D036D0}.jstNull{color:gray}.jstStr{color:#2DB669}.jstFold:after{content:' -';cursor:pointer}.jstExpand{white-space:normal}.jstExpand:after{content:' +';cursor:pointer}.jstFolded{white-space:normal!important}.jstHiddenBlock{display:none}
			


		
	</style>
	
	<script type="text/javascript">
		/*! json-tree - v0.2.2 - 2017-09-25, MIT LICENSE */
		var JSONTree=function(){var n={"&":"&amp;","<":"&lt;",">":"&gt;",'"':"&quot;","'":"&#x27;","/":"&#x2F;"},t=0,r=0;this.create=function(n,t){return r+=1,N(u(n,0,!1),{class:"jstValue"})};var e=function(t){return t.replace(/[&<>'"]/g,function(t){return n[t]})},s=function(){return r+"_"+t++},u=function(n,t,r){if(null===n)return f(r?t:0);switch(typeof n){case"boolean":return l(n,r?t:0);case"number":return i(n,r?t:0);case"string":return o(n,r?t:0);default:return n instanceof Array?a(n,t,r):c(n,t,r)}},c=function(n,t,r){var e=s(),u=Object.keys(n).map(function(r){return j(r,n[r],t+1,!0)}).join(m()),c=[g("{",r?t:0,e),N(u,{id:e}),p("}",t)].join("\n");return N(c,{})},a=function(n,t,r){var e=s(),c=n.map(function(n){return u(n,t+1,!0)}).join(m());return[g("[",r?t:0,e),N(c,{id:e}),p("]",t)].join("\n")},o=function(n,t){var r=e(JSON.stringify(n));return N(v(r,t),{class:"jstStr"})},i=function(n,t){return N(v(n,t),{class:"jstNum"})},l=function(n,t){return N(v(n,t),{class:"jstBool"})},f=function(n){return N(v("null",n),{class:"jstNull"})},j=function(n,t,r){var s=v(e(JSON.stringify(n))+": ",r),c=N(u(t,r,!1),{});return N(s+c,{class:"jstProperty"})},m=function(){return N(",\n",{class:"jstComma"})},N=function(n,t){return d("span",t,n)},d=function(n,t,r){return"<"+n+Object.keys(t).map(function(n){return" "+n+'="'+t[n]+'"'}).join("")+">"+r+"</"+n+">"},g=function(n,t,r){return N(v(n,t),{class:"jstBracket"})+N("",{class:"jstFold",onclick:"JSONTree.toggle('"+r+"')"})};this.toggle=function(n){var t=document.getElementById(n),r=t.parentNode,e=t.previousElementSibling;""===t.className?(t.className="jstHiddenBlock",r.className="jstFolded",e.className="jstExpand"):(t.className="",r.className="",e.className="jstFold")};var p=function(n,t){return N(v(n,t),{})},v=function(n,t){return Array(2*t+1).join(" ")+n};return this}();
	</script>
</head>
	<body class='extent dark default hide-overflow bdd-report'>
		<div id='theme-selector' alt='Click to toggle theme. To enable by default, use theme configuration.' title='Click to toggle theme. To enable by default, use theme configuration.'>
			<span><i class='material-icons'>desktop_windows</i></span>
		</div>
<nav>
	<div class="nav-wrapper">
		<a href="#!" class="brand-logo black"><img src="https://cdn.rawgit.com/extent-framework/extent-github-cdn/d74480e/commons/img/logo.png"></a>
		<!-- slideout menu -->
		<ul id='slide-out' class='side-nav fixed hide-on-med-and-down'>
			<li class='waves-effect active'><a href='#!' view='test-view' onclick="configureView(0);chartsView('test');"><i class='material-icons'>dashboard</i></a></li>
						<li class='waves-effect'><a href='#!' view='category-view' onclick="configureView(1)"><i class='material-icons'>label_outline</i></a></li>
			<li class='waves-effect'><a href='#!' view='exception-view' onclick="configureView(2)"><i class='material-icons'>bug_report</i></a></li>
			<li class='waves-effect'><a href='#!' onclick="configureView(-1);chartsView('dashboard');" view='dashboard-view'><i class='material-icons'>track_changes</i></a></li>
		</ul>
		<!-- report name -->
		<span class='report-name'>VReport</span>
		<!-- report headline -->
		<span class='report-headline'></span>
		<!-- nav-right -->
		<ul id='nav-mobile' class='right hide-on-med-and-down nav-right'>
			<a href='#!'>
			<span class='label blue darken-3 suite-start-time'>Jan 22, 2020 02:40:26 PM</span>
			</a>
		</ul>
	</div>
</nav>		<!-- container -->
		<div class='container'>
<div id='test-view' class='view'>
	<section id='controls'>
		<div class='controls grey lighten-4'>
			<!-- test toggle -->
			<div class='chip transparent'>
				<a class='dropdown-button tests-toggle' data-activates='tests-toggle' data-constrainwidth='true' data-beloworigin='true' data-hover='true' href='#'>
				<i class='material-icons'>warning</i> Status
				</a>
				<ul id='tests-toggle' class='dropdown-content'>
										<li status='pass'><a href='#!'>Pass <i class='material-icons green-text'>check_circle</i></a></li>
					<li status='fail'><a href='#!'>Fail <i class='material-icons red-text'>cancel</i></a></li>
					<li class='divider'></li>
					<li status='clear' clear='true'><a href='#!'>Clear Filters <i class='material-icons'>clear</i></a></li>
				</ul>
			</div>
			<!-- test toggle -->
			<!-- category toggle -->
			<div class='chip transparent'>
				<a class='dropdown-button category-toggle' data-activates='category-toggle' data-constrainwidth='false' data-beloworigin='true' data-hover='true' href='#'>
				<i class='material-icons'>local_offer</i> Category
				</a>
				<ul id='category-toggle' class='dropdown-content'>
					<li><a href='#'>@login</a></li>
					<li class='divider'></li>
					<li class='clear'><a href='#!' clear='true'>Clear Filters</a></li>
				</ul>
			</div>
			<!-- category toggle -->
			<!-- clear filters -->
			<div class='chip transparent hide'>
				<a class='' id='clear-filters' alt='Clear Filters' title='Clear Filters'>
				<i class='material-icons'>close</i> Clear
				</a>
			</div>
			<!-- clear filters -->
			<!-- enable dashboard -->
			<div id='toggle-test-view-charts' class='chip transparent'>
				<a class='pink-text' id='enable-dashboard' alt='Enable Dashboard' title='Enable Dashboard'>
				<i class='material-icons'>track_changes</i> Dashboard
				</a>
			</div>
			<!-- enable dashboard -->
			<!-- search -->
			<div class='chip transparent' alt='Search Tests' title='Search Tests'>
				<a href="#" class='search-div'>
				<i class='material-icons'>search</i> Search
				</a>
				<div class='input-field left hide'>
					<input id='search-tests' type='text' class='validate browser-default' placeholder='Search Tests...'>
				</div>
			</div>
			<!-- search -->
		</div>
	</section>
<div id='test-view-charts' class='subview-full'>
    <div id='charts-row' class='row nm-v nm-h'>
        <div class='col s12 m4 l4 np-h'>
            <div class='card-panel nm-v'>
                <div class='left panel-name'>Features</div>
                <div class='chart-box' style="max-height:94px;">
                    <canvas id='parent-analysis' width='90' height='70'></canvas>
                </div>
                <div class='block text-small'>
                    <span class='tooltipped' data-position='top' data-tooltip='0%'><span class='strong'>0</span> feature(s) passed</span>
                </div>
                <div class='block text-small'>
                    <span class='strong tooltipped' data-position='top' data-tooltip='100%'>1</span> feature(s) failed, <span class='strong tooltipped' data-position='top' data-tooltip='0%'>0</span> others
                </div>
            </div>
        </div>
        <div class='col s12 m4 l4 np-h'>
            <div class='card-panel nm-v'>
                <div class='left panel-name'>Scenarios</div>
                <div class='chart-box' style="max-height:94px;">
                    <canvas id='child-analysis' width='90' height='70'></canvas>
                </div>
                <div class='block text-small'>
                    <span class='tooltipped' data-position='top' data-tooltip='38.462%'><span class='strong'>5</span> scenario(s) passed</span>
                </div>
                <div class='block text-small'>
                    <span class='strong tooltipped' data-position='top' data-tooltip='61.538%'>8</span> scenario(s) failed, <span class='strong tooltipped' data-position='top' data-tooltip='0%'>0</span> others
                </div>
            </div>
        </div>
        <div class='col s12 m4 l4 np-h'>
            <div class='card-panel nm-v'>
                <div class='left panel-name'>Steps</div>
                <div class='chart-box' style="max-height:94px;">
                    <canvas id='grandchild-analysis' width='90' height='70'></canvas>
                </div>
                <div class='block text-small'>
                    <span class='tooltipped' data-position='top' data-tooltip='84.615%'><span class='strong'>44</span> step(s) passed</span>
                </div>
                <div class='block text-small'>
                    <span class='strong tooltipped' data-position='top' data-tooltip='15.385%'>8</span> step(s) failed, <span class='strong tooltipped' data-position='top' data-tooltip='0%'>0</span> others
                </div>
            </div>
        </div>
    </div>
    <div id="timeline-chart" class="row nm-v nm-h">
        <div class="col s12 m12 l12 np-h">
            <div class="card-panel">
                <div class='left panel-name'>Timeline (seconds)</div>
                <div class="chart-box" style="width:98%;max-height:145px;">
                    <canvas id="timeline" height="120"></canvas>
                </div>
            </div>
        </div>
    </div>
</div>	<div class='subview-left left'>
		<div class='view-summary'>
			<ul id='test-collection' class='test-collection'>
				<li class='test displayed active has-leaf fail' status='fail' bdd='true' test-id='1'>
					<div class='test-heading'>
						<span class='test-name'>Login Screen</span>
						<span class='test-time'>Jan 22, 2020 02:40:27 PM</span>
						<span class='test-status right fail'>fail</span>
					</div>
					<div class='test-content hide'>
<div class="sr-filters bdd-filters">
    <a class="btn-floating waves-effect waves-light pass green" title="pass"><i class='material-icons'>check_circle</i></a>
    <a class="btn-floating waves-effect waves-light fail red" title="fail"><i class='material-icons'>cancel</i></a>
    <a class="btn-floating waves-effect waves-light skip blue" title="skip"><i class='material-icons'>redo</i></a>
    <a class="btn-floating waves-effect waves-light clear grey" title="clear"><i class='material-icons'>clear</i></a>
</div>
<div class='test-desc'>Description: The purpose of this feature is to test the login functionality</div>
<div class='scenario node' test-id='2' status='fail'>
    <div class='category-list'>
        <span class='category label'>@login</span>
    </div>
    <span class='duration right label'>0h 0m 44s+986ms</span>
    <div class="bdd-test">
        <div class="scenario-name"><span class='status fail' title='fail'><i class='material-icons'>cancel</i></span> Scenario: Verify cross number error message</div>
    </div>
    <ul class='steps'>
        <li test-id='3' class='node asterisk pass' status='pass'>
            <div class="step-name" title=""><span class='status pass' title='pass'><i class='material-icons'>check_circle</i></span>LoginSteps.setupLoginSteps()</div>
                <div class="node-step"></div>
        </li>
        <li test-id='4' class='node when pass' status='pass'>
            <div class="step-name" title="LoginSteps.i_am_on_login_screen()"><span class='status pass' title='pass'><i class='material-icons'>check_circle</i></span>When I am on login screen</div>
                <div class="node-step"></div>
        </li>
        <li test-id='8' class='node and pass' status='pass'>
            <div class="step-name" title="LoginSteps.i_enter_number(String)"><span class='status pass' title='pass'><i class='material-icons'>check_circle</i></span>And I enter "798311232" number</div>
                <div class="node-step"></div>
        </li>
        <li test-id='9' class='node then fail' status='fail'>
            <div class="step-name" title="LoginSteps.alert_popup_should_be_disaply_as_Failure_in_Vodafone_system()"><span class='status fail' title='fail'><i class='material-icons'>cancel</i></span>Then Alert popup should be disaply as Please enter a valid Idea number</div>
                <textarea disabled class="code-block">org.openqa.selenium.TimeoutException: Expected condition failed: waiting for visibility of element located by By.xpath: //android.widget.TextView[@text='Please enter a valid Idea number!'] (tried for 30 second(s) with 500 milliseconds interval)
	at org.openqa.selenium.support.ui.WebDriverWait.timeoutException(WebDriverWait.java:95)
	at org.openqa.selenium.support.ui.FluentWait.until(FluentWait.java:272)
	at screens.BaseScreen.waitAndFindElement(BaseScreen.java:55)
	at screens.BaseScreen.getText(BaseScreen.java:59)
	at screens.LoginScreen.validIdeaNumberPopup(LoginScreen.java:78)
	at tests.cucumber.steps.LoginSteps.alert_popup_should_be_disaply_as_Failure_in_Vodafone_system(LoginSteps.java:60)
	at ✽.Alert popup should be disaply as Please enter a valid Idea number(src/test/java/tests/cucumber/features/01login.feature:8)
Caused by: org.openqa.selenium.NoSuchElementException: An element could not be located on the page using the given search parameters. (WARNING: The server did not provide any stacktrace information)
Command duration or timeout: 0 milliseconds
For documentation on this error, please visit: https://www.seleniumhq.org/exceptions/no_such_element.html
Build info: version: '3.141.59', revision: 'e82be7d358', time: '2018-11-14T08:17:03'
System info: host: 'Macs-MacBook-Pro.local', ip: '172.30.178.4', os.name: 'Mac OS X', os.arch: 'x86_64', os.version: '10.13.6', java.version: '1.8.0_144'
Driver info: io.appium.java_client.android.AndroidDriver
Capabilities {app: /home/radmin/build/raid-dat..., appActivity: com.ideacellular.myidea.Mai..., appPackage: com.ideacellular.myidea, automationName: UiAutomator2, databaseEnabled: false, desired: {app: /home/radmin/build/raid-dat..., appActivity: com.ideacellular.myidea.Mai..., appPackage: com.ideacellular.myidea, automationName: UiAutomator2, deviceName: 65, launchTimeout: 90000, newCommandTimeout: 600, pCloudy_ApiKey: crysw3jb36jvdymyz7zq3gzk, pCloudy_ApplicationName: Android_debug_TestIP_Prod_0..., pCloudy_DeviceFullName: Huawei_Honor9Lite_Android_9..., pCloudy_DurationInMinutes: 60, pCloudy_Username: rohitv@iprogrammer.com, platformName: Android, resetKeyboard: true, systemPort: 1034, udid: 9SF3Y18628006433, unicodeKeyboard: true}, deviceApiLevel: 28, deviceManufacturer: HUAWEI, deviceModel: LLD-AL10, deviceName: 9SF3Y18628006433, deviceScreenDensity: 480, deviceScreenSize: 1080x2160, deviceUDID: 9SF3Y18628006433, javascriptEnabled: true, launchTimeout: 90000, locationContextEnabled: false, networkConnectionEnabled: true, newCommandTimeout: 600, pCloudy_ApiKey: crysw3jb36jvdymyz7zq3gzk, pCloudy_ApplicationName: Android_debug_TestIP_Prod_0..., pCloudy_DeviceFullName: Huawei_Honor9Lite_Android_9..., pCloudy_DurationInMinutes: 60, pCloudy_Username: rohitv@iprogrammer.com, pixelRatio: 3, platform: LINUX, platformName: Android, platformVersion: 9, resetKeyboard: true, statBarHeight: 72, systemPort: 1034, takesScreenshot: true, udid: 9SF3Y18628006433, unicodeKeyboard: true, viewportRect: {height: 1960, left: 0, top: 72, width: 1080}, warnings: {}, webStorageEnabled: false}
Session ID: 035e956b-6ac5-41d6-919e-f743d6c89701
*** Element info: {Using=xpath, value=//android.widget.TextView[@text='Please enter a valid Idea number!']}
	at sun.reflect.GeneratedConstructorAccessor26.newInstance(Unknown Source)
	at sun.reflect.DelegatingConstructorAccessorImpl.newInstance(DelegatingConstructorAccessorImpl.java:45)
	at java.lang.reflect.Constructor.newInstance(Constructor.java:423)
	at org.openqa.selenium.remote.ErrorHandler.createThrowable(ErrorHandler.java:214)
	at org.openqa.selenium.remote.ErrorHandler.throwIfResponseFailed(ErrorHandler.java:166)
	at org.openqa.selenium.remote.http.JsonHttpResponseCodec.reconstructValue(JsonHttpResponseCodec.java:40)
	at org.openqa.selenium.remote.http.AbstractHttpResponseCodec.decode(AbstractHttpResponseCodec.java:80)
	at org.openqa.selenium.remote.http.AbstractHttpResponseCodec.decode(AbstractHttpResponseCodec.java:44)
	at org.openqa.selenium.remote.HttpCommandExecutor.execute(HttpCommandExecutor.java:158)
	at io.appium.java_client.remote.AppiumCommandExecutor.execute(AppiumCommandExecutor.java:231)
	at org.openqa.selenium.remote.RemoteWebDriver.execute(RemoteWebDriver.java:552)
	at io.appium.java_client.DefaultGenericMobileDriver.execute(DefaultGenericMobileDriver.java:42)
	at io.appium.java_client.AppiumDriver.execute(AppiumDriver.java:1)
	at io.appium.java_client.android.AndroidDriver.execute(AndroidDriver.java:1)
	at org.openqa.selenium.remote.RemoteWebDriver.findElement(RemoteWebDriver.java:323)
	at io.appium.java_client.DefaultGenericMobileDriver.findElement(DefaultGenericMobileDriver.java:62)
	at io.appium.java_client.AppiumDriver.findElement(AppiumDriver.java:1)
	at io.appium.java_client.android.AndroidDriver.findElement(AndroidDriver.java:1)
	at org.openqa.selenium.remote.RemoteWebDriver.findElementByXPath(RemoteWebDriver.java:428)
	at io.appium.java_client.DefaultGenericMobileDriver.findElementByXPath(DefaultGenericMobileDriver.java:152)
	at io.appium.java_client.AppiumDriver.findElementByXPath(AppiumDriver.java:1)
	at io.appium.java_client.android.AndroidDriver.findElementByXPath(AndroidDriver.java:1)
	at org.openqa.selenium.By$ByXPath.findElement(By.java:353)
	at org.openqa.selenium.remote.RemoteWebDriver.findElement(RemoteWebDriver.java:315)
	at io.appium.java_client.DefaultGenericMobileDriver.findElement(DefaultGenericMobileDriver.java:58)
	at io.appium.java_client.AppiumDriver.findElement(AppiumDriver.java:1)
	at io.appium.java_client.android.AndroidDriver.findElement(AndroidDriver.java:1)
	at org.openqa.selenium.support.ui.ExpectedConditions$7.apply(ExpectedConditions.java:205)
	at org.openqa.selenium.support.ui.ExpectedConditions$7.apply(ExpectedConditions.java:201)
	at org.openqa.selenium.support.ui.FluentWait.until(FluentWait.java:249)
	at screens.BaseScreen.waitAndFindElement(BaseScreen.java:55)
	at screens.BaseScreen.getText(BaseScreen.java:59)
	at screens.LoginScreen.validIdeaNumberPopup(LoginScreen.java:78)
	at tests.cucumber.steps.LoginSteps.alert_popup_should_be_disaply_as_Failure_in_Vodafone_system(LoginSteps.java:60)
	at sun.reflect.NativeMethodAccessorImpl.invoke0(Native Method)
	at sun.reflect.NativeMethodAccessorImpl.invoke(NativeMethodAccessorImpl.java:62)
	at sun.reflect.DelegatingMethodAccessorImpl.invoke(DelegatingMethodAccessorImpl.java:43)
	at java.lang.reflect.Method.invoke(Method.java:498)
	at cucumber.runtime.Utils$1.call(Utils.java:26)
	at cucumber.runtime.Timeout.timeout(Timeout.java:16)
	at cucumber.runtime.Utils.invoke(Utils.java:20)
	at cucumber.runtime.java.JavaStepDefinition.execute(JavaStepDefinition.java:49)
	at cucumber.runner.PickleStepDefinitionMatch.runStep(PickleStepDefinitionMatch.java:50)
	at cucumber.runner.TestStep.executeStep(TestStep.java:63)
	at cucumber.runner.TestStep.run(TestStep.java:49)
	at cucumber.runner.PickleStepTestStep.run(PickleStepTestStep.java:43)
	at cucumber.runner.TestCase.run(TestCase.java:44)
	at cucumber.runner.Runner.runPickle(Runner.java:40)
	at cucumber.api.testng.TestNGCucumberRunner.runScenario(TestNGCucumberRunner.java:68)
	at tests.cucumber.Runner.RunCucumberFeatures.scenario(RunCucumberFeatures.java:75)
	at sun.reflect.NativeMethodAccessorImpl.invoke0(Native Method)
	at sun.reflect.NativeMethodAccessorImpl.invoke(NativeMethodAccessorImpl.java:62)
	at sun.reflect.DelegatingMethodAccessorImpl.invoke(DelegatingMethodAccessorImpl.java:43)
	at java.lang.reflect.Method.invoke(Method.java:498)
	at org.testng.internal.MethodInvocationHelper.invokeMethod(MethodInvocationHelper.java:124)
	at org.testng.internal.Invoker.invokeMethod(Invoker.java:583)
	at org.testng.internal.Invoker.invokeTestMethod(Invoker.java:719)
	at org.testng.internal.Invoker.invokeTestMethods(Invoker.java:989)
	at org.testng.internal.TestMethodWorker.invokeTestMethods(TestMethodWorker.java:125)
	at org.testng.internal.TestMethodWorker.run(TestMethodWorker.java:109)
	at org.testng.TestRunner.privateRun(TestRunner.java:648)
	at org.testng.TestRunner.run(TestRunner.java:505)
	at org.testng.SuiteRunner.runTest(SuiteRunner.java:455)
	at org.testng.SuiteRunner.access$000(SuiteRunner.java:40)
	at org.testng.SuiteRunner$SuiteWorker.run(SuiteRunner.java:489)
	at org.testng.internal.thread.ThreadUtil$1.call(ThreadUtil.java:52)
	at java.util.concurrent.FutureTask.run(FutureTask.java:266)
	at java.util.concurrent.ThreadPoolExecutor.runWorker(ThreadPoolExecutor.java:1149)
	at java.util.concurrent.ThreadPoolExecutor$Worker.run(ThreadPoolExecutor.java:624)
	at java.lang.Thread.run(Thread.java:748)
</textarea>
        </li>
    </ul>
</div>
<div class='scenario node' test-id='5' status='fail'>
    <div class='category-list'>
        <span class='category label'>@login</span>
    </div>
    <span class='duration right label'>0h 0m 47s+528ms</span>
    <div class="bdd-test">
        <div class="scenario-name"><span class='status fail' title='fail'><i class='material-icons'>cancel</i></span> Scenario: Verify cross number error message</div>
    </div>
    <ul class='steps'>
        <li test-id='6' class='node asterisk pass' status='pass'>
            <div class="step-name" title=""><span class='status pass' title='pass'><i class='material-icons'>check_circle</i></span>LoginSteps.setupLoginSteps()</div>
                <div class="node-step"></div>
        </li>
        <li test-id='7' class='node when pass' status='pass'>
            <div class="step-name" title="LoginSteps.i_am_on_login_screen()"><span class='status pass' title='pass'><i class='material-icons'>check_circle</i></span>When I am on login screen</div>
                <div class="node-step"></div>
        </li>
        <li test-id='13' class='node and pass' status='pass'>
            <div class="step-name" title="LoginSteps.i_enter_number(String)"><span class='status pass' title='pass'><i class='material-icons'>check_circle</i></span>And I enter "798311232" number</div>
                <div class="node-step"></div>
        </li>
        <li test-id='14' class='node then fail' status='fail'>
            <div class="step-name" title="LoginSteps.alert_popup_should_be_disaply_as_Failure_in_Vodafone_system()"><span class='status fail' title='fail'><i class='material-icons'>cancel</i></span>Then Alert popup should be disaply as Please enter a valid Idea number</div>
                <textarea disabled class="code-block">org.openqa.selenium.TimeoutException: Expected condition failed: waiting for visibility of element located by By.xpath: //android.widget.TextView[@text='Please enter a valid Idea number!'] (tried for 30 second(s) with 500 milliseconds interval)
	at org.openqa.selenium.support.ui.WebDriverWait.timeoutException(WebDriverWait.java:95)
	at org.openqa.selenium.support.ui.FluentWait.until(FluentWait.java:272)
	at screens.BaseScreen.waitAndFindElement(BaseScreen.java:55)
	at screens.BaseScreen.getText(BaseScreen.java:59)
	at screens.LoginScreen.validIdeaNumberPopup(LoginScreen.java:78)
	at tests.cucumber.steps.LoginSteps.alert_popup_should_be_disaply_as_Failure_in_Vodafone_system(LoginSteps.java:60)
	at ✽.Alert popup should be disaply as Please enter a valid Idea number(src/test/java/tests/cucumber/features/01login.feature:8)
Caused by: org.openqa.selenium.NoSuchElementException: An element could not be located on the page using the given search parameters. (WARNING: The server did not provide any stacktrace information)
Command duration or timeout: 0 milliseconds
For documentation on this error, please visit: https://www.seleniumhq.org/exceptions/no_such_element.html
Build info: version: '3.141.59', revision: 'e82be7d358', time: '2018-11-14T08:17:03'
System info: host: 'Macs-MacBook-Pro.local', ip: '172.30.178.4', os.name: 'Mac OS X', os.arch: 'x86_64', os.version: '10.13.6', java.version: '1.8.0_144'
Driver info: io.appium.java_client.android.AndroidDriver
Capabilities {app: /home/radmin/build/raid-dat..., appActivity: com.ideacellular.myidea.Mai..., appPackage: com.ideacellular.myidea, automationName: UiAutomator2, databaseEnabled: false, desired: {app: /home/radmin/build/raid-dat..., appActivity: com.ideacellular.myidea.Mai..., appPackage: com.ideacellular.myidea, automationName: UiAutomator2, deviceName: 66, launchTimeout: 90000, newCommandTimeout: 600, pCloudy_ApiKey: crysw3jb36jvdymyz7zq3gzk, pCloudy_ApplicationName: Android_debug_TestIP_Prod_0..., pCloudy_DeviceFullName: Samsung_GalaxyJ7Prime_Andro..., pCloudy_DurationInMinutes: 60, pCloudy_Username: rohitv@iprogrammer.com, platformName: Android, resetKeyboard: true, systemPort: 1058, udid: 330041bbdf247419, unicodeKeyboard: true}, deviceApiLevel: 27, deviceManufacturer: samsung, deviceModel: SM-G610F, deviceName: 330041bbdf247419, deviceScreenDensity: 480, deviceScreenSize: 1080x1920, deviceUDID: 330041bbdf247419, javascriptEnabled: true, launchTimeout: 90000, locationContextEnabled: false, networkConnectionEnabled: true, newCommandTimeout: 600, pCloudy_ApiKey: crysw3jb36jvdymyz7zq3gzk, pCloudy_ApplicationName: Android_debug_TestIP_Prod_0..., pCloudy_DeviceFullName: Samsung_GalaxyJ7Prime_Andro..., pCloudy_DurationInMinutes: 60, pCloudy_Username: rohitv@iprogrammer.com, pixelRatio: 3, platform: LINUX, platformName: Android, platformVersion: 8.1.0, resetKeyboard: true, statBarHeight: 72, systemPort: 1058, takesScreenshot: true, udid: 330041bbdf247419, unicodeKeyboard: true, viewportRect: {height: 1848, left: 0, top: 72, width: 1080}, warnings: {}, webStorageEnabled: false}
Session ID: dff7b2f9-73a9-416e-94a0-2465a6a2a356
*** Element info: {Using=xpath, value=//android.widget.TextView[@text='Please enter a valid Idea number!']}
	at sun.reflect.GeneratedConstructorAccessor26.newInstance(Unknown Source)
	at sun.reflect.DelegatingConstructorAccessorImpl.newInstance(DelegatingConstructorAccessorImpl.java:45)
	at java.lang.reflect.Constructor.newInstance(Constructor.java:423)
	at org.openqa.selenium.remote.ErrorHandler.createThrowable(ErrorHandler.java:214)
	at org.openqa.selenium.remote.ErrorHandler.throwIfResponseFailed(ErrorHandler.java:166)
	at org.openqa.selenium.remote.http.JsonHttpResponseCodec.reconstructValue(JsonHttpResponseCodec.java:40)
	at org.openqa.selenium.remote.http.AbstractHttpResponseCodec.decode(AbstractHttpResponseCodec.java:80)
	at org.openqa.selenium.remote.http.AbstractHttpResponseCodec.decode(AbstractHttpResponseCodec.java:44)
	at org.openqa.selenium.remote.HttpCommandExecutor.execute(HttpCommandExecutor.java:158)
	at io.appium.java_client.remote.AppiumCommandExecutor.execute(AppiumCommandExecutor.java:231)
	at org.openqa.selenium.remote.RemoteWebDriver.execute(RemoteWebDriver.java:552)
	at io.appium.java_client.DefaultGenericMobileDriver.execute(DefaultGenericMobileDriver.java:42)
	at io.appium.java_client.AppiumDriver.execute(AppiumDriver.java:1)
	at io.appium.java_client.android.AndroidDriver.execute(AndroidDriver.java:1)
	at org.openqa.selenium.remote.RemoteWebDriver.findElement(RemoteWebDriver.java:323)
	at io.appium.java_client.DefaultGenericMobileDriver.findElement(DefaultGenericMobileDriver.java:62)
	at io.appium.java_client.AppiumDriver.findElement(AppiumDriver.java:1)
	at io.appium.java_client.android.AndroidDriver.findElement(AndroidDriver.java:1)
	at org.openqa.selenium.remote.RemoteWebDriver.findElementByXPath(RemoteWebDriver.java:428)
	at io.appium.java_client.DefaultGenericMobileDriver.findElementByXPath(DefaultGenericMobileDriver.java:152)
	at io.appium.java_client.AppiumDriver.findElementByXPath(AppiumDriver.java:1)
	at io.appium.java_client.android.AndroidDriver.findElementByXPath(AndroidDriver.java:1)
	at org.openqa.selenium.By$ByXPath.findElement(By.java:353)
	at org.openqa.selenium.remote.RemoteWebDriver.findElement(RemoteWebDriver.java:315)
	at io.appium.java_client.DefaultGenericMobileDriver.findElement(DefaultGenericMobileDriver.java:58)
	at io.appium.java_client.AppiumDriver.findElement(AppiumDriver.java:1)
	at io.appium.java_client.android.AndroidDriver.findElement(AndroidDriver.java:1)
	at org.openqa.selenium.support.ui.ExpectedConditions$7.apply(ExpectedConditions.java:205)
	at org.openqa.selenium.support.ui.ExpectedConditions$7.apply(ExpectedConditions.java:201)
	at org.openqa.selenium.support.ui.FluentWait.until(FluentWait.java:249)
	at screens.BaseScreen.waitAndFindElement(BaseScreen.java:55)
	at screens.BaseScreen.getText(BaseScreen.java:59)
	at screens.LoginScreen.validIdeaNumberPopup(LoginScreen.java:78)
	at tests.cucumber.steps.LoginSteps.alert_popup_should_be_disaply_as_Failure_in_Vodafone_system(LoginSteps.java:60)
	at sun.reflect.NativeMethodAccessorImpl.invoke0(Native Method)
	at sun.reflect.NativeMethodAccessorImpl.invoke(NativeMethodAccessorImpl.java:62)
	at sun.reflect.DelegatingMethodAccessorImpl.invoke(DelegatingMethodAccessorImpl.java:43)
	at java.lang.reflect.Method.invoke(Method.java:498)
	at cucumber.runtime.Utils$1.call(Utils.java:26)
	at cucumber.runtime.Timeout.timeout(Timeout.java:16)
	at cucumber.runtime.Utils.invoke(Utils.java:20)
	at cucumber.runtime.java.JavaStepDefinition.execute(JavaStepDefinition.java:49)
	at cucumber.runner.PickleStepDefinitionMatch.runStep(PickleStepDefinitionMatch.java:50)
	at cucumber.runner.TestStep.executeStep(TestStep.java:63)
	at cucumber.runner.TestStep.run(TestStep.java:49)
	at cucumber.runner.PickleStepTestStep.run(PickleStepTestStep.java:43)
	at cucumber.runner.TestCase.run(TestCase.java:44)
	at cucumber.runner.Runner.runPickle(Runner.java:40)
	at cucumber.api.testng.TestNGCucumberRunner.runScenario(TestNGCucumberRunner.java:68)
	at tests.cucumber.Runner.RunCucumberFeatures.scenario(RunCucumberFeatures.java:75)
	at sun.reflect.NativeMethodAccessorImpl.invoke0(Native Method)
	at sun.reflect.NativeMethodAccessorImpl.invoke(NativeMethodAccessorImpl.java:62)
	at sun.reflect.DelegatingMethodAccessorImpl.invoke(DelegatingMethodAccessorImpl.java:43)
	at java.lang.reflect.Method.invoke(Method.java:498)
	at org.testng.internal.MethodInvocationHelper.invokeMethod(MethodInvocationHelper.java:124)
	at org.testng.internal.Invoker.invokeMethod(Invoker.java:583)
	at org.testng.internal.Invoker.invokeTestMethod(Invoker.java:719)
	at org.testng.internal.Invoker.invokeTestMethods(Invoker.java:989)
	at org.testng.internal.TestMethodWorker.invokeTestMethods(TestMethodWorker.java:125)
	at org.testng.internal.TestMethodWorker.run(TestMethodWorker.java:109)
	at org.testng.TestRunner.privateRun(TestRunner.java:648)
	at org.testng.TestRunner.run(TestRunner.java:505)
	at org.testng.SuiteRunner.runTest(SuiteRunner.java:455)
	at org.testng.SuiteRunner.access$000(SuiteRunner.java:40)
	at org.testng.SuiteRunner$SuiteWorker.run(SuiteRunner.java:489)
	at org.testng.internal.thread.ThreadUtil$1.call(ThreadUtil.java:52)
	at java.util.concurrent.FutureTask.run(FutureTask.java:266)
	at java.util.concurrent.ThreadPoolExecutor.runWorker(ThreadPoolExecutor.java:1149)
	at java.util.concurrent.ThreadPoolExecutor$Worker.run(ThreadPoolExecutor.java:624)
	at java.lang.Thread.run(Thread.java:748)
</textarea>
        </li>
    </ul>
</div>
<div class='scenario node' test-id='10' status='fail'>
    <div class='category-list'>
        <span class='category label'>@login</span>
    </div>
    <span class='duration right label'>0h 0m 33s+776ms</span>
    <div class="bdd-test">
        <div class="scenario-name"><span class='status fail' title='fail'><i class='material-icons'>cancel</i></span> Scenario: Verify cross number error message</div>
    </div>
    <ul class='steps'>
        <li test-id='11' class='node asterisk pass' status='pass'>
            <div class="step-name" title=""><span class='status pass' title='pass'><i class='material-icons'>check_circle</i></span>LoginSteps.setupLoginSteps()</div>
                <div class="node-step"></div>
        </li>
        <li test-id='12' class='node when pass' status='pass'>
            <div class="step-name" title="LoginSteps.i_am_on_login_screen()"><span class='status pass' title='pass'><i class='material-icons'>check_circle</i></span>When I am on login screen</div>
                <div class="node-step"></div>
        </li>
        <li test-id='15' class='node and pass' status='pass'>
            <div class="step-name" title="LoginSteps.i_enter_number(String)"><span class='status pass' title='pass'><i class='material-icons'>check_circle</i></span>And I enter "798311232" number</div>
                <div class="node-step"></div>
        </li>
        <li test-id='16' class='node then fail' status='fail'>
            <div class="step-name" title="LoginSteps.alert_popup_should_be_disaply_as_Failure_in_Vodafone_system()"><span class='status fail' title='fail'><i class='material-icons'>cancel</i></span>Then Alert popup should be disaply as Please enter a valid Idea number</div>
                <textarea disabled class="code-block">org.openqa.selenium.WebDriverException: An unknown server-side error occurred while processing the command. Original error: Could not proxy command to remote server. Original error: Error: socket hang up (WARNING: The server did not provide any stacktrace information)
Command duration or timeout: 0 milliseconds
Build info: version: '3.141.59', revision: 'e82be7d358', time: '2018-11-14T08:17:03'
System info: host: 'Macs-MacBook-Pro.local', ip: '172.30.178.4', os.name: 'Mac OS X', os.arch: 'x86_64', os.version: '10.13.6', java.version: '1.8.0_144'
Driver info: io.appium.java_client.android.AndroidDriver
Capabilities {app: /home/radmin/build/raid-dat..., appActivity: com.ideacellular.myidea.Mai..., appPackage: com.ideacellular.myidea, automationName: UiAutomator2, databaseEnabled: false, desired: {app: /home/radmin/build/raid-dat..., appActivity: com.ideacellular.myidea.Mai..., appPackage: com.ideacellular.myidea, automationName: UiAutomator2, deviceName: 69, launchTimeout: 90000, newCommandTimeout: 600, pCloudy_ApiKey: crysw3jb36jvdymyz7zq3gzk, pCloudy_ApplicationName: Android_debug_TestIP_Prod_0..., pCloudy_DeviceFullName: Xiaomi_RedmiY2_Android_8.1.0, pCloudy_DurationInMinutes: 60, pCloudy_Username: rohitv@iprogrammer.com, platformName: Android, resetKeyboard: true, systemPort: 1110, udid: 52449adb, unicodeKeyboard: true}, deviceApiLevel: 27, deviceManufacturer: Xiaomi, deviceModel: Redmi Y2, deviceName: 52449adb, deviceScreenDensity: 320, deviceScreenSize: 720x1440, deviceUDID: 52449adb, javascriptEnabled: true, launchTimeout: 90000, locationContextEnabled: false, networkConnectionEnabled: true, newCommandTimeout: 600, pCloudy_ApiKey: crysw3jb36jvdymyz7zq3gzk, pCloudy_ApplicationName: Android_debug_TestIP_Prod_0..., pCloudy_DeviceFullName: Xiaomi_RedmiY2_Android_8.1.0, pCloudy_DurationInMinutes: 60, pCloudy_Username: rohitv@iprogrammer.com, pixelRatio: 2, platform: LINUX, platformName: Android, platformVersion: 8.1.0, resetKeyboard: true, statBarHeight: 48, systemPort: 1110, takesScreenshot: true, udid: 52449adb, unicodeKeyboard: true, viewportRect: {height: 1296, left: 0, top: 48, width: 720}, warnings: {}, webStorageEnabled: false}
Session ID: 5e587836-79f5-4580-bee1-3da6d6cbbbc7
*** Element info: {Using=xpath, value=//android.widget.TextView[@text='Please enter a valid Idea number!']}
	at sun.reflect.NativeConstructorAccessorImpl.newInstance0(Native Method)
	at sun.reflect.NativeConstructorAccessorImpl.newInstance(NativeConstructorAccessorImpl.java:62)
	at sun.reflect.DelegatingConstructorAccessorImpl.newInstance(DelegatingConstructorAccessorImpl.java:45)
	at java.lang.reflect.Constructor.newInstance(Constructor.java:423)
	at org.openqa.selenium.remote.ErrorHandler.createThrowable(ErrorHandler.java:214)
	at org.openqa.selenium.remote.ErrorHandler.throwIfResponseFailed(ErrorHandler.java:166)
	at org.openqa.selenium.remote.http.JsonHttpResponseCodec.reconstructValue(JsonHttpResponseCodec.java:40)
	at org.openqa.selenium.remote.http.AbstractHttpResponseCodec.decode(AbstractHttpResponseCodec.java:80)
	at org.openqa.selenium.remote.http.AbstractHttpResponseCodec.decode(AbstractHttpResponseCodec.java:44)
	at org.openqa.selenium.remote.HttpCommandExecutor.execute(HttpCommandExecutor.java:158)
	at io.appium.java_client.remote.AppiumCommandExecutor.execute(AppiumCommandExecutor.java:231)
	at org.openqa.selenium.remote.RemoteWebDriver.execute(RemoteWebDriver.java:552)
	at io.appium.java_client.DefaultGenericMobileDriver.execute(DefaultGenericMobileDriver.java:42)
	at io.appium.java_client.AppiumDriver.execute(AppiumDriver.java:1)
	at io.appium.java_client.android.AndroidDriver.execute(AndroidDriver.java:1)
	at org.openqa.selenium.remote.RemoteWebDriver.findElement(RemoteWebDriver.java:323)
	at io.appium.java_client.DefaultGenericMobileDriver.findElement(DefaultGenericMobileDriver.java:62)
	at io.appium.java_client.AppiumDriver.findElement(AppiumDriver.java:1)
	at io.appium.java_client.android.AndroidDriver.findElement(AndroidDriver.java:1)
	at org.openqa.selenium.remote.RemoteWebDriver.findElementByXPath(RemoteWebDriver.java:428)
	at io.appium.java_client.DefaultGenericMobileDriver.findElementByXPath(DefaultGenericMobileDriver.java:152)
	at io.appium.java_client.AppiumDriver.findElementByXPath(AppiumDriver.java:1)
	at io.appium.java_client.android.AndroidDriver.findElementByXPath(AndroidDriver.java:1)
	at org.openqa.selenium.By$ByXPath.findElement(By.java:353)
	at org.openqa.selenium.remote.RemoteWebDriver.findElement(RemoteWebDriver.java:315)
	at io.appium.java_client.DefaultGenericMobileDriver.findElement(DefaultGenericMobileDriver.java:58)
	at io.appium.java_client.AppiumDriver.findElement(AppiumDriver.java:1)
	at io.appium.java_client.android.AndroidDriver.findElement(AndroidDriver.java:1)
	at org.openqa.selenium.support.ui.ExpectedConditions$7.apply(ExpectedConditions.java:205)
	at org.openqa.selenium.support.ui.ExpectedConditions$7.apply(ExpectedConditions.java:201)
	at org.openqa.selenium.support.ui.FluentWait.until(FluentWait.java:249)
	at screens.BaseScreen.waitAndFindElement(BaseScreen.java:55)
	at screens.BaseScreen.getText(BaseScreen.java:59)
	at screens.LoginScreen.validIdeaNumberPopup(LoginScreen.java:78)
	at tests.cucumber.steps.LoginSteps.alert_popup_should_be_disaply_as_Failure_in_Vodafone_system(LoginSteps.java:60)
	at ✽.Alert popup should be disaply as Please enter a valid Idea number(src/test/java/tests/cucumber/features/01login.feature:8)
</textarea>
        </li>
    </ul>
</div>
<div class='scenario node' test-id='17' status='pass'>
    <div class='category-list'>
        <span class='category label'>@login</span>
    </div>
    <span class='duration right label'>0h 0m 16s+975ms</span>
    <div class="bdd-test">
        <div class="scenario-name"><span class='status pass' title='pass'><i class='material-icons'>check_circle</i></span> Scenario: Verify login functionality with blank text</div>
    </div>
    <ul class='steps'>
        <li test-id='18' class='node asterisk pass' status='pass'>
            <div class="step-name" title=""><span class='status pass' title='pass'><i class='material-icons'>check_circle</i></span>LoginSteps.setupLoginSteps()</div>
                <div class="node-step"></div>
        </li>
        <li test-id='19' class='node when pass' status='pass'>
            <div class="step-name" title="LoginSteps.i_am_on_login_screen()"><span class='status pass' title='pass'><i class='material-icons'>check_circle</i></span>When I am on login screen</div>
                <div class="node-step"></div>
        </li>
        <li test-id='23' class='node and pass' status='pass'>
            <div class="step-name" title="LoginSteps.iClickGirisYapButton()"><span class='status pass' title='pass'><i class='material-icons'>check_circle</i></span>And I click on Enter Number textbox</div>
                <div class="node-step"></div>
        </li>
        <li test-id='24' class='node then pass' status='pass'>
            <div class="step-name" title="LoginSteps.user_should_not_able_to_login()"><span class='status pass' title='pass'><i class='material-icons'>check_circle</i></span>Then User should not able to login</div>
                <div class="node-step"></div>
        </li>
    </ul>
</div>
<div class='scenario node' test-id='20' status='pass'>
    <div class='category-list'>
        <span class='category label'>@login</span>
    </div>
    <span class='duration right label'>0h 0m 18s+779ms</span>
    <div class="bdd-test">
        <div class="scenario-name"><span class='status pass' title='pass'><i class='material-icons'>check_circle</i></span> Scenario: Verify login functionality with blank text</div>
    </div>
    <ul class='steps'>
        <li test-id='21' class='node asterisk pass' status='pass'>
            <div class="step-name" title=""><span class='status pass' title='pass'><i class='material-icons'>check_circle</i></span>LoginSteps.setupLoginSteps()</div>
                <div class="node-step"></div>
        </li>
        <li test-id='22' class='node when pass' status='pass'>
            <div class="step-name" title="LoginSteps.i_am_on_login_screen()"><span class='status pass' title='pass'><i class='material-icons'>check_circle</i></span>When I am on login screen</div>
                <div class="node-step"></div>
        </li>
        <li test-id='25' class='node and pass' status='pass'>
            <div class="step-name" title="LoginSteps.iClickGirisYapButton()"><span class='status pass' title='pass'><i class='material-icons'>check_circle</i></span>And I click on Enter Number textbox</div>
                <div class="node-step"></div>
        </li>
        <li test-id='26' class='node then pass' status='pass'>
            <div class="step-name" title="LoginSteps.user_should_not_able_to_login()"><span class='status pass' title='pass'><i class='material-icons'>check_circle</i></span>Then User should not able to login</div>
                <div class="node-step"></div>
        </li>
    </ul>
</div>
<div class='scenario node' test-id='27' status='fail'>
    <div class='category-list'>
        <span class='category label'>@login</span>
    </div>
    <span class='duration right label'>0h 0m 23s+963ms</span>
    <div class="bdd-test">
        <div class="scenario-name"><span class='status fail' title='fail'><i class='material-icons'>cancel</i></span> Scenario: Verify if there is a cross icon available to erase the entered text</div>
    </div>
    <ul class='steps'>
        <li test-id='28' class='node asterisk pass' status='pass'>
            <div class="step-name" title=""><span class='status pass' title='pass'><i class='material-icons'>check_circle</i></span>LoginSteps.setupLoginSteps()</div>
                <div class="node-step"></div>
        </li>
        <li test-id='29' class='node when pass' status='pass'>
            <div class="step-name" title="LoginSteps.i_am_on_login_screen()"><span class='status pass' title='pass'><i class='material-icons'>check_circle</i></span>When I am on login screen</div>
                <div class="node-step"></div>
        </li>
        <li test-id='33' class='node and pass' status='pass'>
            <div class="step-name" title="LoginSteps.i_enter_number(String)"><span class='status pass' title='pass'><i class='material-icons'>check_circle</i></span>And I enter "8983112334" number</div>
                <div class="node-step"></div>
        </li>
        <li test-id='34' class='node then fail' status='fail'>
            <div class="step-name" title="LoginSteps.User_should_click_on_cancel_icon_and_verify_textbox_is_empty()"><span class='status fail' title='fail'><i class='material-icons'>cancel</i></span>Then User should click on cancel icon and verify textbox is empty</div>
                <textarea disabled class="code-block">java.lang.AssertionError: expected [true] but found [false]
	at org.testng.Assert.fail(Assert.java:96)
	at org.testng.Assert.failNotEquals(Assert.java:776)
	at org.testng.Assert.assertTrue(Assert.java:44)
	at org.testng.Assert.assertTrue(Assert.java:54)
	at screens.LoginScreen.clickOnCancelIcon(LoginScreen.java:91)
	at tests.cucumber.steps.LoginSteps.User_should_click_on_cancel_icon_and_verify_textbox_is_empty(LoginSteps.java:72)
	at ✽.User should click on cancel icon and verify textbox is empty(src/test/java/tests/cucumber/features/01login.feature:20)
</textarea>
        </li>
    </ul>
</div>
<div class='scenario node' test-id='30' status='fail'>
    <div class='category-list'>
        <span class='category label'>@login</span>
    </div>
    <span class='duration right label'>0h 0m 19s+126ms</span>
    <div class="bdd-test">
        <div class="scenario-name"><span class='status fail' title='fail'><i class='material-icons'>cancel</i></span> Scenario: Verify if there is a cross icon available to erase the entered text</div>
    </div>
    <ul class='steps'>
        <li test-id='31' class='node asterisk pass' status='pass'>
            <div class="step-name" title=""><span class='status pass' title='pass'><i class='material-icons'>check_circle</i></span>LoginSteps.setupLoginSteps()</div>
                <div class="node-step"></div>
        </li>
        <li test-id='32' class='node when pass' status='pass'>
            <div class="step-name" title="LoginSteps.i_am_on_login_screen()"><span class='status pass' title='pass'><i class='material-icons'>check_circle</i></span>When I am on login screen</div>
                <div class="node-step"></div>
        </li>
        <li test-id='35' class='node and pass' status='pass'>
            <div class="step-name" title="LoginSteps.i_enter_number(String)"><span class='status pass' title='pass'><i class='material-icons'>check_circle</i></span>And I enter "8983112334" number</div>
                <div class="node-step"></div>
        </li>
        <li test-id='39' class='node then fail' status='fail'>
            <div class="step-name" title="LoginSteps.User_should_click_on_cancel_icon_and_verify_textbox_is_empty()"><span class='status fail' title='fail'><i class='material-icons'>cancel</i></span>Then User should click on cancel icon and verify textbox is empty</div>
                <textarea disabled class="code-block">java.lang.AssertionError: expected [true] but found [false]
	at org.testng.Assert.fail(Assert.java:96)
	at org.testng.Assert.failNotEquals(Assert.java:776)
	at org.testng.Assert.assertTrue(Assert.java:44)
	at org.testng.Assert.assertTrue(Assert.java:54)
	at screens.LoginScreen.clickOnCancelIcon(LoginScreen.java:91)
	at tests.cucumber.steps.LoginSteps.User_should_click_on_cancel_icon_and_verify_textbox_is_empty(LoginSteps.java:72)
	at ✽.User should click on cancel icon and verify textbox is empty(src/test/java/tests/cucumber/features/01login.feature:20)
</textarea>
        </li>
    </ul>
</div>
<div class='scenario node' test-id='36' status='fail'>
    <div class='category-list'>
        <span class='category label'>@login</span>
    </div>
    <span class='duration right label'>0h 0m 39s+957ms</span>
    <div class="bdd-test">
        <div class="scenario-name"><span class='status fail' title='fail'><i class='material-icons'>cancel</i></span> Scenario: Verify cross number error message</div>
    </div>
    <ul class='steps'>
        <li test-id='37' class='node asterisk pass' status='pass'>
            <div class="step-name" title=""><span class='status pass' title='pass'><i class='material-icons'>check_circle</i></span>LoginSteps.setupLoginSteps()</div>
                <div class="node-step"></div>
        </li>
        <li test-id='38' class='node when pass' status='pass'>
            <div class="step-name" title="LoginSteps.i_am_on_login_screen()"><span class='status pass' title='pass'><i class='material-icons'>check_circle</i></span>When I am on login screen</div>
                <div class="node-step"></div>
        </li>
        <li test-id='40' class='node and pass' status='pass'>
            <div class="step-name" title="LoginSteps.i_enter_number(String)"><span class='status pass' title='pass'><i class='material-icons'>check_circle</i></span>And I enter "798311232" number</div>
                <div class="node-step"></div>
        </li>
        <li test-id='41' class='node then fail' status='fail'>
            <div class="step-name" title="LoginSteps.alert_popup_should_be_disaply_as_Failure_in_Vodafone_system()"><span class='status fail' title='fail'><i class='material-icons'>cancel</i></span>Then Alert popup should be disaply as Please enter a valid Idea number</div>
                <textarea disabled class="code-block">org.openqa.selenium.TimeoutException: Expected condition failed: waiting for visibility of element located by By.xpath: //android.widget.TextView[@text='Please enter a valid Idea number!'] (tried for 30 second(s) with 500 milliseconds interval)
	at org.openqa.selenium.support.ui.WebDriverWait.timeoutException(WebDriverWait.java:95)
	at org.openqa.selenium.support.ui.FluentWait.until(FluentWait.java:272)
	at screens.BaseScreen.waitAndFindElement(BaseScreen.java:55)
	at screens.BaseScreen.getText(BaseScreen.java:59)
	at screens.LoginScreen.validIdeaNumberPopup(LoginScreen.java:78)
	at tests.cucumber.steps.LoginSteps.alert_popup_should_be_disaply_as_Failure_in_Vodafone_system(LoginSteps.java:60)
	at ✽.Alert popup should be disaply as Please enter a valid Idea number(src/test/java/tests/cucumber/features/01login.feature:8)
Caused by: org.openqa.selenium.NoSuchElementException: An element could not be located on the page using the given search parameters. (WARNING: The server did not provide any stacktrace information)
Command duration or timeout: 0 milliseconds
For documentation on this error, please visit: https://www.seleniumhq.org/exceptions/no_such_element.html
Build info: version: '3.141.59', revision: 'e82be7d358', time: '2018-11-14T08:17:03'
System info: host: 'Macs-MacBook-Pro.local', ip: '172.30.178.4', os.name: 'Mac OS X', os.arch: 'x86_64', os.version: '10.13.6', java.version: '1.8.0_144'
Driver info: io.appium.java_client.android.AndroidDriver
Capabilities {app: /home/radmin/build/raid-dat..., appActivity: com.ideacellular.myidea.Mai..., appPackage: com.ideacellular.myidea, automationName: UiAutomator2, databaseEnabled: false, desired: {app: /home/radmin/build/raid-dat..., appActivity: com.ideacellular.myidea.Mai..., appPackage: com.ideacellular.myidea, automationName: UiAutomator2, deviceName: 72, launchTimeout: 90000, newCommandTimeout: 600, pCloudy_ApiKey: crysw3jb36jvdymyz7zq3gzk, pCloudy_ApplicationName: Android_debug_TestIP_Prod_0..., pCloudy_DeviceFullName: Samsung_GalaxyS10_Android_9..., pCloudy_DurationInMinutes: 60, pCloudy_Username: rohitv@iprogrammer.com, platformName: Android, resetKeyboard: true, systemPort: 1080, udid: RZ8M2173PEF, unicodeKeyboard: true}, deviceApiLevel: 28, deviceManufacturer: samsung, deviceModel: SM-G973F, deviceName: RZ8M2173PEF, deviceScreenDensity: 420, deviceScreenSize: 1440x3040, deviceUDID: RZ8M2173PEF, javascriptEnabled: true, launchTimeout: 90000, locationContextEnabled: false, networkConnectionEnabled: true, newCommandTimeout: 600, pCloudy_ApiKey: crysw3jb36jvdymyz7zq3gzk, pCloudy_ApplicationName: Android_debug_TestIP_Prod_0..., pCloudy_DeviceFullName: Samsung_GalaxyS10_Android_9..., pCloudy_DurationInMinutes: 60, pCloudy_Username: rohitv@iprogrammer.com, pixelRatio: 2.625, platform: LINUX, platformName: Android, platformVersion: 9, resetKeyboard: true, statBarHeight: 150, systemPort: 1080, takesScreenshot: true, udid: RZ8M2173PEF, unicodeKeyboard: true, viewportRect: {height: 2615, left: 0, top: 150, width: 1440}, warnings: {}, webStorageEnabled: false}
Session ID: 6712f4c2-2fa0-4317-8683-8d6a0abf419e
*** Element info: {Using=xpath, value=//android.widget.TextView[@text='Please enter a valid Idea number!']}
	at sun.reflect.GeneratedConstructorAccessor26.newInstance(Unknown Source)
	at sun.reflect.DelegatingConstructorAccessorImpl.newInstance(DelegatingConstructorAccessorImpl.java:45)
	at java.lang.reflect.Constructor.newInstance(Constructor.java:423)
	at org.openqa.selenium.remote.ErrorHandler.createThrowable(ErrorHandler.java:214)
	at org.openqa.selenium.remote.ErrorHandler.throwIfResponseFailed(ErrorHandler.java:166)
	at org.openqa.selenium.remote.http.JsonHttpResponseCodec.reconstructValue(JsonHttpResponseCodec.java:40)
	at org.openqa.selenium.remote.http.AbstractHttpResponseCodec.decode(AbstractHttpResponseCodec.java:80)
	at org.openqa.selenium.remote.http.AbstractHttpResponseCodec.decode(AbstractHttpResponseCodec.java:44)
	at org.openqa.selenium.remote.HttpCommandExecutor.execute(HttpCommandExecutor.java:158)
	at io.appium.java_client.remote.AppiumCommandExecutor.execute(AppiumCommandExecutor.java:231)
	at org.openqa.selenium.remote.RemoteWebDriver.execute(RemoteWebDriver.java:552)
	at io.appium.java_client.DefaultGenericMobileDriver.execute(DefaultGenericMobileDriver.java:42)
	at io.appium.java_client.AppiumDriver.execute(AppiumDriver.java:1)
	at io.appium.java_client.android.AndroidDriver.execute(AndroidDriver.java:1)
	at org.openqa.selenium.remote.RemoteWebDriver.findElement(RemoteWebDriver.java:323)
	at io.appium.java_client.DefaultGenericMobileDriver.findElement(DefaultGenericMobileDriver.java:62)
	at io.appium.java_client.AppiumDriver.findElement(AppiumDriver.java:1)
	at io.appium.java_client.android.AndroidDriver.findElement(AndroidDriver.java:1)
	at org.openqa.selenium.remote.RemoteWebDriver.findElementByXPath(RemoteWebDriver.java:428)
	at io.appium.java_client.DefaultGenericMobileDriver.findElementByXPath(DefaultGenericMobileDriver.java:152)
	at io.appium.java_client.AppiumDriver.findElementByXPath(AppiumDriver.java:1)
	at io.appium.java_client.android.AndroidDriver.findElementByXPath(AndroidDriver.java:1)
	at org.openqa.selenium.By$ByXPath.findElement(By.java:353)
	at org.openqa.selenium.remote.RemoteWebDriver.findElement(RemoteWebDriver.java:315)
	at io.appium.java_client.DefaultGenericMobileDriver.findElement(DefaultGenericMobileDriver.java:58)
	at io.appium.java_client.AppiumDriver.findElement(AppiumDriver.java:1)
	at io.appium.java_client.android.AndroidDriver.findElement(AndroidDriver.java:1)
	at org.openqa.selenium.support.ui.ExpectedConditions$7.apply(ExpectedConditions.java:205)
	at org.openqa.selenium.support.ui.ExpectedConditions$7.apply(ExpectedConditions.java:201)
	at org.openqa.selenium.support.ui.FluentWait.until(FluentWait.java:249)
	at screens.BaseScreen.waitAndFindElement(BaseScreen.java:55)
	at screens.BaseScreen.getText(BaseScreen.java:59)
	at screens.LoginScreen.validIdeaNumberPopup(LoginScreen.java:78)
	at tests.cucumber.steps.LoginSteps.alert_popup_should_be_disaply_as_Failure_in_Vodafone_system(LoginSteps.java:60)
	at sun.reflect.NativeMethodAccessorImpl.invoke0(Native Method)
	at sun.reflect.NativeMethodAccessorImpl.invoke(NativeMethodAccessorImpl.java:62)
	at sun.reflect.DelegatingMethodAccessorImpl.invoke(DelegatingMethodAccessorImpl.java:43)
	at java.lang.reflect.Method.invoke(Method.java:498)
	at cucumber.runtime.Utils$1.call(Utils.java:26)
	at cucumber.runtime.Timeout.timeout(Timeout.java:16)
	at cucumber.runtime.Utils.invoke(Utils.java:20)
	at cucumber.runtime.java.JavaStepDefinition.execute(JavaStepDefinition.java:49)
	at cucumber.runner.PickleStepDefinitionMatch.runStep(PickleStepDefinitionMatch.java:50)
	at cucumber.runner.TestStep.executeStep(TestStep.java:63)
	at cucumber.runner.TestStep.run(TestStep.java:49)
	at cucumber.runner.PickleStepTestStep.run(PickleStepTestStep.java:43)
	at cucumber.runner.TestCase.run(TestCase.java:44)
	at cucumber.runner.Runner.runPickle(Runner.java:40)
	at cucumber.api.testng.TestNGCucumberRunner.runScenario(TestNGCucumberRunner.java:68)
	at tests.cucumber.Runner.RunCucumberFeatures.scenario(RunCucumberFeatures.java:75)
	at sun.reflect.NativeMethodAccessorImpl.invoke0(Native Method)
	at sun.reflect.NativeMethodAccessorImpl.invoke(NativeMethodAccessorImpl.java:62)
	at sun.reflect.DelegatingMethodAccessorImpl.invoke(DelegatingMethodAccessorImpl.java:43)
	at java.lang.reflect.Method.invoke(Method.java:498)
	at org.testng.internal.MethodInvocationHelper.invokeMethod(MethodInvocationHelper.java:124)
	at org.testng.internal.Invoker.invokeMethod(Invoker.java:583)
	at org.testng.internal.Invoker.invokeTestMethod(Invoker.java:719)
	at org.testng.internal.Invoker.invokeTestMethods(Invoker.java:989)
	at org.testng.internal.TestMethodWorker.invokeTestMethods(TestMethodWorker.java:125)
	at org.testng.internal.TestMethodWorker.run(TestMethodWorker.java:109)
	at org.testng.TestRunner.privateRun(TestRunner.java:648)
	at org.testng.TestRunner.run(TestRunner.java:505)
	at org.testng.SuiteRunner.runTest(SuiteRunner.java:455)
	at org.testng.SuiteRunner.access$000(SuiteRunner.java:40)
	at org.testng.SuiteRunner$SuiteWorker.run(SuiteRunner.java:489)
	at org.testng.internal.thread.ThreadUtil$1.call(ThreadUtil.java:52)
	at java.util.concurrent.FutureTask.run(FutureTask.java:266)
	at java.util.concurrent.ThreadPoolExecutor.runWorker(ThreadPoolExecutor.java:1149)
	at java.util.concurrent.ThreadPoolExecutor$Worker.run(ThreadPoolExecutor.java:624)
	at java.lang.Thread.run(Thread.java:748)
</textarea>
        </li>
    </ul>
</div>
<div class='scenario node' test-id='42' status='fail'>
    <div class='category-list'>
        <span class='category label'>@login</span>
    </div>
    <span class='duration right label'>0h 0m 41s+612ms</span>
    <div class="bdd-test">
        <div class="scenario-name"><span class='status fail' title='fail'><i class='material-icons'>cancel</i></span> Scenario: Verify cross number error message</div>
    </div>
    <ul class='steps'>
        <li test-id='43' class='node asterisk pass' status='pass'>
            <div class="step-name" title=""><span class='status pass' title='pass'><i class='material-icons'>check_circle</i></span>LoginSteps.setupLoginSteps()</div>
                <div class="node-step"></div>
        </li>
        <li test-id='44' class='node when pass' status='pass'>
            <div class="step-name" title="LoginSteps.i_am_on_login_screen()"><span class='status pass' title='pass'><i class='material-icons'>check_circle</i></span>When I am on login screen</div>
                <div class="node-step"></div>
        </li>
        <li test-id='48' class='node and pass' status='pass'>
            <div class="step-name" title="LoginSteps.i_enter_number(String)"><span class='status pass' title='pass'><i class='material-icons'>check_circle</i></span>And I enter "798311232" number</div>
                <div class="node-step"></div>
        </li>
        <li test-id='50' class='node then fail' status='fail'>
            <div class="step-name" title="LoginSteps.alert_popup_should_be_disaply_as_Failure_in_Vodafone_system()"><span class='status fail' title='fail'><i class='material-icons'>cancel</i></span>Then Alert popup should be disaply as Please enter a valid Idea number</div>
                <textarea disabled class="code-block">org.openqa.selenium.TimeoutException: Expected condition failed: waiting for visibility of element located by By.xpath: //android.widget.TextView[@text='Please enter a valid Idea number!'] (tried for 30 second(s) with 500 milliseconds interval)
	at org.openqa.selenium.support.ui.WebDriverWait.timeoutException(WebDriverWait.java:95)
	at org.openqa.selenium.support.ui.FluentWait.until(FluentWait.java:272)
	at screens.BaseScreen.waitAndFindElement(BaseScreen.java:55)
	at screens.BaseScreen.getText(BaseScreen.java:59)
	at screens.LoginScreen.validIdeaNumberPopup(LoginScreen.java:78)
	at tests.cucumber.steps.LoginSteps.alert_popup_should_be_disaply_as_Failure_in_Vodafone_system(LoginSteps.java:60)
	at ✽.Alert popup should be disaply as Please enter a valid Idea number(src/test/java/tests/cucumber/features/01login.feature:8)
Caused by: org.openqa.selenium.NoSuchElementException: An element could not be located on the page using the given search parameters. (WARNING: The server did not provide any stacktrace information)
Command duration or timeout: 0 milliseconds
For documentation on this error, please visit: https://www.seleniumhq.org/exceptions/no_such_element.html
Build info: version: '3.141.59', revision: 'e82be7d358', time: '2018-11-14T08:17:03'
System info: host: 'Macs-MacBook-Pro.local', ip: '172.30.178.4', os.name: 'Mac OS X', os.arch: 'x86_64', os.version: '10.13.6', java.version: '1.8.0_144'
Driver info: io.appium.java_client.android.AndroidDriver
Capabilities {app: /home/radmin/build/raid-dat..., appActivity: com.ideacellular.myidea.Mai..., appPackage: com.ideacellular.myidea, automationName: UiAutomator2, databaseEnabled: false, desired: {app: /home/radmin/build/raid-dat..., appActivity: com.ideacellular.myidea.Mai..., appPackage: com.ideacellular.myidea, automationName: UiAutomator2, deviceName: 88, launchTimeout: 90000, newCommandTimeout: 600, pCloudy_ApiKey: crysw3jb36jvdymyz7zq3gzk, pCloudy_ApplicationName: Android_debug_TestIP_Prod_0..., pCloudy_DeviceFullName: Huawei_Honor8X_Android_9.0.0, pCloudy_DurationInMinutes: 60, pCloudy_Username: rohitv@iprogrammer.com, platformName: Android, resetKeyboard: true, systemPort: 1095, udid: THC3Y18B29012322, unicodeKeyboard: true}, deviceApiLevel: 28, deviceManufacturer: HUAWEI, deviceModel: JSN-L42, deviceName: THC3Y18B29012322, deviceScreenDensity: 480, deviceScreenSize: 1080x2340, deviceUDID: THC3Y18B29012322, javascriptEnabled: true, launchTimeout: 90000, locationContextEnabled: false, networkConnectionEnabled: true, newCommandTimeout: 600, pCloudy_ApiKey: crysw3jb36jvdymyz7zq3gzk, pCloudy_ApplicationName: Android_debug_TestIP_Prod_0..., pCloudy_DeviceFullName: Huawei_Honor8X_Android_9.0.0, pCloudy_DurationInMinutes: 60, pCloudy_Username: rohitv@iprogrammer.com, pixelRatio: 3, platform: LINUX, platformName: Android, platformVersion: 9, resetKeyboard: true, statBarHeight: 85, systemPort: 1095, takesScreenshot: true, udid: THC3Y18B29012322, unicodeKeyboard: true, viewportRect: {height: 2052, left: 0, top: 85, width: 1080}, warnings: {}, webStorageEnabled: false}
Session ID: 07949ccb-26d9-4512-84f3-17b21b649243
*** Element info: {Using=xpath, value=//android.widget.TextView[@text='Please enter a valid Idea number!']}
	at sun.reflect.GeneratedConstructorAccessor26.newInstance(Unknown Source)
	at sun.reflect.DelegatingConstructorAccessorImpl.newInstance(DelegatingConstructorAccessorImpl.java:45)
	at java.lang.reflect.Constructor.newInstance(Constructor.java:423)
	at org.openqa.selenium.remote.ErrorHandler.createThrowable(ErrorHandler.java:214)
	at org.openqa.selenium.remote.ErrorHandler.throwIfResponseFailed(ErrorHandler.java:166)
	at org.openqa.selenium.remote.http.JsonHttpResponseCodec.reconstructValue(JsonHttpResponseCodec.java:40)
	at org.openqa.selenium.remote.http.AbstractHttpResponseCodec.decode(AbstractHttpResponseCodec.java:80)
	at org.openqa.selenium.remote.http.AbstractHttpResponseCodec.decode(AbstractHttpResponseCodec.java:44)
	at org.openqa.selenium.remote.HttpCommandExecutor.execute(HttpCommandExecutor.java:158)
	at io.appium.java_client.remote.AppiumCommandExecutor.execute(AppiumCommandExecutor.java:231)
	at org.openqa.selenium.remote.RemoteWebDriver.execute(RemoteWebDriver.java:552)
	at io.appium.java_client.DefaultGenericMobileDriver.execute(DefaultGenericMobileDriver.java:42)
	at io.appium.java_client.AppiumDriver.execute(AppiumDriver.java:1)
	at io.appium.java_client.android.AndroidDriver.execute(AndroidDriver.java:1)
	at org.openqa.selenium.remote.RemoteWebDriver.findElement(RemoteWebDriver.java:323)
	at io.appium.java_client.DefaultGenericMobileDriver.findElement(DefaultGenericMobileDriver.java:62)
	at io.appium.java_client.AppiumDriver.findElement(AppiumDriver.java:1)
	at io.appium.java_client.android.AndroidDriver.findElement(AndroidDriver.java:1)
	at org.openqa.selenium.remote.RemoteWebDriver.findElementByXPath(RemoteWebDriver.java:428)
	at io.appium.java_client.DefaultGenericMobileDriver.findElementByXPath(DefaultGenericMobileDriver.java:152)
	at io.appium.java_client.AppiumDriver.findElementByXPath(AppiumDriver.java:1)
	at io.appium.java_client.android.AndroidDriver.findElementByXPath(AndroidDriver.java:1)
	at org.openqa.selenium.By$ByXPath.findElement(By.java:353)
	at org.openqa.selenium.remote.RemoteWebDriver.findElement(RemoteWebDriver.java:315)
	at io.appium.java_client.DefaultGenericMobileDriver.findElement(DefaultGenericMobileDriver.java:58)
	at io.appium.java_client.AppiumDriver.findElement(AppiumDriver.java:1)
	at io.appium.java_client.android.AndroidDriver.findElement(AndroidDriver.java:1)
	at org.openqa.selenium.support.ui.ExpectedConditions$7.apply(ExpectedConditions.java:205)
	at org.openqa.selenium.support.ui.ExpectedConditions$7.apply(ExpectedConditions.java:201)
	at org.openqa.selenium.support.ui.FluentWait.until(FluentWait.java:249)
	at screens.BaseScreen.waitAndFindElement(BaseScreen.java:55)
	at screens.BaseScreen.getText(BaseScreen.java:59)
	at screens.LoginScreen.validIdeaNumberPopup(LoginScreen.java:78)
	at tests.cucumber.steps.LoginSteps.alert_popup_should_be_disaply_as_Failure_in_Vodafone_system(LoginSteps.java:60)
	at sun.reflect.NativeMethodAccessorImpl.invoke0(Native Method)
	at sun.reflect.NativeMethodAccessorImpl.invoke(NativeMethodAccessorImpl.java:62)
	at sun.reflect.DelegatingMethodAccessorImpl.invoke(DelegatingMethodAccessorImpl.java:43)
	at java.lang.reflect.Method.invoke(Method.java:498)
	at cucumber.runtime.Utils$1.call(Utils.java:26)
	at cucumber.runtime.Timeout.timeout(Timeout.java:16)
	at cucumber.runtime.Utils.invoke(Utils.java:20)
	at cucumber.runtime.java.JavaStepDefinition.execute(JavaStepDefinition.java:49)
	at cucumber.runner.PickleStepDefinitionMatch.runStep(PickleStepDefinitionMatch.java:50)
	at cucumber.runner.TestStep.executeStep(TestStep.java:63)
	at cucumber.runner.TestStep.run(TestStep.java:49)
	at cucumber.runner.PickleStepTestStep.run(PickleStepTestStep.java:43)
	at cucumber.runner.TestCase.run(TestCase.java:44)
	at cucumber.runner.Runner.runPickle(Runner.java:40)
	at cucumber.api.testng.TestNGCucumberRunner.runScenario(TestNGCucumberRunner.java:68)
	at tests.cucumber.Runner.RunCucumberFeatures.scenario(RunCucumberFeatures.java:75)
	at sun.reflect.NativeMethodAccessorImpl.invoke0(Native Method)
	at sun.reflect.NativeMethodAccessorImpl.invoke(NativeMethodAccessorImpl.java:62)
	at sun.reflect.DelegatingMethodAccessorImpl.invoke(DelegatingMethodAccessorImpl.java:43)
	at java.lang.reflect.Method.invoke(Method.java:498)
	at org.testng.internal.MethodInvocationHelper.invokeMethod(MethodInvocationHelper.java:124)
	at org.testng.internal.Invoker.invokeMethod(Invoker.java:583)
	at org.testng.internal.Invoker.invokeTestMethod(Invoker.java:719)
	at org.testng.internal.Invoker.invokeTestMethods(Invoker.java:989)
	at org.testng.internal.TestMethodWorker.invokeTestMethods(TestMethodWorker.java:125)
	at org.testng.internal.TestMethodWorker.run(TestMethodWorker.java:109)
	at org.testng.TestRunner.privateRun(TestRunner.java:648)
	at org.testng.TestRunner.run(TestRunner.java:505)
	at org.testng.SuiteRunner.runTest(SuiteRunner.java:455)
	at org.testng.SuiteRunner.access$000(SuiteRunner.java:40)
	at org.testng.SuiteRunner$SuiteWorker.run(SuiteRunner.java:489)
	at org.testng.internal.thread.ThreadUtil$1.call(ThreadUtil.java:52)
	at java.util.concurrent.FutureTask.run(FutureTask.java:266)
	at java.util.concurrent.ThreadPoolExecutor.runWorker(ThreadPoolExecutor.java:1149)
	at java.util.concurrent.ThreadPoolExecutor$Worker.run(ThreadPoolExecutor.java:624)
	at java.lang.Thread.run(Thread.java:748)
</textarea>
        </li>
    </ul>
</div>
<div class='scenario node' test-id='45' status='pass'>
    <div class='category-list'>
        <span class='category label'>@login</span>
    </div>
    <span class='duration right label'>0h 0m 8s+778ms</span>
    <div class="bdd-test">
        <div class="scenario-name"><span class='status pass' title='pass'><i class='material-icons'>check_circle</i></span> Scenario: Verify login functionality with blank text</div>
    </div>
    <ul class='steps'>
        <li test-id='46' class='node asterisk pass' status='pass'>
            <div class="step-name" title=""><span class='status pass' title='pass'><i class='material-icons'>check_circle</i></span>LoginSteps.setupLoginSteps()</div>
                <div class="node-step"></div>
        </li>
        <li test-id='47' class='node when pass' status='pass'>
            <div class="step-name" title="LoginSteps.i_am_on_login_screen()"><span class='status pass' title='pass'><i class='material-icons'>check_circle</i></span>When I am on login screen</div>
                <div class="node-step"></div>
        </li>
        <li test-id='49' class='node and pass' status='pass'>
            <div class="step-name" title="LoginSteps.iClickGirisYapButton()"><span class='status pass' title='pass'><i class='material-icons'>check_circle</i></span>And I click on Enter Number textbox</div>
                <div class="node-step"></div>
        </li>
        <li test-id='51' class='node then pass' status='pass'>
            <div class="step-name" title="LoginSteps.user_should_not_able_to_login()"><span class='status pass' title='pass'><i class='material-icons'>check_circle</i></span>Then User should not able to login</div>
                <div class="node-step"></div>
        </li>
    </ul>
</div>
<div class='scenario node' test-id='52' status='pass'>
    <div class='category-list'>
        <span class='category label'>@login</span>
    </div>
    <span class='duration right label'>0h 0m 11s+302ms</span>
    <div class="bdd-test">
        <div class="scenario-name"><span class='status pass' title='pass'><i class='material-icons'>check_circle</i></span> Scenario: Verify if there is a cross icon available to erase the entered text</div>
    </div>
    <ul class='steps'>
        <li test-id='53' class='node asterisk pass' status='pass'>
            <div class="step-name" title=""><span class='status pass' title='pass'><i class='material-icons'>check_circle</i></span>LoginSteps.setupLoginSteps()</div>
                <div class="node-step"></div>
        </li>
        <li test-id='54' class='node when pass' status='pass'>
            <div class="step-name" title="LoginSteps.i_am_on_login_screen()"><span class='status pass' title='pass'><i class='material-icons'>check_circle</i></span>When I am on login screen</div>
                <div class="node-step"></div>
        </li>
        <li test-id='55' class='node and pass' status='pass'>
            <div class="step-name" title="LoginSteps.i_enter_number(String)"><span class='status pass' title='pass'><i class='material-icons'>check_circle</i></span>And I enter "8983112334" number</div>
                <div class="node-step"></div>
        </li>
        <li test-id='56' class='node then pass' status='pass'>
            <div class="step-name" title="LoginSteps.User_should_click_on_cancel_icon_and_verify_textbox_is_empty()"><span class='status pass' title='pass'><i class='material-icons'>check_circle</i></span>Then User should click on cancel icon and verify textbox is empty</div>
                <div class="node-step"></div>
        </li>
    </ul>
</div>
<div class='scenario node' test-id='57' status='pass'>
    <div class='category-list'>
        <span class='category label'>@login</span>
    </div>
    <span class='duration right label'>0h 0m 9s+944ms</span>
    <div class="bdd-test">
        <div class="scenario-name"><span class='status pass' title='pass'><i class='material-icons'>check_circle</i></span> Scenario: Verify login functionality with blank text</div>
    </div>
    <ul class='steps'>
        <li test-id='58' class='node asterisk pass' status='pass'>
            <div class="step-name" title=""><span class='status pass' title='pass'><i class='material-icons'>check_circle</i></span>LoginSteps.setupLoginSteps()</div>
                <div class="node-step"></div>
        </li>
        <li test-id='59' class='node when pass' status='pass'>
            <div class="step-name" title="LoginSteps.i_am_on_login_screen()"><span class='status pass' title='pass'><i class='material-icons'>check_circle</i></span>When I am on login screen</div>
                <div class="node-step"></div>
        </li>
        <li test-id='60' class='node and pass' status='pass'>
            <div class="step-name" title="LoginSteps.iClickGirisYapButton()"><span class='status pass' title='pass'><i class='material-icons'>check_circle</i></span>And I click on Enter Number textbox</div>
                <div class="node-step"></div>
        </li>
        <li test-id='61' class='node then pass' status='pass'>
            <div class="step-name" title="LoginSteps.user_should_not_able_to_login()"><span class='status pass' title='pass'><i class='material-icons'>check_circle</i></span>Then User should not able to login</div>
                <div class="node-step"></div>
        </li>
    </ul>
</div>
<div class='scenario node' test-id='62' status='fail'>
    <div class='category-list'>
        <span class='category label'>@login</span>
    </div>
    <span class='duration right label'>0h 0m 16s+173ms</span>
    <div class="bdd-test">
        <div class="scenario-name"><span class='status fail' title='fail'><i class='material-icons'>cancel</i></span> Scenario: Verify if there is a cross icon available to erase the entered text</div>
    </div>
    <ul class='steps'>
        <li test-id='63' class='node asterisk pass' status='pass'>
            <div class="step-name" title=""><span class='status pass' title='pass'><i class='material-icons'>check_circle</i></span>LoginSteps.setupLoginSteps()</div>
                <div class="node-step"></div>
        </li>
        <li test-id='64' class='node when pass' status='pass'>
            <div class="step-name" title="LoginSteps.i_am_on_login_screen()"><span class='status pass' title='pass'><i class='material-icons'>check_circle</i></span>When I am on login screen</div>
                <div class="node-step"></div>
        </li>
        <li test-id='65' class='node and pass' status='pass'>
            <div class="step-name" title="LoginSteps.i_enter_number(String)"><span class='status pass' title='pass'><i class='material-icons'>check_circle</i></span>And I enter "8983112334" number</div>
                <div class="node-step"></div>
        </li>
        <li test-id='66' class='node then fail' status='fail'>
            <div class="step-name" title="LoginSteps.User_should_click_on_cancel_icon_and_verify_textbox_is_empty()"><span class='status fail' title='fail'><i class='material-icons'>cancel</i></span>Then User should click on cancel icon and verify textbox is empty</div>
                <textarea disabled class="code-block">java.lang.AssertionError: expected [true] but found [false]
	at org.testng.Assert.fail(Assert.java:96)
	at org.testng.Assert.failNotEquals(Assert.java:776)
	at org.testng.Assert.assertTrue(Assert.java:44)
	at org.testng.Assert.assertTrue(Assert.java:54)
	at screens.LoginScreen.clickOnCancelIcon(LoginScreen.java:91)
	at tests.cucumber.steps.LoginSteps.User_should_click_on_cancel_icon_and_verify_textbox_is_empty(LoginSteps.java:72)
	at ✽.User should click on cancel icon and verify textbox is empty(src/test/java/tests/cucumber/features/01login.feature:20)
</textarea>
        </li>
    </ul>
</div>
					</div>
				</li>
			</ul>
		</div>
	</div>
	<!-- subview left -->
	<div class='subview-right left'>
		<div class='view-summary'>
			<div id='step-filters' class="right sr-filters">
				<a class="btn-floating waves-effect waves-light green" status="pass" alt="pass" title="pass"><i class="material-icons">check_circle</i></a>
				<a class="btn-floating waves-effect waves-light red" status="fail" alt="fail" title="fail"><i class="material-icons">cancel</i></a>
				<a class="btn-floating waves-effect waves-light red darken-4" status="fatal" alt="fatal" title="fatal"><i class="material-icons">cancel</i></a>
				<a class="btn-floating waves-effect waves-light pink text-lighten-1" status="error" alt="error" title="error"><i class="material-icons">error</i></a>
				<a class="btn-floating waves-effect waves-light orange" alt="warning" status="warning" title="warning"><i class="material-icons">warning</i></a>
				<a class="btn-floating waves-effect waves-light teal" status="skip" alt="skip" title="skip"><i class="material-icons">redo</i></a>
				<a class="btn-floating waves-effect waves-light grey" status="clear" alt="Clear filters" title="Clear filters"><i class="material-icons">clear</i></a>
			</div>
			<h5 class='test-name'></h5>
		</div>
	</div>
	<!-- subview right -->
</div>
<!-- test view --><div id='category-view' class='view hide'>
	<section id='controls'>
		<div class='controls grey lighten-4'>
			<!-- search -->
			<div class='chip transparent' alt='Search Tests' title='Search Tests'>
				<a href="#" class='search-div'>
				<i class='material-icons'>search</i> Search
				</a>
				<div class='input-field left hide'>
					<input id='search-tests' type='text' class='validate browser-default' placeholder='Search Tests...'>
				</div>
			</div>
			<!-- search -->
		</div>
	</section>
	<div class='subview-left left'>
		<div class='view-summary'>
			<ul id='category-collection' class='category-collection'>
				<li class='category displayed active'>
					<div class='category-heading'>
						<span class='category-name'>@login</span>
						<span class='category-status right'>
						<span class='label pass'>5</span>
						<span class='label fail'>8</span>
						</span>
					</div>
					<div class='category-content hide'>
						<div class='category-status-counts'>
							<span status="pass" class='label green accent-4 white-text'>Passed: 5</span>
							<span status="fail" class='label red lighten-1 white-text'>Failed: 8</span>
							
						</div>
						<div class='category-tests'>
							<table class='bordered table-results'>
								<thead>
									<tr>
										<th>Timestamp</th>
										<th>TestName</th>
										<th>Status</th>
									</tr>
								</thead>
								<tbody>
									<tr>
										<td>Jan 22, 2020 02:40:27 PM</td>
										<td class='linked' test-id='2'>Login Screen.Verify cross number error message</td>
										<td><span class='test-status fail'>fail</span></td>
									</tr>
									<tr>
										<td>Jan 22, 2020 02:40:38 PM</td>
										<td class='linked' test-id='5'>Login Screen.Verify cross number error message</td>
										<td><span class='test-status fail'>fail</span></td>
									</tr>
									<tr>
										<td>Jan 22, 2020 02:40:44 PM</td>
										<td class='linked' test-id='10'>Login Screen.Verify cross number error message</td>
										<td><span class='test-status fail'>fail</span></td>
									</tr>
									<tr>
										<td>Jan 22, 2020 02:41:38 PM</td>
										<td class='linked' test-id='17'>Login Screen.Verify login functionality with blank text</td>
										<td><span class='test-status pass'>pass</span></td>
									</tr>
									<tr>
										<td>Jan 22, 2020 02:41:48 PM</td>
										<td class='linked' test-id='20'>Login Screen.Verify login functionality with blank text</td>
										<td><span class='test-status pass'>pass</span></td>
									</tr>
									<tr>
										<td>Jan 22, 2020 02:42:17 PM</td>
										<td class='linked' test-id='27'>Login Screen.Verify if there is a cross icon available to erase the entered text</td>
										<td><span class='test-status fail'>fail</span></td>
									</tr>
									<tr>
										<td>Jan 22, 2020 02:42:30 PM</td>
										<td class='linked' test-id='30'>Login Screen.Verify if there is a cross icon available to erase the entered text</td>
										<td><span class='test-status fail'>fail</span></td>
									</tr>
									<tr>
										<td>Jan 22, 2020 02:42:46 PM</td>
										<td class='linked' test-id='36'>Login Screen.Verify cross number error message</td>
										<td><span class='test-status fail'>fail</span></td>
									</tr>
									<tr>
										<td>Jan 22, 2020 02:43:39 PM</td>
										<td class='linked' test-id='42'>Login Screen.Verify cross number error message</td>
										<td><span class='test-status fail'>fail</span></td>
									</tr>
									<tr>
										<td>Jan 22, 2020 02:43:43 PM</td>
										<td class='linked' test-id='45'>Login Screen.Verify login functionality with blank text</td>
										<td><span class='test-status pass'>pass</span></td>
									</tr>
									<tr>
										<td>Jan 22, 2020 02:44:07 PM</td>
										<td class='linked' test-id='52'>Login Screen.Verify if there is a cross icon available to erase the entered text</td>
										<td><span class='test-status pass'>pass</span></td>
									</tr>
									<tr>
										<td>Jan 22, 2020 02:44:38 PM</td>
										<td class='linked' test-id='57'>Login Screen.Verify login functionality with blank text</td>
										<td><span class='test-status pass'>pass</span></td>
									</tr>
									<tr>
										<td>Jan 22, 2020 02:45:06 PM</td>
										<td class='linked' test-id='62'>Login Screen.Verify if there is a cross icon available to erase the entered text</td>
										<td><span class='test-status fail'>fail</span></td>
									</tr>
								</tbody>
							</table>
						</div>
					</div>
				</li>
			</ul>
		</div>
	</div>
	<div class='subview-right left'>
		<div class='view-summary'>
			<h5 class='category-name'></h5>
		</div>
	</div>
</div>
<!-- category view --><div id='exception-view' class='view hide'>
	<section id='controls'>
		<div class='controls grey lighten-4'>
			<!-- search -->
			<div class='chip transparent' alt='Search Tests' title='Search Tests'>
				<a href="#" class='search-div'>
				<i class='material-icons'>search</i> Search
				</a>
				<div class='input-field left hide'>
					<input id='search-tests' type='text' class='validate browser-default' placeholder='Search Tests...'>
				</div>
			</div>
			<!-- search -->
		</div>
	</section>
	<div class='subview-left left'>
		<div class='view-summary'>
			<ul id='exception-collection' class='exception-collection'>
				<li class='exception displayed active'>
					<div class='exception-heading'>
						<span class='exception-name'>org.openqa.selenium.TimeoutException</span>
						<span class='exception-count right'><span class='label red lighten-1 white-text'>4</span></span>
					</div>
					<div class='exception-content hide'>
						<div class='exception-tests'>
							<table class='bordered table-results'>
								<thead>
									<tr>
										<th>Timestamp</th>
										<th>TestName</th>
										<th>Status</th>
									</tr>
								</thead>
								<tbody>
									<tr>
										<td>Jan 22, 2020 02:40:41 PM</td>
										<td class='linked' test-id='9'>Login Screen.Verify cross number error message.Then Alert popup should be disaply as Please enter a valid Idea number</td>
										<td>
											<textarea disabled class="code-block">org.openqa.selenium.TimeoutException: Expected condition failed: waiting for visibility of element located by By.xpath: //android.widget.TextView[@text='Please enter a valid Idea number!'] (tried for 30 second(s) with 500 milliseconds interval)
	at org.openqa.selenium.support.ui.WebDriverWait.timeoutException(WebDriverWait.java:95)
	at org.openqa.selenium.support.ui.FluentWait.until(FluentWait.java:272)
	at screens.BaseScreen.waitAndFindElement(BaseScreen.java:55)
	at screens.BaseScreen.getText(BaseScreen.java:59)
	at screens.LoginScreen.validIdeaNumberPopup(LoginScreen.java:78)
	at tests.cucumber.steps.LoginSteps.alert_popup_should_be_disaply_as_Failure_in_Vodafone_system(LoginSteps.java:60)
	at ✽.Alert popup should be disaply as Please enter a valid Idea number(src/test/java/tests/cucumber/features/01login.feature:8)
Caused by: org.openqa.selenium.NoSuchElementException: An element could not be located on the page using the given search parameters. (WARNING: The server did not provide any stacktrace information)
Command duration or timeout: 0 milliseconds
For documentation on this error, please visit: https://www.seleniumhq.org/exceptions/no_such_element.html
Build info: version: '3.141.59', revision: 'e82be7d358', time: '2018-11-14T08:17:03'
System info: host: 'Macs-MacBook-Pro.local', ip: '172.30.178.4', os.name: 'Mac OS X', os.arch: 'x86_64', os.version: '10.13.6', java.version: '1.8.0_144'
Driver info: io.appium.java_client.android.AndroidDriver
Capabilities {app: /home/radmin/build/raid-dat..., appActivity: com.ideacellular.myidea.Mai..., appPackage: com.ideacellular.myidea, automationName: UiAutomator2, databaseEnabled: false, desired: {app: /home/radmin/build/raid-dat..., appActivity: com.ideacellular.myidea.Mai..., appPackage: com.ideacellular.myidea, automationName: UiAutomator2, deviceName: 65, launchTimeout: 90000, newCommandTimeout: 600, pCloudy_ApiKey: crysw3jb36jvdymyz7zq3gzk, pCloudy_ApplicationName: Android_debug_TestIP_Prod_0..., pCloudy_DeviceFullName: Huawei_Honor9Lite_Android_9..., pCloudy_DurationInMinutes: 60, pCloudy_Username: rohitv@iprogrammer.com, platformName: Android, resetKeyboard: true, systemPort: 1034, udid: 9SF3Y18628006433, unicodeKeyboard: true}, deviceApiLevel: 28, deviceManufacturer: HUAWEI, deviceModel: LLD-AL10, deviceName: 9SF3Y18628006433, deviceScreenDensity: 480, deviceScreenSize: 1080x2160, deviceUDID: 9SF3Y18628006433, javascriptEnabled: true, launchTimeout: 90000, locationContextEnabled: false, networkConnectionEnabled: true, newCommandTimeout: 600, pCloudy_ApiKey: crysw3jb36jvdymyz7zq3gzk, pCloudy_ApplicationName: Android_debug_TestIP_Prod_0..., pCloudy_DeviceFullName: Huawei_Honor9Lite_Android_9..., pCloudy_DurationInMinutes: 60, pCloudy_Username: rohitv@iprogrammer.com, pixelRatio: 3, platform: LINUX, platformName: Android, platformVersion: 9, resetKeyboard: true, statBarHeight: 72, systemPort: 1034, takesScreenshot: true, udid: 9SF3Y18628006433, unicodeKeyboard: true, viewportRect: {height: 1960, left: 0, top: 72, width: 1080}, warnings: {}, webStorageEnabled: false}
Session ID: 035e956b-6ac5-41d6-919e-f743d6c89701
*** Element info: {Using=xpath, value=//android.widget.TextView[@text='Please enter a valid Idea number!']}
	at sun.reflect.GeneratedConstructorAccessor26.newInstance(Unknown Source)
	at sun.reflect.DelegatingConstructorAccessorImpl.newInstance(DelegatingConstructorAccessorImpl.java:45)
	at java.lang.reflect.Constructor.newInstance(Constructor.java:423)
	at org.openqa.selenium.remote.ErrorHandler.createThrowable(ErrorHandler.java:214)
	at org.openqa.selenium.remote.ErrorHandler.throwIfResponseFailed(ErrorHandler.java:166)
	at org.openqa.selenium.remote.http.JsonHttpResponseCodec.reconstructValue(JsonHttpResponseCodec.java:40)
	at org.openqa.selenium.remote.http.AbstractHttpResponseCodec.decode(AbstractHttpResponseCodec.java:80)
	at org.openqa.selenium.remote.http.AbstractHttpResponseCodec.decode(AbstractHttpResponseCodec.java:44)
	at org.openqa.selenium.remote.HttpCommandExecutor.execute(HttpCommandExecutor.java:158)
	at io.appium.java_client.remote.AppiumCommandExecutor.execute(AppiumCommandExecutor.java:231)
	at org.openqa.selenium.remote.RemoteWebDriver.execute(RemoteWebDriver.java:552)
	at io.appium.java_client.DefaultGenericMobileDriver.execute(DefaultGenericMobileDriver.java:42)
	at io.appium.java_client.AppiumDriver.execute(AppiumDriver.java:1)
	at io.appium.java_client.android.AndroidDriver.execute(AndroidDriver.java:1)
	at org.openqa.selenium.remote.RemoteWebDriver.findElement(RemoteWebDriver.java:323)
	at io.appium.java_client.DefaultGenericMobileDriver.findElement(DefaultGenericMobileDriver.java:62)
	at io.appium.java_client.AppiumDriver.findElement(AppiumDriver.java:1)
	at io.appium.java_client.android.AndroidDriver.findElement(AndroidDriver.java:1)
	at org.openqa.selenium.remote.RemoteWebDriver.findElementByXPath(RemoteWebDriver.java:428)
	at io.appium.java_client.DefaultGenericMobileDriver.findElementByXPath(DefaultGenericMobileDriver.java:152)
	at io.appium.java_client.AppiumDriver.findElementByXPath(AppiumDriver.java:1)
	at io.appium.java_client.android.AndroidDriver.findElementByXPath(AndroidDriver.java:1)
	at org.openqa.selenium.By$ByXPath.findElement(By.java:353)
	at org.openqa.selenium.remote.RemoteWebDriver.findElement(RemoteWebDriver.java:315)
	at io.appium.java_client.DefaultGenericMobileDriver.findElement(DefaultGenericMobileDriver.java:58)
	at io.appium.java_client.AppiumDriver.findElement(AppiumDriver.java:1)
	at io.appium.java_client.android.AndroidDriver.findElement(AndroidDriver.java:1)
	at org.openqa.selenium.support.ui.ExpectedConditions$7.apply(ExpectedConditions.java:205)
	at org.openqa.selenium.support.ui.ExpectedConditions$7.apply(ExpectedConditions.java:201)
	at org.openqa.selenium.support.ui.FluentWait.until(FluentWait.java:249)
	at screens.BaseScreen.waitAndFindElement(BaseScreen.java:55)
	at screens.BaseScreen.getText(BaseScreen.java:59)
	at screens.LoginScreen.validIdeaNumberPopup(LoginScreen.java:78)
	at tests.cucumber.steps.LoginSteps.alert_popup_should_be_disaply_as_Failure_in_Vodafone_system(LoginSteps.java:60)
	at sun.reflect.NativeMethodAccessorImpl.invoke0(Native Method)
	at sun.reflect.NativeMethodAccessorImpl.invoke(NativeMethodAccessorImpl.java:62)
	at sun.reflect.DelegatingMethodAccessorImpl.invoke(DelegatingMethodAccessorImpl.java:43)
	at java.lang.reflect.Method.invoke(Method.java:498)
	at cucumber.runtime.Utils$1.call(Utils.java:26)
	at cucumber.runtime.Timeout.timeout(Timeout.java:16)
	at cucumber.runtime.Utils.invoke(Utils.java:20)
	at cucumber.runtime.java.JavaStepDefinition.execute(JavaStepDefinition.java:49)
	at cucumber.runner.PickleStepDefinitionMatch.runStep(PickleStepDefinitionMatch.java:50)
	at cucumber.runner.TestStep.executeStep(TestStep.java:63)
	at cucumber.runner.TestStep.run(TestStep.java:49)
	at cucumber.runner.PickleStepTestStep.run(PickleStepTestStep.java:43)
	at cucumber.runner.TestCase.run(TestCase.java:44)
	at cucumber.runner.Runner.runPickle(Runner.java:40)
	at cucumber.api.testng.TestNGCucumberRunner.runScenario(TestNGCucumberRunner.java:68)
	at tests.cucumber.Runner.RunCucumberFeatures.scenario(RunCucumberFeatures.java:75)
	at sun.reflect.NativeMethodAccessorImpl.invoke0(Native Method)
	at sun.reflect.NativeMethodAccessorImpl.invoke(NativeMethodAccessorImpl.java:62)
	at sun.reflect.DelegatingMethodAccessorImpl.invoke(DelegatingMethodAccessorImpl.java:43)
	at java.lang.reflect.Method.invoke(Method.java:498)
	at org.testng.internal.MethodInvocationHelper.invokeMethod(MethodInvocationHelper.java:124)
	at org.testng.internal.Invoker.invokeMethod(Invoker.java:583)
	at org.testng.internal.Invoker.invokeTestMethod(Invoker.java:719)
	at org.testng.internal.Invoker.invokeTestMethods(Invoker.java:989)
	at org.testng.internal.TestMethodWorker.invokeTestMethods(TestMethodWorker.java:125)
	at org.testng.internal.TestMethodWorker.run(TestMethodWorker.java:109)
	at org.testng.TestRunner.privateRun(TestRunner.java:648)
	at org.testng.TestRunner.run(TestRunner.java:505)
	at org.testng.SuiteRunner.runTest(SuiteRunner.java:455)
	at org.testng.SuiteRunner.access$000(SuiteRunner.java:40)
	at org.testng.SuiteRunner$SuiteWorker.run(SuiteRunner.java:489)
	at org.testng.internal.thread.ThreadUtil$1.call(ThreadUtil.java:52)
	at java.util.concurrent.FutureTask.run(FutureTask.java:266)
	at java.util.concurrent.ThreadPoolExecutor.runWorker(ThreadPoolExecutor.java:1149)
	at java.util.concurrent.ThreadPoolExecutor$Worker.run(ThreadPoolExecutor.java:624)
	at java.lang.Thread.run(Thread.java:748)
</textarea>
										</td>
									</tr>
									<tr>
										<td>Jan 22, 2020 02:40:54 PM</td>
										<td class='linked' test-id='14'>Login Screen.Verify cross number error message.Then Alert popup should be disaply as Please enter a valid Idea number</td>
										<td>
											<textarea disabled class="code-block">org.openqa.selenium.TimeoutException: Expected condition failed: waiting for visibility of element located by By.xpath: //android.widget.TextView[@text='Please enter a valid Idea number!'] (tried for 30 second(s) with 500 milliseconds interval)
	at org.openqa.selenium.support.ui.WebDriverWait.timeoutException(WebDriverWait.java:95)
	at org.openqa.selenium.support.ui.FluentWait.until(FluentWait.java:272)
	at screens.BaseScreen.waitAndFindElement(BaseScreen.java:55)
	at screens.BaseScreen.getText(BaseScreen.java:59)
	at screens.LoginScreen.validIdeaNumberPopup(LoginScreen.java:78)
	at tests.cucumber.steps.LoginSteps.alert_popup_should_be_disaply_as_Failure_in_Vodafone_system(LoginSteps.java:60)
	at ✽.Alert popup should be disaply as Please enter a valid Idea number(src/test/java/tests/cucumber/features/01login.feature:8)
Caused by: org.openqa.selenium.NoSuchElementException: An element could not be located on the page using the given search parameters. (WARNING: The server did not provide any stacktrace information)
Command duration or timeout: 0 milliseconds
For documentation on this error, please visit: https://www.seleniumhq.org/exceptions/no_such_element.html
Build info: version: '3.141.59', revision: 'e82be7d358', time: '2018-11-14T08:17:03'
System info: host: 'Macs-MacBook-Pro.local', ip: '172.30.178.4', os.name: 'Mac OS X', os.arch: 'x86_64', os.version: '10.13.6', java.version: '1.8.0_144'
Driver info: io.appium.java_client.android.AndroidDriver
Capabilities {app: /home/radmin/build/raid-dat..., appActivity: com.ideacellular.myidea.Mai..., appPackage: com.ideacellular.myidea, automationName: UiAutomator2, databaseEnabled: false, desired: {app: /home/radmin/build/raid-dat..., appActivity: com.ideacellular.myidea.Mai..., appPackage: com.ideacellular.myidea, automationName: UiAutomator2, deviceName: 66, launchTimeout: 90000, newCommandTimeout: 600, pCloudy_ApiKey: crysw3jb36jvdymyz7zq3gzk, pCloudy_ApplicationName: Android_debug_TestIP_Prod_0..., pCloudy_DeviceFullName: Samsung_GalaxyJ7Prime_Andro..., pCloudy_DurationInMinutes: 60, pCloudy_Username: rohitv@iprogrammer.com, platformName: Android, resetKeyboard: true, systemPort: 1058, udid: 330041bbdf247419, unicodeKeyboard: true}, deviceApiLevel: 27, deviceManufacturer: samsung, deviceModel: SM-G610F, deviceName: 330041bbdf247419, deviceScreenDensity: 480, deviceScreenSize: 1080x1920, deviceUDID: 330041bbdf247419, javascriptEnabled: true, launchTimeout: 90000, locationContextEnabled: false, networkConnectionEnabled: true, newCommandTimeout: 600, pCloudy_ApiKey: crysw3jb36jvdymyz7zq3gzk, pCloudy_ApplicationName: Android_debug_TestIP_Prod_0..., pCloudy_DeviceFullName: Samsung_GalaxyJ7Prime_Andro..., pCloudy_DurationInMinutes: 60, pCloudy_Username: rohitv@iprogrammer.com, pixelRatio: 3, platform: LINUX, platformName: Android, platformVersion: 8.1.0, resetKeyboard: true, statBarHeight: 72, systemPort: 1058, takesScreenshot: true, udid: 330041bbdf247419, unicodeKeyboard: true, viewportRect: {height: 1848, left: 0, top: 72, width: 1080}, warnings: {}, webStorageEnabled: false}
Session ID: dff7b2f9-73a9-416e-94a0-2465a6a2a356
*** Element info: {Using=xpath, value=//android.widget.TextView[@text='Please enter a valid Idea number!']}
	at sun.reflect.GeneratedConstructorAccessor26.newInstance(Unknown Source)
	at sun.reflect.DelegatingConstructorAccessorImpl.newInstance(DelegatingConstructorAccessorImpl.java:45)
	at java.lang.reflect.Constructor.newInstance(Constructor.java:423)
	at org.openqa.selenium.remote.ErrorHandler.createThrowable(ErrorHandler.java:214)
	at org.openqa.selenium.remote.ErrorHandler.throwIfResponseFailed(ErrorHandler.java:166)
	at org.openqa.selenium.remote.http.JsonHttpResponseCodec.reconstructValue(JsonHttpResponseCodec.java:40)
	at org.openqa.selenium.remote.http.AbstractHttpResponseCodec.decode(AbstractHttpResponseCodec.java:80)
	at org.openqa.selenium.remote.http.AbstractHttpResponseCodec.decode(AbstractHttpResponseCodec.java:44)
	at org.openqa.selenium.remote.HttpCommandExecutor.execute(HttpCommandExecutor.java:158)
	at io.appium.java_client.remote.AppiumCommandExecutor.execute(AppiumCommandExecutor.java:231)
	at org.openqa.selenium.remote.RemoteWebDriver.execute(RemoteWebDriver.java:552)
	at io.appium.java_client.DefaultGenericMobileDriver.execute(DefaultGenericMobileDriver.java:42)
	at io.appium.java_client.AppiumDriver.execute(AppiumDriver.java:1)
	at io.appium.java_client.android.AndroidDriver.execute(AndroidDriver.java:1)
	at org.openqa.selenium.remote.RemoteWebDriver.findElement(RemoteWebDriver.java:323)
	at io.appium.java_client.DefaultGenericMobileDriver.findElement(DefaultGenericMobileDriver.java:62)
	at io.appium.java_client.AppiumDriver.findElement(AppiumDriver.java:1)
	at io.appium.java_client.android.AndroidDriver.findElement(AndroidDriver.java:1)
	at org.openqa.selenium.remote.RemoteWebDriver.findElementByXPath(RemoteWebDriver.java:428)
	at io.appium.java_client.DefaultGenericMobileDriver.findElementByXPath(DefaultGenericMobileDriver.java:152)
	at io.appium.java_client.AppiumDriver.findElementByXPath(AppiumDriver.java:1)
	at io.appium.java_client.android.AndroidDriver.findElementByXPath(AndroidDriver.java:1)
	at org.openqa.selenium.By$ByXPath.findElement(By.java:353)
	at org.openqa.selenium.remote.RemoteWebDriver.findElement(RemoteWebDriver.java:315)
	at io.appium.java_client.DefaultGenericMobileDriver.findElement(DefaultGenericMobileDriver.java:58)
	at io.appium.java_client.AppiumDriver.findElement(AppiumDriver.java:1)
	at io.appium.java_client.android.AndroidDriver.findElement(AndroidDriver.java:1)
	at org.openqa.selenium.support.ui.ExpectedConditions$7.apply(ExpectedConditions.java:205)
	at org.openqa.selenium.support.ui.ExpectedConditions$7.apply(ExpectedConditions.java:201)
	at org.openqa.selenium.support.ui.FluentWait.until(FluentWait.java:249)
	at screens.BaseScreen.waitAndFindElement(BaseScreen.java:55)
	at screens.BaseScreen.getText(BaseScreen.java:59)
	at screens.LoginScreen.validIdeaNumberPopup(LoginScreen.java:78)
	at tests.cucumber.steps.LoginSteps.alert_popup_should_be_disaply_as_Failure_in_Vodafone_system(LoginSteps.java:60)
	at sun.reflect.NativeMethodAccessorImpl.invoke0(Native Method)
	at sun.reflect.NativeMethodAccessorImpl.invoke(NativeMethodAccessorImpl.java:62)
	at sun.reflect.DelegatingMethodAccessorImpl.invoke(DelegatingMethodAccessorImpl.java:43)
	at java.lang.reflect.Method.invoke(Method.java:498)
	at cucumber.runtime.Utils$1.call(Utils.java:26)
	at cucumber.runtime.Timeout.timeout(Timeout.java:16)
	at cucumber.runtime.Utils.invoke(Utils.java:20)
	at cucumber.runtime.java.JavaStepDefinition.execute(JavaStepDefinition.java:49)
	at cucumber.runner.PickleStepDefinitionMatch.runStep(PickleStepDefinitionMatch.java:50)
	at cucumber.runner.TestStep.executeStep(TestStep.java:63)
	at cucumber.runner.TestStep.run(TestStep.java:49)
	at cucumber.runner.PickleStepTestStep.run(PickleStepTestStep.java:43)
	at cucumber.runner.TestCase.run(TestCase.java:44)
	at cucumber.runner.Runner.runPickle(Runner.java:40)
	at cucumber.api.testng.TestNGCucumberRunner.runScenario(TestNGCucumberRunner.java:68)
	at tests.cucumber.Runner.RunCucumberFeatures.scenario(RunCucumberFeatures.java:75)
	at sun.reflect.NativeMethodAccessorImpl.invoke0(Native Method)
	at sun.reflect.NativeMethodAccessorImpl.invoke(NativeMethodAccessorImpl.java:62)
	at sun.reflect.DelegatingMethodAccessorImpl.invoke(DelegatingMethodAccessorImpl.java:43)
	at java.lang.reflect.Method.invoke(Method.java:498)
	at org.testng.internal.MethodInvocationHelper.invokeMethod(MethodInvocationHelper.java:124)
	at org.testng.internal.Invoker.invokeMethod(Invoker.java:583)
	at org.testng.internal.Invoker.invokeTestMethod(Invoker.java:719)
	at org.testng.internal.Invoker.invokeTestMethods(Invoker.java:989)
	at org.testng.internal.TestMethodWorker.invokeTestMethods(TestMethodWorker.java:125)
	at org.testng.internal.TestMethodWorker.run(TestMethodWorker.java:109)
	at org.testng.TestRunner.privateRun(TestRunner.java:648)
	at org.testng.TestRunner.run(TestRunner.java:505)
	at org.testng.SuiteRunner.runTest(SuiteRunner.java:455)
	at org.testng.SuiteRunner.access$000(SuiteRunner.java:40)
	at org.testng.SuiteRunner$SuiteWorker.run(SuiteRunner.java:489)
	at org.testng.internal.thread.ThreadUtil$1.call(ThreadUtil.java:52)
	at java.util.concurrent.FutureTask.run(FutureTask.java:266)
	at java.util.concurrent.ThreadPoolExecutor.runWorker(ThreadPoolExecutor.java:1149)
	at java.util.concurrent.ThreadPoolExecutor$Worker.run(ThreadPoolExecutor.java:624)
	at java.lang.Thread.run(Thread.java:748)
</textarea>
										</td>
									</tr>
									<tr>
										<td>Jan 22, 2020 02:42:55 PM</td>
										<td class='linked' test-id='41'>Login Screen.Verify cross number error message.Then Alert popup should be disaply as Please enter a valid Idea number</td>
										<td>
											<textarea disabled class="code-block">org.openqa.selenium.TimeoutException: Expected condition failed: waiting for visibility of element located by By.xpath: //android.widget.TextView[@text='Please enter a valid Idea number!'] (tried for 30 second(s) with 500 milliseconds interval)
	at org.openqa.selenium.support.ui.WebDriverWait.timeoutException(WebDriverWait.java:95)
	at org.openqa.selenium.support.ui.FluentWait.until(FluentWait.java:272)
	at screens.BaseScreen.waitAndFindElement(BaseScreen.java:55)
	at screens.BaseScreen.getText(BaseScreen.java:59)
	at screens.LoginScreen.validIdeaNumberPopup(LoginScreen.java:78)
	at tests.cucumber.steps.LoginSteps.alert_popup_should_be_disaply_as_Failure_in_Vodafone_system(LoginSteps.java:60)
	at ✽.Alert popup should be disaply as Please enter a valid Idea number(src/test/java/tests/cucumber/features/01login.feature:8)
Caused by: org.openqa.selenium.NoSuchElementException: An element could not be located on the page using the given search parameters. (WARNING: The server did not provide any stacktrace information)
Command duration or timeout: 0 milliseconds
For documentation on this error, please visit: https://www.seleniumhq.org/exceptions/no_such_element.html
Build info: version: '3.141.59', revision: 'e82be7d358', time: '2018-11-14T08:17:03'
System info: host: 'Macs-MacBook-Pro.local', ip: '172.30.178.4', os.name: 'Mac OS X', os.arch: 'x86_64', os.version: '10.13.6', java.version: '1.8.0_144'
Driver info: io.appium.java_client.android.AndroidDriver
Capabilities {app: /home/radmin/build/raid-dat..., appActivity: com.ideacellular.myidea.Mai..., appPackage: com.ideacellular.myidea, automationName: UiAutomator2, databaseEnabled: false, desired: {app: /home/radmin/build/raid-dat..., appActivity: com.ideacellular.myidea.Mai..., appPackage: com.ideacellular.myidea, automationName: UiAutomator2, deviceName: 72, launchTimeout: 90000, newCommandTimeout: 600, pCloudy_ApiKey: crysw3jb36jvdymyz7zq3gzk, pCloudy_ApplicationName: Android_debug_TestIP_Prod_0..., pCloudy_DeviceFullName: Samsung_GalaxyS10_Android_9..., pCloudy_DurationInMinutes: 60, pCloudy_Username: rohitv@iprogrammer.com, platformName: Android, resetKeyboard: true, systemPort: 1080, udid: RZ8M2173PEF, unicodeKeyboard: true}, deviceApiLevel: 28, deviceManufacturer: samsung, deviceModel: SM-G973F, deviceName: RZ8M2173PEF, deviceScreenDensity: 420, deviceScreenSize: 1440x3040, deviceUDID: RZ8M2173PEF, javascriptEnabled: true, launchTimeout: 90000, locationContextEnabled: false, networkConnectionEnabled: true, newCommandTimeout: 600, pCloudy_ApiKey: crysw3jb36jvdymyz7zq3gzk, pCloudy_ApplicationName: Android_debug_TestIP_Prod_0..., pCloudy_DeviceFullName: Samsung_GalaxyS10_Android_9..., pCloudy_DurationInMinutes: 60, pCloudy_Username: rohitv@iprogrammer.com, pixelRatio: 2.625, platform: LINUX, platformName: Android, platformVersion: 9, resetKeyboard: true, statBarHeight: 150, systemPort: 1080, takesScreenshot: true, udid: RZ8M2173PEF, unicodeKeyboard: true, viewportRect: {height: 2615, left: 0, top: 150, width: 1440}, warnings: {}, webStorageEnabled: false}
Session ID: 6712f4c2-2fa0-4317-8683-8d6a0abf419e
*** Element info: {Using=xpath, value=//android.widget.TextView[@text='Please enter a valid Idea number!']}
	at sun.reflect.GeneratedConstructorAccessor26.newInstance(Unknown Source)
	at sun.reflect.DelegatingConstructorAccessorImpl.newInstance(DelegatingConstructorAccessorImpl.java:45)
	at java.lang.reflect.Constructor.newInstance(Constructor.java:423)
	at org.openqa.selenium.remote.ErrorHandler.createThrowable(ErrorHandler.java:214)
	at org.openqa.selenium.remote.ErrorHandler.throwIfResponseFailed(ErrorHandler.java:166)
	at org.openqa.selenium.remote.http.JsonHttpResponseCodec.reconstructValue(JsonHttpResponseCodec.java:40)
	at org.openqa.selenium.remote.http.AbstractHttpResponseCodec.decode(AbstractHttpResponseCodec.java:80)
	at org.openqa.selenium.remote.http.AbstractHttpResponseCodec.decode(AbstractHttpResponseCodec.java:44)
	at org.openqa.selenium.remote.HttpCommandExecutor.execute(HttpCommandExecutor.java:158)
	at io.appium.java_client.remote.AppiumCommandExecutor.execute(AppiumCommandExecutor.java:231)
	at org.openqa.selenium.remote.RemoteWebDriver.execute(RemoteWebDriver.java:552)
	at io.appium.java_client.DefaultGenericMobileDriver.execute(DefaultGenericMobileDriver.java:42)
	at io.appium.java_client.AppiumDriver.execute(AppiumDriver.java:1)
	at io.appium.java_client.android.AndroidDriver.execute(AndroidDriver.java:1)
	at org.openqa.selenium.remote.RemoteWebDriver.findElement(RemoteWebDriver.java:323)
	at io.appium.java_client.DefaultGenericMobileDriver.findElement(DefaultGenericMobileDriver.java:62)
	at io.appium.java_client.AppiumDriver.findElement(AppiumDriver.java:1)
	at io.appium.java_client.android.AndroidDriver.findElement(AndroidDriver.java:1)
	at org.openqa.selenium.remote.RemoteWebDriver.findElementByXPath(RemoteWebDriver.java:428)
	at io.appium.java_client.DefaultGenericMobileDriver.findElementByXPath(DefaultGenericMobileDriver.java:152)
	at io.appium.java_client.AppiumDriver.findElementByXPath(AppiumDriver.java:1)
	at io.appium.java_client.android.AndroidDriver.findElementByXPath(AndroidDriver.java:1)
	at org.openqa.selenium.By$ByXPath.findElement(By.java:353)
	at org.openqa.selenium.remote.RemoteWebDriver.findElement(RemoteWebDriver.java:315)
	at io.appium.java_client.DefaultGenericMobileDriver.findElement(DefaultGenericMobileDriver.java:58)
	at io.appium.java_client.AppiumDriver.findElement(AppiumDriver.java:1)
	at io.appium.java_client.android.AndroidDriver.findElement(AndroidDriver.java:1)
	at org.openqa.selenium.support.ui.ExpectedConditions$7.apply(ExpectedConditions.java:205)
	at org.openqa.selenium.support.ui.ExpectedConditions$7.apply(ExpectedConditions.java:201)
	at org.openqa.selenium.support.ui.FluentWait.until(FluentWait.java:249)
	at screens.BaseScreen.waitAndFindElement(BaseScreen.java:55)
	at screens.BaseScreen.getText(BaseScreen.java:59)
	at screens.LoginScreen.validIdeaNumberPopup(LoginScreen.java:78)
	at tests.cucumber.steps.LoginSteps.alert_popup_should_be_disaply_as_Failure_in_Vodafone_system(LoginSteps.java:60)
	at sun.reflect.NativeMethodAccessorImpl.invoke0(Native Method)
	at sun.reflect.NativeMethodAccessorImpl.invoke(NativeMethodAccessorImpl.java:62)
	at sun.reflect.DelegatingMethodAccessorImpl.invoke(DelegatingMethodAccessorImpl.java:43)
	at java.lang.reflect.Method.invoke(Method.java:498)
	at cucumber.runtime.Utils$1.call(Utils.java:26)
	at cucumber.runtime.Timeout.timeout(Timeout.java:16)
	at cucumber.runtime.Utils.invoke(Utils.java:20)
	at cucumber.runtime.java.JavaStepDefinition.execute(JavaStepDefinition.java:49)
	at cucumber.runner.PickleStepDefinitionMatch.runStep(PickleStepDefinitionMatch.java:50)
	at cucumber.runner.TestStep.executeStep(TestStep.java:63)
	at cucumber.runner.TestStep.run(TestStep.java:49)
	at cucumber.runner.PickleStepTestStep.run(PickleStepTestStep.java:43)
	at cucumber.runner.TestCase.run(TestCase.java:44)
	at cucumber.runner.Runner.runPickle(Runner.java:40)
	at cucumber.api.testng.TestNGCucumberRunner.runScenario(TestNGCucumberRunner.java:68)
	at tests.cucumber.Runner.RunCucumberFeatures.scenario(RunCucumberFeatures.java:75)
	at sun.reflect.NativeMethodAccessorImpl.invoke0(Native Method)
	at sun.reflect.NativeMethodAccessorImpl.invoke(NativeMethodAccessorImpl.java:62)
	at sun.reflect.DelegatingMethodAccessorImpl.invoke(DelegatingMethodAccessorImpl.java:43)
	at java.lang.reflect.Method.invoke(Method.java:498)
	at org.testng.internal.MethodInvocationHelper.invokeMethod(MethodInvocationHelper.java:124)
	at org.testng.internal.Invoker.invokeMethod(Invoker.java:583)
	at org.testng.internal.Invoker.invokeTestMethod(Invoker.java:719)
	at org.testng.internal.Invoker.invokeTestMethods(Invoker.java:989)
	at org.testng.internal.TestMethodWorker.invokeTestMethods(TestMethodWorker.java:125)
	at org.testng.internal.TestMethodWorker.run(TestMethodWorker.java:109)
	at org.testng.TestRunner.privateRun(TestRunner.java:648)
	at org.testng.TestRunner.run(TestRunner.java:505)
	at org.testng.SuiteRunner.runTest(SuiteRunner.java:455)
	at org.testng.SuiteRunner.access$000(SuiteRunner.java:40)
	at org.testng.SuiteRunner$SuiteWorker.run(SuiteRunner.java:489)
	at org.testng.internal.thread.ThreadUtil$1.call(ThreadUtil.java:52)
	at java.util.concurrent.FutureTask.run(FutureTask.java:266)
	at java.util.concurrent.ThreadPoolExecutor.runWorker(ThreadPoolExecutor.java:1149)
	at java.util.concurrent.ThreadPoolExecutor$Worker.run(ThreadPoolExecutor.java:624)
	at java.lang.Thread.run(Thread.java:748)
</textarea>
										</td>
									</tr>
									<tr>
										<td>Jan 22, 2020 02:43:50 PM</td>
										<td class='linked' test-id='50'>Login Screen.Verify cross number error message.Then Alert popup should be disaply as Please enter a valid Idea number</td>
										<td>
											<textarea disabled class="code-block">org.openqa.selenium.TimeoutException: Expected condition failed: waiting for visibility of element located by By.xpath: //android.widget.TextView[@text='Please enter a valid Idea number!'] (tried for 30 second(s) with 500 milliseconds interval)
	at org.openqa.selenium.support.ui.WebDriverWait.timeoutException(WebDriverWait.java:95)
	at org.openqa.selenium.support.ui.FluentWait.until(FluentWait.java:272)
	at screens.BaseScreen.waitAndFindElement(BaseScreen.java:55)
	at screens.BaseScreen.getText(BaseScreen.java:59)
	at screens.LoginScreen.validIdeaNumberPopup(LoginScreen.java:78)
	at tests.cucumber.steps.LoginSteps.alert_popup_should_be_disaply_as_Failure_in_Vodafone_system(LoginSteps.java:60)
	at ✽.Alert popup should be disaply as Please enter a valid Idea number(src/test/java/tests/cucumber/features/01login.feature:8)
Caused by: org.openqa.selenium.NoSuchElementException: An element could not be located on the page using the given search parameters. (WARNING: The server did not provide any stacktrace information)
Command duration or timeout: 0 milliseconds
For documentation on this error, please visit: https://www.seleniumhq.org/exceptions/no_such_element.html
Build info: version: '3.141.59', revision: 'e82be7d358', time: '2018-11-14T08:17:03'
System info: host: 'Macs-MacBook-Pro.local', ip: '172.30.178.4', os.name: 'Mac OS X', os.arch: 'x86_64', os.version: '10.13.6', java.version: '1.8.0_144'
Driver info: io.appium.java_client.android.AndroidDriver
Capabilities {app: /home/radmin/build/raid-dat..., appActivity: com.ideacellular.myidea.Mai..., appPackage: com.ideacellular.myidea, automationName: UiAutomator2, databaseEnabled: false, desired: {app: /home/radmin/build/raid-dat..., appActivity: com.ideacellular.myidea.Mai..., appPackage: com.ideacellular.myidea, automationName: UiAutomator2, deviceName: 88, launchTimeout: 90000, newCommandTimeout: 600, pCloudy_ApiKey: crysw3jb36jvdymyz7zq3gzk, pCloudy_ApplicationName: Android_debug_TestIP_Prod_0..., pCloudy_DeviceFullName: Huawei_Honor8X_Android_9.0.0, pCloudy_DurationInMinutes: 60, pCloudy_Username: rohitv@iprogrammer.com, platformName: Android, resetKeyboard: true, systemPort: 1095, udid: THC3Y18B29012322, unicodeKeyboard: true}, deviceApiLevel: 28, deviceManufacturer: HUAWEI, deviceModel: JSN-L42, deviceName: THC3Y18B29012322, deviceScreenDensity: 480, deviceScreenSize: 1080x2340, deviceUDID: THC3Y18B29012322, javascriptEnabled: true, launchTimeout: 90000, locationContextEnabled: false, networkConnectionEnabled: true, newCommandTimeout: 600, pCloudy_ApiKey: crysw3jb36jvdymyz7zq3gzk, pCloudy_ApplicationName: Android_debug_TestIP_Prod_0..., pCloudy_DeviceFullName: Huawei_Honor8X_Android_9.0.0, pCloudy_DurationInMinutes: 60, pCloudy_Username: rohitv@iprogrammer.com, pixelRatio: 3, platform: LINUX, platformName: Android, platformVersion: 9, resetKeyboard: true, statBarHeight: 85, systemPort: 1095, takesScreenshot: true, udid: THC3Y18B29012322, unicodeKeyboard: true, viewportRect: {height: 2052, left: 0, top: 85, width: 1080}, warnings: {}, webStorageEnabled: false}
Session ID: 07949ccb-26d9-4512-84f3-17b21b649243
*** Element info: {Using=xpath, value=//android.widget.TextView[@text='Please enter a valid Idea number!']}
	at sun.reflect.GeneratedConstructorAccessor26.newInstance(Unknown Source)
	at sun.reflect.DelegatingConstructorAccessorImpl.newInstance(DelegatingConstructorAccessorImpl.java:45)
	at java.lang.reflect.Constructor.newInstance(Constructor.java:423)
	at org.openqa.selenium.remote.ErrorHandler.createThrowable(ErrorHandler.java:214)
	at org.openqa.selenium.remote.ErrorHandler.throwIfResponseFailed(ErrorHandler.java:166)
	at org.openqa.selenium.remote.http.JsonHttpResponseCodec.reconstructValue(JsonHttpResponseCodec.java:40)
	at org.openqa.selenium.remote.http.AbstractHttpResponseCodec.decode(AbstractHttpResponseCodec.java:80)
	at org.openqa.selenium.remote.http.AbstractHttpResponseCodec.decode(AbstractHttpResponseCodec.java:44)
	at org.openqa.selenium.remote.HttpCommandExecutor.execute(HttpCommandExecutor.java:158)
	at io.appium.java_client.remote.AppiumCommandExecutor.execute(AppiumCommandExecutor.java:231)
	at org.openqa.selenium.remote.RemoteWebDriver.execute(RemoteWebDriver.java:552)
	at io.appium.java_client.DefaultGenericMobileDriver.execute(DefaultGenericMobileDriver.java:42)
	at io.appium.java_client.AppiumDriver.execute(AppiumDriver.java:1)
	at io.appium.java_client.android.AndroidDriver.execute(AndroidDriver.java:1)
	at org.openqa.selenium.remote.RemoteWebDriver.findElement(RemoteWebDriver.java:323)
	at io.appium.java_client.DefaultGenericMobileDriver.findElement(DefaultGenericMobileDriver.java:62)
	at io.appium.java_client.AppiumDriver.findElement(AppiumDriver.java:1)
	at io.appium.java_client.android.AndroidDriver.findElement(AndroidDriver.java:1)
	at org.openqa.selenium.remote.RemoteWebDriver.findElementByXPath(RemoteWebDriver.java:428)
	at io.appium.java_client.DefaultGenericMobileDriver.findElementByXPath(DefaultGenericMobileDriver.java:152)
	at io.appium.java_client.AppiumDriver.findElementByXPath(AppiumDriver.java:1)
	at io.appium.java_client.android.AndroidDriver.findElementByXPath(AndroidDriver.java:1)
	at org.openqa.selenium.By$ByXPath.findElement(By.java:353)
	at org.openqa.selenium.remote.RemoteWebDriver.findElement(RemoteWebDriver.java:315)
	at io.appium.java_client.DefaultGenericMobileDriver.findElement(DefaultGenericMobileDriver.java:58)
	at io.appium.java_client.AppiumDriver.findElement(AppiumDriver.java:1)
	at io.appium.java_client.android.AndroidDriver.findElement(AndroidDriver.java:1)
	at org.openqa.selenium.support.ui.ExpectedConditions$7.apply(ExpectedConditions.java:205)
	at org.openqa.selenium.support.ui.ExpectedConditions$7.apply(ExpectedConditions.java:201)
	at org.openqa.selenium.support.ui.FluentWait.until(FluentWait.java:249)
	at screens.BaseScreen.waitAndFindElement(BaseScreen.java:55)
	at screens.BaseScreen.getText(BaseScreen.java:59)
	at screens.LoginScreen.validIdeaNumberPopup(LoginScreen.java:78)
	at tests.cucumber.steps.LoginSteps.alert_popup_should_be_disaply_as_Failure_in_Vodafone_system(LoginSteps.java:60)
	at sun.reflect.NativeMethodAccessorImpl.invoke0(Native Method)
	at sun.reflect.NativeMethodAccessorImpl.invoke(NativeMethodAccessorImpl.java:62)
	at sun.reflect.DelegatingMethodAccessorImpl.invoke(DelegatingMethodAccessorImpl.java:43)
	at java.lang.reflect.Method.invoke(Method.java:498)
	at cucumber.runtime.Utils$1.call(Utils.java:26)
	at cucumber.runtime.Timeout.timeout(Timeout.java:16)
	at cucumber.runtime.Utils.invoke(Utils.java:20)
	at cucumber.runtime.java.JavaStepDefinition.execute(JavaStepDefinition.java:49)
	at cucumber.runner.PickleStepDefinitionMatch.runStep(PickleStepDefinitionMatch.java:50)
	at cucumber.runner.TestStep.executeStep(TestStep.java:63)
	at cucumber.runner.TestStep.run(TestStep.java:49)
	at cucumber.runner.PickleStepTestStep.run(PickleStepTestStep.java:43)
	at cucumber.runner.TestCase.run(TestCase.java:44)
	at cucumber.runner.Runner.runPickle(Runner.java:40)
	at cucumber.api.testng.TestNGCucumberRunner.runScenario(TestNGCucumberRunner.java:68)
	at tests.cucumber.Runner.RunCucumberFeatures.scenario(RunCucumberFeatures.java:75)
	at sun.reflect.NativeMethodAccessorImpl.invoke0(Native Method)
	at sun.reflect.NativeMethodAccessorImpl.invoke(NativeMethodAccessorImpl.java:62)
	at sun.reflect.DelegatingMethodAccessorImpl.invoke(DelegatingMethodAccessorImpl.java:43)
	at java.lang.reflect.Method.invoke(Method.java:498)
	at org.testng.internal.MethodInvocationHelper.invokeMethod(MethodInvocationHelper.java:124)
	at org.testng.internal.Invoker.invokeMethod(Invoker.java:583)
	at org.testng.internal.Invoker.invokeTestMethod(Invoker.java:719)
	at org.testng.internal.Invoker.invokeTestMethods(Invoker.java:989)
	at org.testng.internal.TestMethodWorker.invokeTestMethods(TestMethodWorker.java:125)
	at org.testng.internal.TestMethodWorker.run(TestMethodWorker.java:109)
	at org.testng.TestRunner.privateRun(TestRunner.java:648)
	at org.testng.TestRunner.run(TestRunner.java:505)
	at org.testng.SuiteRunner.runTest(SuiteRunner.java:455)
	at org.testng.SuiteRunner.access$000(SuiteRunner.java:40)
	at org.testng.SuiteRunner$SuiteWorker.run(SuiteRunner.java:489)
	at org.testng.internal.thread.ThreadUtil$1.call(ThreadUtil.java:52)
	at java.util.concurrent.FutureTask.run(FutureTask.java:266)
	at java.util.concurrent.ThreadPoolExecutor.runWorker(ThreadPoolExecutor.java:1149)
	at java.util.concurrent.ThreadPoolExecutor$Worker.run(ThreadPoolExecutor.java:624)
	at java.lang.Thread.run(Thread.java:748)
</textarea>
										</td>
									</tr>
								</tbody>
							</table>
						</div>
					</div>
				</li>
				<li class='exception displayed active'>
					<div class='exception-heading'>
						<span class='exception-name'>org.openqa.selenium.WebDriverException</span>
						<span class='exception-count right'><span class='label red lighten-1 white-text'>1</span></span>
					</div>
					<div class='exception-content hide'>
						<div class='exception-tests'>
							<table class='bordered table-results'>
								<thead>
									<tr>
										<th>Timestamp</th>
										<th>TestName</th>
										<th>Status</th>
									</tr>
								</thead>
								<tbody>
									<tr>
										<td>Jan 22, 2020 02:41:00 PM</td>
										<td class='linked' test-id='16'>Login Screen.Verify cross number error message.Then Alert popup should be disaply as Please enter a valid Idea number</td>
										<td>
											<textarea disabled class="code-block">org.openqa.selenium.WebDriverException: An unknown server-side error occurred while processing the command. Original error: Could not proxy command to remote server. Original error: Error: socket hang up (WARNING: The server did not provide any stacktrace information)
Command duration or timeout: 0 milliseconds
Build info: version: '3.141.59', revision: 'e82be7d358', time: '2018-11-14T08:17:03'
System info: host: 'Macs-MacBook-Pro.local', ip: '172.30.178.4', os.name: 'Mac OS X', os.arch: 'x86_64', os.version: '10.13.6', java.version: '1.8.0_144'
Driver info: io.appium.java_client.android.AndroidDriver
Capabilities {app: /home/radmin/build/raid-dat..., appActivity: com.ideacellular.myidea.Mai..., appPackage: com.ideacellular.myidea, automationName: UiAutomator2, databaseEnabled: false, desired: {app: /home/radmin/build/raid-dat..., appActivity: com.ideacellular.myidea.Mai..., appPackage: com.ideacellular.myidea, automationName: UiAutomator2, deviceName: 69, launchTimeout: 90000, newCommandTimeout: 600, pCloudy_ApiKey: crysw3jb36jvdymyz7zq3gzk, pCloudy_ApplicationName: Android_debug_TestIP_Prod_0..., pCloudy_DeviceFullName: Xiaomi_RedmiY2_Android_8.1.0, pCloudy_DurationInMinutes: 60, pCloudy_Username: rohitv@iprogrammer.com, platformName: Android, resetKeyboard: true, systemPort: 1110, udid: 52449adb, unicodeKeyboard: true}, deviceApiLevel: 27, deviceManufacturer: Xiaomi, deviceModel: Redmi Y2, deviceName: 52449adb, deviceScreenDensity: 320, deviceScreenSize: 720x1440, deviceUDID: 52449adb, javascriptEnabled: true, launchTimeout: 90000, locationContextEnabled: false, networkConnectionEnabled: true, newCommandTimeout: 600, pCloudy_ApiKey: crysw3jb36jvdymyz7zq3gzk, pCloudy_ApplicationName: Android_debug_TestIP_Prod_0..., pCloudy_DeviceFullName: Xiaomi_RedmiY2_Android_8.1.0, pCloudy_DurationInMinutes: 60, pCloudy_Username: rohitv@iprogrammer.com, pixelRatio: 2, platform: LINUX, platformName: Android, platformVersion: 8.1.0, resetKeyboard: true, statBarHeight: 48, systemPort: 1110, takesScreenshot: true, udid: 52449adb, unicodeKeyboard: true, viewportRect: {height: 1296, left: 0, top: 48, width: 720}, warnings: {}, webStorageEnabled: false}
Session ID: 5e587836-79f5-4580-bee1-3da6d6cbbbc7
*** Element info: {Using=xpath, value=//android.widget.TextView[@text='Please enter a valid Idea number!']}
	at sun.reflect.NativeConstructorAccessorImpl.newInstance0(Native Method)
	at sun.reflect.NativeConstructorAccessorImpl.newInstance(NativeConstructorAccessorImpl.java:62)
	at sun.reflect.DelegatingConstructorAccessorImpl.newInstance(DelegatingConstructorAccessorImpl.java:45)
	at java.lang.reflect.Constructor.newInstance(Constructor.java:423)
	at org.openqa.selenium.remote.ErrorHandler.createThrowable(ErrorHandler.java:214)
	at org.openqa.selenium.remote.ErrorHandler.throwIfResponseFailed(ErrorHandler.java:166)
	at org.openqa.selenium.remote.http.JsonHttpResponseCodec.reconstructValue(JsonHttpResponseCodec.java:40)
	at org.openqa.selenium.remote.http.AbstractHttpResponseCodec.decode(AbstractHttpResponseCodec.java:80)
	at org.openqa.selenium.remote.http.AbstractHttpResponseCodec.decode(AbstractHttpResponseCodec.java:44)
	at org.openqa.selenium.remote.HttpCommandExecutor.execute(HttpCommandExecutor.java:158)
	at io.appium.java_client.remote.AppiumCommandExecutor.execute(AppiumCommandExecutor.java:231)
	at org.openqa.selenium.remote.RemoteWebDriver.execute(RemoteWebDriver.java:552)
	at io.appium.java_client.DefaultGenericMobileDriver.execute(DefaultGenericMobileDriver.java:42)
	at io.appium.java_client.AppiumDriver.execute(AppiumDriver.java:1)
	at io.appium.java_client.android.AndroidDriver.execute(AndroidDriver.java:1)
	at org.openqa.selenium.remote.RemoteWebDriver.findElement(RemoteWebDriver.java:323)
	at io.appium.java_client.DefaultGenericMobileDriver.findElement(DefaultGenericMobileDriver.java:62)
	at io.appium.java_client.AppiumDriver.findElement(AppiumDriver.java:1)
	at io.appium.java_client.android.AndroidDriver.findElement(AndroidDriver.java:1)
	at org.openqa.selenium.remote.RemoteWebDriver.findElementByXPath(RemoteWebDriver.java:428)
	at io.appium.java_client.DefaultGenericMobileDriver.findElementByXPath(DefaultGenericMobileDriver.java:152)
	at io.appium.java_client.AppiumDriver.findElementByXPath(AppiumDriver.java:1)
	at io.appium.java_client.android.AndroidDriver.findElementByXPath(AndroidDriver.java:1)
	at org.openqa.selenium.By$ByXPath.findElement(By.java:353)
	at org.openqa.selenium.remote.RemoteWebDriver.findElement(RemoteWebDriver.java:315)
	at io.appium.java_client.DefaultGenericMobileDriver.findElement(DefaultGenericMobileDriver.java:58)
	at io.appium.java_client.AppiumDriver.findElement(AppiumDriver.java:1)
	at io.appium.java_client.android.AndroidDriver.findElement(AndroidDriver.java:1)
	at org.openqa.selenium.support.ui.ExpectedConditions$7.apply(ExpectedConditions.java:205)
	at org.openqa.selenium.support.ui.ExpectedConditions$7.apply(ExpectedConditions.java:201)
	at org.openqa.selenium.support.ui.FluentWait.until(FluentWait.java:249)
	at screens.BaseScreen.waitAndFindElement(BaseScreen.java:55)
	at screens.BaseScreen.getText(BaseScreen.java:59)
	at screens.LoginScreen.validIdeaNumberPopup(LoginScreen.java:78)
	at tests.cucumber.steps.LoginSteps.alert_popup_should_be_disaply_as_Failure_in_Vodafone_system(LoginSteps.java:60)
	at ✽.Alert popup should be disaply as Please enter a valid Idea number(src/test/java/tests/cucumber/features/01login.feature:8)
</textarea>
										</td>
									</tr>
								</tbody>
							</table>
						</div>
					</div>
				</li>
				<li class='exception displayed active'>
					<div class='exception-heading'>
						<span class='exception-name'>java.lang.AssertionError</span>
						<span class='exception-count right'><span class='label red lighten-1 white-text'>3</span></span>
					</div>
					<div class='exception-content hide'>
						<div class='exception-tests'>
							<table class='bordered table-results'>
								<thead>
									<tr>
										<th>Timestamp</th>
										<th>TestName</th>
										<th>Status</th>
									</tr>
								</thead>
								<tbody>
									<tr>
										<td>Jan 22, 2020 02:42:37 PM</td>
										<td class='linked' test-id='34'>Login Screen.Verify if there is a cross icon available to erase the entered text.Then User should click on cancel icon and verify textbox is empty</td>
										<td>
											<textarea disabled class="code-block">java.lang.AssertionError: expected [true] but found [false]
	at org.testng.Assert.fail(Assert.java:96)
	at org.testng.Assert.failNotEquals(Assert.java:776)
	at org.testng.Assert.assertTrue(Assert.java:44)
	at org.testng.Assert.assertTrue(Assert.java:54)
	at screens.LoginScreen.clickOnCancelIcon(LoginScreen.java:91)
	at tests.cucumber.steps.LoginSteps.User_should_click_on_cancel_icon_and_verify_textbox_is_empty(LoginSteps.java:72)
	at ✽.User should click on cancel icon and verify textbox is empty(src/test/java/tests/cucumber/features/01login.feature:20)
</textarea>
										</td>
									</tr>
									<tr>
										<td>Jan 22, 2020 02:42:46 PM</td>
										<td class='linked' test-id='39'>Login Screen.Verify if there is a cross icon available to erase the entered text.Then User should click on cancel icon and verify textbox is empty</td>
										<td>
											<textarea disabled class="code-block">java.lang.AssertionError: expected [true] but found [false]
	at org.testng.Assert.fail(Assert.java:96)
	at org.testng.Assert.failNotEquals(Assert.java:776)
	at org.testng.Assert.assertTrue(Assert.java:44)
	at org.testng.Assert.assertTrue(Assert.java:54)
	at screens.LoginScreen.clickOnCancelIcon(LoginScreen.java:91)
	at tests.cucumber.steps.LoginSteps.User_should_click_on_cancel_icon_and_verify_textbox_is_empty(LoginSteps.java:72)
	at ✽.User should click on cancel icon and verify textbox is empty(src/test/java/tests/cucumber/features/01login.feature:20)
</textarea>
										</td>
									</tr>
									<tr>
										<td>Jan 22, 2020 02:45:19 PM</td>
										<td class='linked' test-id='66'>Login Screen.Verify if there is a cross icon available to erase the entered text.Then User should click on cancel icon and verify textbox is empty</td>
										<td>
											<textarea disabled class="code-block">java.lang.AssertionError: expected [true] but found [false]
	at org.testng.Assert.fail(Assert.java:96)
	at org.testng.Assert.failNotEquals(Assert.java:776)
	at org.testng.Assert.assertTrue(Assert.java:44)
	at org.testng.Assert.assertTrue(Assert.java:54)
	at screens.LoginScreen.clickOnCancelIcon(LoginScreen.java:91)
	at tests.cucumber.steps.LoginSteps.User_should_click_on_cancel_icon_and_verify_textbox_is_empty(LoginSteps.java:72)
	at ✽.User should click on cancel icon and verify textbox is empty(src/test/java/tests/cucumber/features/01login.feature:20)
</textarea>
										</td>
									</tr>
								</tbody>
							</table>
						</div>
					</div>
				</li>
			</ul>
		</div>
	</div>
	<div class='subview-right left'>
		<div class='view-summary'>
			<h5 class='exception-name'></h5>
		</div>
	</div>
</div>
<!-- exception view --><div id='dashboard-view' class='view hide'>
	<div class='card-panel transparent np-v'>
		<h5>Dashboard</h5>

		<div class='row'>
			<div class='col s2'>
				<div class='card-panel r'>
					Features
					<div class='panel-lead'>1</div>
				</div>
			</div>
			<div class='col s2'>
				<div class='card-panel r'>
					Scenarios
					<div class='panel-lead'>13</div>
				</div>
			</div>
			<div class='col s2'>
				<div class='card-panel r'>
					Steps
					<div class='panel-lead'>52</div>
				</div>
			</div>
			<div class='col s2'>
				<div class='card-panel r'>
					Start
					<div class='panel-lead'>Jan 22, 2020 02:40:26 PM</div>
				</div>
			</div>
			<div class='col s2'>
				<div class='card-panel r'>
			 		End
			 		<div class='panel-lead'>Jan 22, 2020 02:45:23 PM</div>
				</div>
			</div>
			<div class='col s2'>
				<div class='card-panel r'>
					Time Taken
					<div class='panel-lead'>0h 4m 56s+913ms</div>
				</div>
			</div>
			<div class='col s6'>
				<div class='card-panel dashboard-categories'>
					<span class='right label cyan white-text'>Categories</span><p>&nbsp;</p>
					
					<table>
						<tr>
							<th>Name</th>
							<th>Passed</th>
							<th>Failed</th>
							<th>Others</th>
							<th>Passed %</th>
						</tr>
						<tr>
							<td>@login</td>
							<td>5</td>
							<td>8</td>
							<td>0</td>
							<td>
									38.462%
							</td>
						</tr>
					</table>
				</div>
			</div>
		</div>
	</div>
</div>
<!-- dashboard view -->
<!-- testrunner-logs view -->		</div>
		<!-- container -->
		<script>
			var statusGroup = {
                parentCount: 1,
				passParent: 0,
				failParent: 1,
				fatalParent: 0,
				errorParent: 0,
				warningParent: 0,
				skipParent: 0,
				exceptionsParent: 1,
				childCount: 13,
				passChild: 5,
				failChild: 8,
				fatalChild: 0,
				errorChild: 0,
				warningChild: 0,
				skipChild: 0,
				infoChild: 0,
				debugChild: 0,
				exceptionsChild: 8,
				grandChildCount: 52,
				passGrandChild: 44,
				failGrandChild: 8,
				fatalGrandChild: 0,
				errorGrandChild: 0,
				warningGrandChild: 0,
				skipGrandChild: 0,
				infoGrandChild: 0,
				debugGrandChild: 0,
				exceptionsGrandChild: 8,
			};
		</script>
		<script>
			var timeline = {
			        "Login Screen":295.715
			};
		</script>
		<script src='http://cdn.rawgit.com/extent-framework/extent-github-cdn/b65cd69/v3html/js/extent.js' type='text/javascript'></script>
		<script type='text/javascript'>
			


$(document).ready(function() {
});

		
		</script>
	</body>
</html>