<!DOCTYPE html PUBLIC "-//W3C//DTD XHTML 1.1//EN" "http://www.w3.org/TR/xhtml11/DTD/xhtml11.dtd">
<html xmlns="http://www.w3.org/1999/xhtml">
<head>
<meta http-equiv="content-type" content="text/html; charset=UTF-8"/>
<title>TestNG Report</title>
<style type="text/css">table {margin-bottom:10px;border-collapse:collapse;empty-cells:show}th,td {border:1px solid #009;padding:.25em .5em}th {vertical-align:bottom}td {vertical-align:top}table a {font-weight:bold}.stripe td {background-color: #E6EBF9}.num {text-align:right}.passedodd td {background-color: #3F3}.passedeven td {background-color: #0A0}.skippedodd td {background-color: #DDD}.skippedeven td {background-color: #CCC}.failedodd td,.attn {background-color: #F33}.failedeven td,.stripe .attn {background-color: #D00}.stacktrace {white-space:pre;font-family:monospace}.totop {font-size:85%;text-align:center;border-bottom:2px solid #000}.invisible {display:none}</style>
</head>
<body>
<table>
<tr><th>Test</th><th># Passed</th><th># Skipped</th><th># Failed</th><th>Time (ms)</th><th>Included Groups</th><th>Excluded Groups</th></tr>
<tr><th colspan="7">SpiderApp_Test_Suite</th></tr>
<tr><td><a href="#t0">Huawei_Honor9Lite_Android_9.0.0</a></td><td class="num">0</td><td class="num attn">2</td><td class="num attn">1</td><td class="num">161,443</td><td></td><td></td></tr>
<tr class="stripe"><td><a href="#t1">Xiaomi_RedmiY2_Android_8.1.0</a></td><td class="num">1</td><td class="num">0</td><td class="num attn">2</td><td class="num">209,254</td><td></td><td></td></tr>
<tr><td><a href="#t2">Samsung_GalaxyJ7Prime_Android_8.1.0</a></td><td class="num">1</td><td class="num">0</td><td class="num attn">2</td><td class="num">217,912</td><td></td><td></td></tr>
<tr class="stripe"><td><a href="#t3">Samsung_GalaxyS10_Android_9.0.0</a></td><td class="num">2</td><td class="num">0</td><td class="num attn">1</td><td class="num">145,197</td><td></td><td></td></tr>
<tr><td><a href="#t4">Huawei_Honor8X_Android_9.0.0</a></td><td class="num">1</td><td class="num">0</td><td class="num attn">2</td><td class="num">161,361</td><td></td><td></td></tr>
<tr><th>Total</th><th class="num">5</th><th class="num attn">2</th><th class="num attn">8</th><th class="num">895,167</th><th colspan="2"></th></tr>
</table>
<table id='summary'><thead><tr><th>Class</th><th>Method</th><th>Start</th><th>Time (ms)</th></tr></thead><tbody><tr><th colspan="4">SpiderApp_Test_Suite</th></tr></tbody><tbody id="t0"><tr><th colspan="4">Huawei_Honor9Lite_Android_9.0.0 &#8212; failed (configuration methods)</th></tr><tr class="failedeven"><td rowspan="1">tests.cucumber.Runner.RunCucumberFeatures</td><td><a href="#m0">setup</a></td><td rowspan="1">1579684273321</td><td rowspan="1">40792</td></tr><tr><th colspan="4">Huawei_Honor9Lite_Android_9.0.0 &#8212; failed</th></tr><tr class="failedeven"><td rowspan="1">tests.cucumber.Runner.RunCucumberFeatures</td><td><a href="#m1">scenario</a></td><td rowspan="1">1579684226604</td><td rowspan="1">45477</td></tr><tr><th colspan="4">Huawei_Honor9Lite_Android_9.0.0 &#8212; skipped (configuration methods)</th></tr><tr class="skippedeven"><td rowspan="3">tests.cucumber.Runner.RunCucumberFeatures</td><td><a href="#m2">setup</a></td><td rowspan="1">1579684314124</td><td rowspan="1">0</td></tr><tr class="skippedeven"><td><a href="#m3">teardown</a></td><td rowspan="2">1579684314121</td><td rowspan="2">0</td></tr><tr class="skippedeven"><td><a href="#m4">teardown</a></td></tr><tr><th colspan="4">Huawei_Honor9Lite_Android_9.0.0 &#8212; skipped</th></tr><tr class="skippedeven"><td rowspan="2">tests.cucumber.Runner.RunCucumberFeatures</td><td><a href="#m5">scenario</a></td><td rowspan="2">1579684314125</td><td rowspan="2">0</td></tr><tr class="skippedeven"><td><a href="#m6">scenario</a></td></tr></tbody>
<tbody id="t1"><tr><th colspan="4">Xiaomi_RedmiY2_Android_8.1.0 &#8212; failed</th></tr><tr class="failedeven"><td rowspan="2">tests.cucumber.Runner.RunCucumberFeatures</td><td><a href="#m7">scenario</a></td><td rowspan="2">1579684244853</td><td rowspan="2">33797</td></tr><tr class="failedeven"><td><a href="#m8">scenario</a></td></tr><tr><th colspan="4">Xiaomi_RedmiY2_Android_8.1.0 &#8212; passed</th></tr><tr class="passedeven"><td rowspan="1">tests.cucumber.Runner.RunCucumberFeatures</td><td><a href="#m9">scenario</a></td><td rowspan="1">1579684298940</td><td rowspan="1">16979</td></tr></tbody>
<tbody id="t2"><tr><th colspan="4">Samsung_GalaxyJ7Prime_Android_8.1.0 &#8212; failed</th></tr><tr class="failedeven"><td rowspan="2">tests.cucumber.Runner.RunCucumberFeatures</td><td><a href="#m10">scenario</a></td><td rowspan="2">1579684238125</td><td rowspan="2">47557</td></tr><tr class="failedeven"><td><a href="#m11">scenario</a></td></tr><tr><th colspan="4">Samsung_GalaxyJ7Prime_Android_8.1.0 &#8212; passed</th></tr><tr class="passedeven"><td rowspan="1">tests.cucumber.Runner.RunCucumberFeatures</td><td><a href="#m12">scenario</a></td><td rowspan="1">1579684308258</td><td rowspan="1">18782</td></tr></tbody>
<tbody id="t3"><tr><th colspan="4">Samsung_GalaxyS10_Android_9.0.0 &#8212; failed</th></tr><tr class="failedeven"><td rowspan="1">tests.cucumber.Runner.RunCucumberFeatures</td><td><a href="#m13">scenario</a></td><td rowspan="1">1579684366237</td><td rowspan="1">39972</td></tr><tr><th colspan="4">Samsung_GalaxyS10_Android_9.0.0 &#8212; passed</th></tr><tr class="passedeven"><td rowspan="2">tests.cucumber.Runner.RunCucumberFeatures</td><td><a href="#m14">scenario</a></td><td rowspan="2">1579684423416</td><td rowspan="2">8782</td></tr><tr class="passedeven"><td><a href="#m15">scenario</a></td></tr></tbody>
<tbody id="t4"><tr><th colspan="4">Huawei_Honor8X_Android_9.0.0 &#8212; failed</th></tr><tr class="failedeven"><td rowspan="2">tests.cucumber.Runner.RunCucumberFeatures</td><td><a href="#m16">scenario</a></td><td rowspan="2">1579684506632</td><td rowspan="2">16176</td></tr><tr class="failedeven"><td><a href="#m17">scenario</a></td></tr><tr><th colspan="4">Huawei_Honor8X_Android_9.0.0 &#8212; passed</th></tr><tr class="passedeven"><td rowspan="1">tests.cucumber.Runner.RunCucumberFeatures</td><td><a href="#m18">scenario</a></td><td rowspan="1">1579684478724</td><td rowspan="1">9945</td></tr></tbody>
</table>
<h2>Huawei_Honor9Lite_Android_9.0.0</h2><h3 id="m0">tests.cucumber.Runner.RunCucumberFeatures#setup</h3><table class="result"><tr class="param"><th>Parameter #1</th></tr><tr class="param stripe"><td>Huawei_Honor9Lite_Android_9.0.0</td></tr><tr><th>Exception</th></tr><tr><td><div class="stacktrace">org.openqa.selenium.WebDriverException: It is impossible to create a new session because &apos;createSession&apos; which takes HttpClient, InputStream and long was not found or it is not accessible
Build info: version: &apos;3.141.59&apos;, revision: &apos;e82be7d358&apos;, time: &apos;2018-11-14T08:17:03&apos;
System info: host: &apos;Macs-MacBook-Pro.local&apos;, ip: &apos;172.30.178.4&apos;, os.name: &apos;Mac OS X&apos;, os.arch: &apos;x86_64&apos;, os.version: &apos;10.13.6&apos;, java.version: &apos;1.8.0_144&apos;
Driver info: driver.version: AndroidDriver
	at io.appium.java_client.remote.AppiumCommandExecutor$1.createSession(AppiumCommandExecutor.java:195)
	at io.appium.java_client.remote.AppiumCommandExecutor.createSession(AppiumCommandExecutor.java:209)
	at io.appium.java_client.remote.AppiumCommandExecutor.execute(AppiumCommandExecutor.java:231)
	at org.openqa.selenium.remote.RemoteWebDriver.execute(RemoteWebDriver.java:552)
	at io.appium.java_client.DefaultGenericMobileDriver.execute(DefaultGenericMobileDriver.java:42)
	at io.appium.java_client.AppiumDriver.execute(AppiumDriver.java:1)
	at io.appium.java_client.android.AndroidDriver.execute(AndroidDriver.java:1)
	at org.openqa.selenium.remote.RemoteWebDriver.startSession(RemoteWebDriver.java:213)
	at org.openqa.selenium.remote.RemoteWebDriver.&lt;init&gt;(RemoteWebDriver.java:131)
	at io.appium.java_client.DefaultGenericMobileDriver.&lt;init&gt;(DefaultGenericMobileDriver.java:38)
	at io.appium.java_client.AppiumDriver.&lt;init&gt;(AppiumDriver.java:84)
	at io.appium.java_client.AppiumDriver.&lt;init&gt;(AppiumDriver.java:94)
	at io.appium.java_client.android.AndroidDriver.&lt;init&gt;(AndroidDriver.java:93)
	at tests.BaseTest.setup(BaseTest.java:48)
	at java.util.concurrent.FutureTask.run(FutureTask.java:266)
	at java.util.concurrent.ThreadPoolExecutor.runWorker(ThreadPoolExecutor.java:1149)
	at java.util.concurrent.ThreadPoolExecutor$Worker.run(ThreadPoolExecutor.java:624)
	at java.lang.Thread.run(Thread.java:748)
	at io.appium.java_client.remote.AppiumCommandExecutor$1.createSession(AppiumCommandExecutor.java:185)
	... 36 more
Caused by: org.openqa.selenium.SessionNotCreatedException: Appium Server Error due to some reason please check Hub/AppiumStdErr logs for more Information (WARNING: The server did not provide any stacktrace information)
Command duration or timeout: 40.74 seconds
Build info: version: &apos;3.141.59&apos;, revision: &apos;e82be7d358&apos;, time: &apos;2018-11-14T08:17:03&apos;
System info: host: &apos;Macs-MacBook-Pro.local&apos;, ip: &apos;172.30.178.4&apos;, os.name: &apos;Mac OS X&apos;, os.arch: &apos;x86_64&apos;, os.version: &apos;10.13.6&apos;, java.version: &apos;1.8.0_144&apos;
Driver info: driver.version: AndroidDriver
	at org.openqa.selenium.remote.ErrorHandler.createThrowable(ErrorHandler.java:214)
	at org.openqa.selenium.remote.ErrorHandler.throwIfResponseFailed(ErrorHandler.java:166)
	at org.openqa.selenium.remote.JsonWireProtocolResponse.lambda$errorHandler$0(JsonWireProtocolResponse.java:54)
	at org.openqa.selenium.remote.HandshakeResponse.lambda$getResponseFunction$0(HandshakeResponse.java:30)
	at org.openqa.selenium.remote.ProtocolHandshake.lambda$createSession$0(ProtocolHandshake.java:126)
	at java.util.stream.ReferencePipeline$3$1.accept(ReferencePipeline.java:193)
	at java.util.Spliterators$ArraySpliterator.tryAdvance(Spliterators.java:958)
	at java.util.stream.ReferencePipeline.forEachWithCancel(ReferencePipeline.java:126)
	at java.util.stream.AbstractPipeline.copyIntoWithCancel(AbstractPipeline.java:498)
	at java.util.stream.AbstractPipeline.copyInto(AbstractPipeline.java:485)
	at java.util.stream.AbstractPipeline.wrapAndCopyInto(AbstractPipeline.java:471)
	at java.util.stream.FindOps$FindOp.evaluateSequential(FindOps.java:152)
	at java.util.stream.AbstractPipeline.evaluate(AbstractPipeline.java:234)
	at java.util.stream.ReferencePipeline.findFirst(ReferencePipeline.java:464)
	at org.openqa.selenium.remote.ProtocolHandshake.createSession(ProtocolHandshake.java:128)
	... 41 more
... Removed 28 stack frames</div></td></tr></table><p class="totop"><a href="#summary">back to summary</a></p>
<h3 id="m1">tests.cucumber.Runner.RunCucumberFeatures#scenario</h3><table class="result"><tr class="param"><th>Parameter #1</th><th>Parameter #2</th></tr><tr class="param stripe"><td>&quot;Verify cross number error message&quot;</td><td>&quot;Login Screen&quot;</td></tr><tr><th colspan="2">Exception</th></tr><tr><td colspan="2"><div class="stacktrace">org.openqa.selenium.TimeoutException: Expected condition failed: waiting for visibility of element located by By.xpath: //android.widget.TextView[@text=&apos;Please enter a valid Idea number!&apos;] (tried for 30 second(s) with 500 milliseconds interval)
	at org.openqa.selenium.support.ui.WebDriverWait.timeoutException(WebDriverWait.java:95)
	at org.openqa.selenium.support.ui.FluentWait.until(FluentWait.java:272)
	at screens.BaseScreen.waitAndFindElement(BaseScreen.java:55)
	at screens.BaseScreen.getText(BaseScreen.java:59)
	at screens.LoginScreen.validIdeaNumberPopup(LoginScreen.java:78)
	at tests.cucumber.steps.LoginSteps.alert_popup_should_be_disaply_as_Failure_in_Vodafone_system(LoginSteps.java:60)
	at ✽.Alert popup should be disaply as Please enter a valid Idea number(src/test/java/tests/cucumber/features/01login.feature:8)
Caused by: org.openqa.selenium.NoSuchElementException: An element could not be located on the page using the given search parameters. (WARNING: The server did not provide any stacktrace information)
Command duration or timeout: 0 milliseconds
For documentation on this error, please visit: https://www.seleniumhq.org/exceptions/no_such_element.html
Build info: version: &apos;3.141.59&apos;, revision: &apos;e82be7d358&apos;, time: &apos;2018-11-14T08:17:03&apos;
System info: host: &apos;Macs-MacBook-Pro.local&apos;, ip: &apos;172.30.178.4&apos;, os.name: &apos;Mac OS X&apos;, os.arch: &apos;x86_64&apos;, os.version: &apos;10.13.6&apos;, java.version: &apos;1.8.0_144&apos;
Driver info: io.appium.java_client.android.AndroidDriver
Capabilities {app: /home/radmin/build/raid-dat..., appActivity: com.ideacellular.myidea.Mai..., appPackage: com.ideacellular.myidea, automationName: UiAutomator2, databaseEnabled: false, desired: {app: /home/radmin/build/raid-dat..., appActivity: com.ideacellular.myidea.Mai..., appPackage: com.ideacellular.myidea, automationName: UiAutomator2, deviceName: 65, launchTimeout: 90000, newCommandTimeout: 600, pCloudy_ApiKey: crysw3jb36jvdymyz7zq3gzk, pCloudy_ApplicationName: Android_debug_TestIP_Prod_0..., pCloudy_DeviceFullName: Huawei_Honor9Lite_Android_9..., pCloudy_DurationInMinutes: 60, pCloudy_Username: rohitv@iprogrammer.com, platformName: Android, resetKeyboard: true, systemPort: 1034, udid: 9SF3Y18628006433, unicodeKeyboard: true}, deviceApiLevel: 28, deviceManufacturer: HUAWEI, deviceModel: LLD-AL10, deviceName: 9SF3Y18628006433, deviceScreenDensity: 480, deviceScreenSize: 1080x2160, deviceUDID: 9SF3Y18628006433, javascriptEnabled: true, launchTimeout: 90000, locationContextEnabled: false, networkConnectionEnabled: true, newCommandTimeout: 600, pCloudy_ApiKey: crysw3jb36jvdymyz7zq3gzk, pCloudy_ApplicationName: Android_debug_TestIP_Prod_0..., pCloudy_DeviceFullName: Huawei_Honor9Lite_Android_9..., pCloudy_DurationInMinutes: 60, pCloudy_Username: rohitv@iprogrammer.com, pixelRatio: 3, platform: LINUX, platformName: Android, platformVersion: 9, resetKeyboard: true, statBarHeight: 72, systemPort: 1034, takesScreenshot: true, udid: 9SF3Y18628006433, unicodeKeyboard: true, viewportRect: {height: 1960, left: 0, top: 72, width: 1080}, warnings: {}, webStorageEnabled: false}
Session ID: 035e956b-6ac5-41d6-919e-f743d6c89701
*** Element info: {Using=xpath, value=//android.widget.TextView[@text=&apos;Please enter a valid Idea number!&apos;]}
	at org.openqa.selenium.remote.ErrorHandler.createThrowable(ErrorHandler.java:214)
	at org.openqa.selenium.remote.ErrorHandler.throwIfResponseFailed(ErrorHandler.java:166)
	at org.openqa.selenium.remote.http.JsonHttpResponseCodec.reconstructValue(JsonHttpResponseCodec.java:40)
	at org.openqa.selenium.remote.http.AbstractHttpResponseCodec.decode(AbstractHttpResponseCodec.java:80)
	at org.openqa.selenium.remote.http.AbstractHttpResponseCodec.decode(AbstractHttpResponseCodec.java:44)
	at org.openqa.selenium.remote.HttpCommandExecutor.execute(HttpCommandExecutor.java:158)
	at io.appium.java_client.remote.AppiumCommandExecutor.execute(AppiumCommandExecutor.java:231)
	at org.openqa.selenium.remote.RemoteWebDriver.execute(RemoteWebDriver.java:552)
	at io.appium.java_client.DefaultGenericMobileDriver.execute(DefaultGenericMobileDriver.java:42)
	at io.appium.java_client.AppiumDriver.execute(AppiumDriver.java:1)
	at io.appium.java_client.android.AndroidDriver.execute(AndroidDriver.java:1)
	at org.openqa.selenium.remote.RemoteWebDriver.findElement(RemoteWebDriver.java:323)
	at io.appium.java_client.DefaultGenericMobileDriver.findElement(DefaultGenericMobileDriver.java:62)
	at io.appium.java_client.AppiumDriver.findElement(AppiumDriver.java:1)
	at io.appium.java_client.android.AndroidDriver.findElement(AndroidDriver.java:1)
	at org.openqa.selenium.remote.RemoteWebDriver.findElementByXPath(RemoteWebDriver.java:428)
	at io.appium.java_client.DefaultGenericMobileDriver.findElementByXPath(DefaultGenericMobileDriver.java:152)
	at io.appium.java_client.AppiumDriver.findElementByXPath(AppiumDriver.java:1)
	at io.appium.java_client.android.AndroidDriver.findElementByXPath(AndroidDriver.java:1)
	at org.openqa.selenium.By$ByXPath.findElement(By.java:353)
	at org.openqa.selenium.remote.RemoteWebDriver.findElement(RemoteWebDriver.java:315)
	at io.appium.java_client.DefaultGenericMobileDriver.findElement(DefaultGenericMobileDriver.java:58)
	at io.appium.java_client.AppiumDriver.findElement(AppiumDriver.java:1)
	at io.appium.java_client.android.AndroidDriver.findElement(AndroidDriver.java:1)
	at org.openqa.selenium.support.ui.ExpectedConditions$7.apply(ExpectedConditions.java:205)
	at org.openqa.selenium.support.ui.ExpectedConditions$7.apply(ExpectedConditions.java:201)
	at org.openqa.selenium.support.ui.FluentWait.until(FluentWait.java:249)
	at screens.BaseScreen.waitAndFindElement(BaseScreen.java:55)
	at screens.BaseScreen.getText(BaseScreen.java:59)
	at screens.LoginScreen.validIdeaNumberPopup(LoginScreen.java:78)
	at tests.cucumber.steps.LoginSteps.alert_popup_should_be_disaply_as_Failure_in_Vodafone_system(LoginSteps.java:60)
	at cucumber.runtime.Utils$1.call(Utils.java:26)
	at cucumber.runtime.Timeout.timeout(Timeout.java:16)
	at cucumber.runtime.Utils.invoke(Utils.java:20)
	at cucumber.runtime.java.JavaStepDefinition.execute(JavaStepDefinition.java:49)
	at cucumber.runner.PickleStepDefinitionMatch.runStep(PickleStepDefinitionMatch.java:50)
	at cucumber.runner.TestStep.executeStep(TestStep.java:63)
	at cucumber.runner.TestStep.run(TestStep.java:49)
	at cucumber.runner.PickleStepTestStep.run(PickleStepTestStep.java:43)
	at cucumber.runner.TestCase.run(TestCase.java:44)
	at cucumber.runner.Runner.runPickle(Runner.java:40)
	at cucumber.api.testng.TestNGCucumberRunner.runScenario(TestNGCucumberRunner.java:68)
	at tests.cucumber.Runner.RunCucumberFeatures.scenario(RunCucumberFeatures.java:75)
	at java.util.concurrent.FutureTask.run(FutureTask.java:266)
	at java.util.concurrent.ThreadPoolExecutor.runWorker(ThreadPoolExecutor.java:1149)
	at java.util.concurrent.ThreadPoolExecutor$Worker.run(ThreadPoolExecutor.java:624)
	at java.lang.Thread.run(Thread.java:748)
... Removed 23 stack frames</div></td></tr></table><p class="totop"><a href="#summary">back to summary</a></p>
<h3 id="m2">tests.cucumber.Runner.RunCucumberFeatures#setup</h3><table class="result"><tr><th class="invisible"/></tr></table><p class="totop"><a href="#summary">back to summary</a></p>
<h3 id="m3">tests.cucumber.Runner.RunCucumberFeatures#teardown</h3><table class="result"><tr><th class="invisible"/></tr></table><p class="totop"><a href="#summary">back to summary</a></p>
<h3 id="m4">tests.cucumber.Runner.RunCucumberFeatures#teardown</h3><table class="result"><tr><th class="invisible"/></tr></table><p class="totop"><a href="#summary">back to summary</a></p>
<h3 id="m5">tests.cucumber.Runner.RunCucumberFeatures#scenario</h3><table class="result"><tr><th>Exception</th></tr><tr><td><div class="stacktrace">org.openqa.selenium.WebDriverException: It is impossible to create a new session because &apos;createSession&apos; which takes HttpClient, InputStream and long was not found or it is not accessible
Build info: version: &apos;3.141.59&apos;, revision: &apos;e82be7d358&apos;, time: &apos;2018-11-14T08:17:03&apos;
System info: host: &apos;Macs-MacBook-Pro.local&apos;, ip: &apos;172.30.178.4&apos;, os.name: &apos;Mac OS X&apos;, os.arch: &apos;x86_64&apos;, os.version: &apos;10.13.6&apos;, java.version: &apos;1.8.0_144&apos;
Driver info: driver.version: AndroidDriver
	at io.appium.java_client.remote.AppiumCommandExecutor$1.createSession(AppiumCommandExecutor.java:195)
	at io.appium.java_client.remote.AppiumCommandExecutor.createSession(AppiumCommandExecutor.java:209)
	at io.appium.java_client.remote.AppiumCommandExecutor.execute(AppiumCommandExecutor.java:231)
	at org.openqa.selenium.remote.RemoteWebDriver.execute(RemoteWebDriver.java:552)
	at io.appium.java_client.DefaultGenericMobileDriver.execute(DefaultGenericMobileDriver.java:42)
	at io.appium.java_client.AppiumDriver.execute(AppiumDriver.java:1)
	at io.appium.java_client.android.AndroidDriver.execute(AndroidDriver.java:1)
	at org.openqa.selenium.remote.RemoteWebDriver.startSession(RemoteWebDriver.java:213)
	at org.openqa.selenium.remote.RemoteWebDriver.&lt;init&gt;(RemoteWebDriver.java:131)
	at io.appium.java_client.DefaultGenericMobileDriver.&lt;init&gt;(DefaultGenericMobileDriver.java:38)
	at io.appium.java_client.AppiumDriver.&lt;init&gt;(AppiumDriver.java:84)
	at io.appium.java_client.AppiumDriver.&lt;init&gt;(AppiumDriver.java:94)
	at io.appium.java_client.android.AndroidDriver.&lt;init&gt;(AndroidDriver.java:93)
	at tests.BaseTest.setup(BaseTest.java:48)
	at java.util.concurrent.FutureTask.run(FutureTask.java:266)
	at java.util.concurrent.ThreadPoolExecutor.runWorker(ThreadPoolExecutor.java:1149)
	at java.util.concurrent.ThreadPoolExecutor$Worker.run(ThreadPoolExecutor.java:624)
	at java.lang.Thread.run(Thread.java:748)
	at io.appium.java_client.remote.AppiumCommandExecutor$1.createSession(AppiumCommandExecutor.java:185)
	... 36 more
Caused by: org.openqa.selenium.SessionNotCreatedException: Appium Server Error due to some reason please check Hub/AppiumStdErr logs for more Information (WARNING: The server did not provide any stacktrace information)
Command duration or timeout: 40.74 seconds
Build info: version: &apos;3.141.59&apos;, revision: &apos;e82be7d358&apos;, time: &apos;2018-11-14T08:17:03&apos;
System info: host: &apos;Macs-MacBook-Pro.local&apos;, ip: &apos;172.30.178.4&apos;, os.name: &apos;Mac OS X&apos;, os.arch: &apos;x86_64&apos;, os.version: &apos;10.13.6&apos;, java.version: &apos;1.8.0_144&apos;
Driver info: driver.version: AndroidDriver
	at org.openqa.selenium.remote.ErrorHandler.createThrowable(ErrorHandler.java:214)
	at org.openqa.selenium.remote.ErrorHandler.throwIfResponseFailed(ErrorHandler.java:166)
	at org.openqa.selenium.remote.JsonWireProtocolResponse.lambda$errorHandler$0(JsonWireProtocolResponse.java:54)
	at org.openqa.selenium.remote.HandshakeResponse.lambda$getResponseFunction$0(HandshakeResponse.java:30)
	at org.openqa.selenium.remote.ProtocolHandshake.lambda$createSession$0(ProtocolHandshake.java:126)
	at java.util.stream.ReferencePipeline$3$1.accept(ReferencePipeline.java:193)
	at java.util.Spliterators$ArraySpliterator.tryAdvance(Spliterators.java:958)
	at java.util.stream.ReferencePipeline.forEachWithCancel(ReferencePipeline.java:126)
	at java.util.stream.AbstractPipeline.copyIntoWithCancel(AbstractPipeline.java:498)
	at java.util.stream.AbstractPipeline.copyInto(AbstractPipeline.java:485)
	at java.util.stream.AbstractPipeline.wrapAndCopyInto(AbstractPipeline.java:471)
	at java.util.stream.FindOps$FindOp.evaluateSequential(FindOps.java:152)
	at java.util.stream.AbstractPipeline.evaluate(AbstractPipeline.java:234)
	at java.util.stream.ReferencePipeline.findFirst(ReferencePipeline.java:464)
	at org.openqa.selenium.remote.ProtocolHandshake.createSession(ProtocolHandshake.java:128)
	... 41 more
... Removed 28 stack frames</div></td></tr></table><p class="totop"><a href="#summary">back to summary</a></p>
<h3 id="m6">tests.cucumber.Runner.RunCucumberFeatures#scenario</h3><table class="result"><tr><th>Exception</th></tr><tr><td><div class="stacktrace">org.openqa.selenium.WebDriverException: It is impossible to create a new session because &apos;createSession&apos; which takes HttpClient, InputStream and long was not found or it is not accessible
Build info: version: &apos;3.141.59&apos;, revision: &apos;e82be7d358&apos;, time: &apos;2018-11-14T08:17:03&apos;
System info: host: &apos;Macs-MacBook-Pro.local&apos;, ip: &apos;172.30.178.4&apos;, os.name: &apos;Mac OS X&apos;, os.arch: &apos;x86_64&apos;, os.version: &apos;10.13.6&apos;, java.version: &apos;1.8.0_144&apos;
Driver info: driver.version: AndroidDriver
	at io.appium.java_client.remote.AppiumCommandExecutor$1.createSession(AppiumCommandExecutor.java:195)
	at io.appium.java_client.remote.AppiumCommandExecutor.createSession(AppiumCommandExecutor.java:209)
	at io.appium.java_client.remote.AppiumCommandExecutor.execute(AppiumCommandExecutor.java:231)
	at org.openqa.selenium.remote.RemoteWebDriver.execute(RemoteWebDriver.java:552)
	at io.appium.java_client.DefaultGenericMobileDriver.execute(DefaultGenericMobileDriver.java:42)
	at io.appium.java_client.AppiumDriver.execute(AppiumDriver.java:1)
	at io.appium.java_client.android.AndroidDriver.execute(AndroidDriver.java:1)
	at org.openqa.selenium.remote.RemoteWebDriver.startSession(RemoteWebDriver.java:213)
	at org.openqa.selenium.remote.RemoteWebDriver.&lt;init&gt;(RemoteWebDriver.java:131)
	at io.appium.java_client.DefaultGenericMobileDriver.&lt;init&gt;(DefaultGenericMobileDriver.java:38)
	at io.appium.java_client.AppiumDriver.&lt;init&gt;(AppiumDriver.java:84)
	at io.appium.java_client.AppiumDriver.&lt;init&gt;(AppiumDriver.java:94)
	at io.appium.java_client.android.AndroidDriver.&lt;init&gt;(AndroidDriver.java:93)
	at tests.BaseTest.setup(BaseTest.java:48)
	at java.util.concurrent.FutureTask.run(FutureTask.java:266)
	at java.util.concurrent.ThreadPoolExecutor.runWorker(ThreadPoolExecutor.java:1149)
	at java.util.concurrent.ThreadPoolExecutor$Worker.run(ThreadPoolExecutor.java:624)
	at java.lang.Thread.run(Thread.java:748)
	at io.appium.java_client.remote.AppiumCommandExecutor$1.createSession(AppiumCommandExecutor.java:185)
	... 36 more
Caused by: org.openqa.selenium.SessionNotCreatedException: Appium Server Error due to some reason please check Hub/AppiumStdErr logs for more Information (WARNING: The server did not provide any stacktrace information)
Command duration or timeout: 40.74 seconds
Build info: version: &apos;3.141.59&apos;, revision: &apos;e82be7d358&apos;, time: &apos;2018-11-14T08:17:03&apos;
System info: host: &apos;Macs-MacBook-Pro.local&apos;, ip: &apos;172.30.178.4&apos;, os.name: &apos;Mac OS X&apos;, os.arch: &apos;x86_64&apos;, os.version: &apos;10.13.6&apos;, java.version: &apos;1.8.0_144&apos;
Driver info: driver.version: AndroidDriver
	at org.openqa.selenium.remote.ErrorHandler.createThrowable(ErrorHandler.java:214)
	at org.openqa.selenium.remote.ErrorHandler.throwIfResponseFailed(ErrorHandler.java:166)
	at org.openqa.selenium.remote.JsonWireProtocolResponse.lambda$errorHandler$0(JsonWireProtocolResponse.java:54)
	at org.openqa.selenium.remote.HandshakeResponse.lambda$getResponseFunction$0(HandshakeResponse.java:30)
	at org.openqa.selenium.remote.ProtocolHandshake.lambda$createSession$0(ProtocolHandshake.java:126)
	at java.util.stream.ReferencePipeline$3$1.accept(ReferencePipeline.java:193)
	at java.util.Spliterators$ArraySpliterator.tryAdvance(Spliterators.java:958)
	at java.util.stream.ReferencePipeline.forEachWithCancel(ReferencePipeline.java:126)
	at java.util.stream.AbstractPipeline.copyIntoWithCancel(AbstractPipeline.java:498)
	at java.util.stream.AbstractPipeline.copyInto(AbstractPipeline.java:485)
	at java.util.stream.AbstractPipeline.wrapAndCopyInto(AbstractPipeline.java:471)
	at java.util.stream.FindOps$FindOp.evaluateSequential(FindOps.java:152)
	at java.util.stream.AbstractPipeline.evaluate(AbstractPipeline.java:234)
	at java.util.stream.ReferencePipeline.findFirst(ReferencePipeline.java:464)
	at org.openqa.selenium.remote.ProtocolHandshake.createSession(ProtocolHandshake.java:128)
	... 41 more
... Removed 28 stack frames</div></td></tr></table><p class="totop"><a href="#summary">back to summary</a></p>
<h2>Xiaomi_RedmiY2_Android_8.1.0</h2><h3 id="m7">tests.cucumber.Runner.RunCucumberFeatures#scenario</h3><table class="result"><tr class="param"><th>Parameter #1</th><th>Parameter #2</th></tr><tr class="param stripe"><td>&quot;Verify cross number error message&quot;</td><td>&quot;Login Screen&quot;</td></tr><tr><th colspan="2">Exception</th></tr><tr><td colspan="2"><div class="stacktrace">org.openqa.selenium.WebDriverException: An unknown server-side error occurred while processing the command. Original error: Could not proxy command to remote server. Original error: Error: socket hang up (WARNING: The server did not provide any stacktrace information)
Command duration or timeout: 0 milliseconds
Build info: version: &apos;3.141.59&apos;, revision: &apos;e82be7d358&apos;, time: &apos;2018-11-14T08:17:03&apos;
System info: host: &apos;Macs-MacBook-Pro.local&apos;, ip: &apos;172.30.178.4&apos;, os.name: &apos;Mac OS X&apos;, os.arch: &apos;x86_64&apos;, os.version: &apos;10.13.6&apos;, java.version: &apos;1.8.0_144&apos;
Driver info: io.appium.java_client.android.AndroidDriver
Capabilities {app: /home/radmin/build/raid-dat..., appActivity: com.ideacellular.myidea.Mai..., appPackage: com.ideacellular.myidea, automationName: UiAutomator2, databaseEnabled: false, desired: {app: /home/radmin/build/raid-dat..., appActivity: com.ideacellular.myidea.Mai..., appPackage: com.ideacellular.myidea, automationName: UiAutomator2, deviceName: 69, launchTimeout: 90000, newCommandTimeout: 600, pCloudy_ApiKey: crysw3jb36jvdymyz7zq3gzk, pCloudy_ApplicationName: Android_debug_TestIP_Prod_0..., pCloudy_DeviceFullName: Xiaomi_RedmiY2_Android_8.1.0, pCloudy_DurationInMinutes: 60, pCloudy_Username: rohitv@iprogrammer.com, platformName: Android, resetKeyboard: true, systemPort: 1110, udid: 52449adb, unicodeKeyboard: true}, deviceApiLevel: 27, deviceManufacturer: Xiaomi, deviceModel: Redmi Y2, deviceName: 52449adb, deviceScreenDensity: 320, deviceScreenSize: 720x1440, deviceUDID: 52449adb, javascriptEnabled: true, launchTimeout: 90000, locationContextEnabled: false, networkConnectionEnabled: true, newCommandTimeout: 600, pCloudy_ApiKey: crysw3jb36jvdymyz7zq3gzk, pCloudy_ApplicationName: Android_debug_TestIP_Prod_0..., pCloudy_DeviceFullName: Xiaomi_RedmiY2_Android_8.1.0, pCloudy_DurationInMinutes: 60, pCloudy_Username: rohitv@iprogrammer.com, pixelRatio: 2, platform: LINUX, platformName: Android, platformVersion: 8.1.0, resetKeyboard: true, statBarHeight: 48, systemPort: 1110, takesScreenshot: true, udid: 52449adb, unicodeKeyboard: true, viewportRect: {height: 1296, left: 0, top: 48, width: 720}, warnings: {}, webStorageEnabled: false}
Session ID: 5e587836-79f5-4580-bee1-3da6d6cbbbc7
*** Element info: {Using=xpath, value=//android.widget.TextView[@text=&apos;Please enter a valid Idea number!&apos;]}
	at org.openqa.selenium.remote.ErrorHandler.createThrowable(ErrorHandler.java:214)
	at org.openqa.selenium.remote.ErrorHandler.throwIfResponseFailed(ErrorHandler.java:166)
	at org.openqa.selenium.remote.http.JsonHttpResponseCodec.reconstructValue(JsonHttpResponseCodec.java:40)
	at org.openqa.selenium.remote.http.AbstractHttpResponseCodec.decode(AbstractHttpResponseCodec.java:80)
	at org.openqa.selenium.remote.http.AbstractHttpResponseCodec.decode(AbstractHttpResponseCodec.java:44)
	at org.openqa.selenium.remote.HttpCommandExecutor.execute(HttpCommandExecutor.java:158)
	at io.appium.java_client.remote.AppiumCommandExecutor.execute(AppiumCommandExecutor.java:231)
	at org.openqa.selenium.remote.RemoteWebDriver.execute(RemoteWebDriver.java:552)
	at io.appium.java_client.DefaultGenericMobileDriver.execute(DefaultGenericMobileDriver.java:42)
	at io.appium.java_client.AppiumDriver.execute(AppiumDriver.java:1)
	at io.appium.java_client.android.AndroidDriver.execute(AndroidDriver.java:1)
	at org.openqa.selenium.remote.RemoteWebDriver.findElement(RemoteWebDriver.java:323)
	at io.appium.java_client.DefaultGenericMobileDriver.findElement(DefaultGenericMobileDriver.java:62)
	at io.appium.java_client.AppiumDriver.findElement(AppiumDriver.java:1)
	at io.appium.java_client.android.AndroidDriver.findElement(AndroidDriver.java:1)
	at org.openqa.selenium.remote.RemoteWebDriver.findElementByXPath(RemoteWebDriver.java:428)
	at io.appium.java_client.DefaultGenericMobileDriver.findElementByXPath(DefaultGenericMobileDriver.java:152)
	at io.appium.java_client.AppiumDriver.findElementByXPath(AppiumDriver.java:1)
	at io.appium.java_client.android.AndroidDriver.findElementByXPath(AndroidDriver.java:1)
	at org.openqa.selenium.By$ByXPath.findElement(By.java:353)
	at org.openqa.selenium.remote.RemoteWebDriver.findElement(RemoteWebDriver.java:315)
	at io.appium.java_client.DefaultGenericMobileDriver.findElement(DefaultGenericMobileDriver.java:58)
	at io.appium.java_client.AppiumDriver.findElement(AppiumDriver.java:1)
	at io.appium.java_client.android.AndroidDriver.findElement(AndroidDriver.java:1)
	at org.openqa.selenium.support.ui.ExpectedConditions$7.apply(ExpectedConditions.java:205)
	at org.openqa.selenium.support.ui.ExpectedConditions$7.apply(ExpectedConditions.java:201)
	at org.openqa.selenium.support.ui.FluentWait.until(FluentWait.java:249)
	at screens.BaseScreen.waitAndFindElement(BaseScreen.java:55)
	at screens.BaseScreen.getText(BaseScreen.java:59)
	at screens.LoginScreen.validIdeaNumberPopup(LoginScreen.java:78)
	at tests.cucumber.steps.LoginSteps.alert_popup_should_be_disaply_as_Failure_in_Vodafone_system(LoginSteps.java:60)
	at ✽.Alert popup should be disaply as Please enter a valid Idea number(src/test/java/tests/cucumber/features/01login.feature:8)
... Removed 4 stack frames</div></td></tr></table><p class="totop"><a href="#summary">back to summary</a></p>
<h3 id="m8">tests.cucumber.Runner.RunCucumberFeatures#scenario</h3><table class="result"><tr class="param"><th>Parameter #1</th><th>Parameter #2</th></tr><tr class="param stripe"><td>&quot;Verify if there is a cross icon available to erase the entered text&quot;</td><td>&quot;Login Screen&quot;</td></tr><tr><th colspan="2">Exception</th></tr><tr><td colspan="2"><div class="stacktrace">java.lang.AssertionError: expected [true] but found [false]
	at screens.LoginScreen.clickOnCancelIcon(LoginScreen.java:91)
	at tests.cucumber.steps.LoginSteps.User_should_click_on_cancel_icon_and_verify_textbox_is_empty(LoginSteps.java:72)
	at ✽.User should click on cancel icon and verify textbox is empty(src/test/java/tests/cucumber/features/01login.feature:20)
... Removed 4 stack frames</div></td></tr></table><p class="totop"><a href="#summary">back to summary</a></p>
<h3 id="m9">tests.cucumber.Runner.RunCucumberFeatures#scenario</h3><table class="result"><tr class="param"><th>Parameter #1</th><th>Parameter #2</th></tr><tr class="param stripe"><td>&quot;Verify login functionality with blank text&quot;</td><td>&quot;Login Screen&quot;</td></tr></table><p class="totop"><a href="#summary">back to summary</a></p>
<h2>Samsung_GalaxyJ7Prime_Android_8.1.0</h2><h3 id="m10">tests.cucumber.Runner.RunCucumberFeatures#scenario</h3><table class="result"><tr class="param"><th>Parameter #1</th><th>Parameter #2</th></tr><tr class="param stripe"><td>&quot;Verify cross number error message&quot;</td><td>&quot;Login Screen&quot;</td></tr><tr><th colspan="2">Exception</th></tr><tr><td colspan="2"><div class="stacktrace">org.openqa.selenium.TimeoutException: Expected condition failed: waiting for visibility of element located by By.xpath: //android.widget.TextView[@text=&apos;Please enter a valid Idea number!&apos;] (tried for 30 second(s) with 500 milliseconds interval)
	at org.openqa.selenium.support.ui.WebDriverWait.timeoutException(WebDriverWait.java:95)
	at org.openqa.selenium.support.ui.FluentWait.until(FluentWait.java:272)
	at screens.BaseScreen.waitAndFindElement(BaseScreen.java:55)
	at screens.BaseScreen.getText(BaseScreen.java:59)
	at screens.LoginScreen.validIdeaNumberPopup(LoginScreen.java:78)
	at tests.cucumber.steps.LoginSteps.alert_popup_should_be_disaply_as_Failure_in_Vodafone_system(LoginSteps.java:60)
	at ✽.Alert popup should be disaply as Please enter a valid Idea number(src/test/java/tests/cucumber/features/01login.feature:8)
Caused by: org.openqa.selenium.NoSuchElementException: An element could not be located on the page using the given search parameters. (WARNING: The server did not provide any stacktrace information)
Command duration or timeout: 0 milliseconds
For documentation on this error, please visit: https://www.seleniumhq.org/exceptions/no_such_element.html
Build info: version: &apos;3.141.59&apos;, revision: &apos;e82be7d358&apos;, time: &apos;2018-11-14T08:17:03&apos;
System info: host: &apos;Macs-MacBook-Pro.local&apos;, ip: &apos;172.30.178.4&apos;, os.name: &apos;Mac OS X&apos;, os.arch: &apos;x86_64&apos;, os.version: &apos;10.13.6&apos;, java.version: &apos;1.8.0_144&apos;
Driver info: io.appium.java_client.android.AndroidDriver
Capabilities {app: /home/radmin/build/raid-dat..., appActivity: com.ideacellular.myidea.Mai..., appPackage: com.ideacellular.myidea, automationName: UiAutomator2, databaseEnabled: false, desired: {app: /home/radmin/build/raid-dat..., appActivity: com.ideacellular.myidea.Mai..., appPackage: com.ideacellular.myidea, automationName: UiAutomator2, deviceName: 66, launchTimeout: 90000, newCommandTimeout: 600, pCloudy_ApiKey: crysw3jb36jvdymyz7zq3gzk, pCloudy_ApplicationName: Android_debug_TestIP_Prod_0..., pCloudy_DeviceFullName: Samsung_GalaxyJ7Prime_Andro..., pCloudy_DurationInMinutes: 60, pCloudy_Username: rohitv@iprogrammer.com, platformName: Android, resetKeyboard: true, systemPort: 1058, udid: 330041bbdf247419, unicodeKeyboard: true}, deviceApiLevel: 27, deviceManufacturer: samsung, deviceModel: SM-G610F, deviceName: 330041bbdf247419, deviceScreenDensity: 480, deviceScreenSize: 1080x1920, deviceUDID: 330041bbdf247419, javascriptEnabled: true, launchTimeout: 90000, locationContextEnabled: false, networkConnectionEnabled: true, newCommandTimeout: 600, pCloudy_ApiKey: crysw3jb36jvdymyz7zq3gzk, pCloudy_ApplicationName: Android_debug_TestIP_Prod_0..., pCloudy_DeviceFullName: Samsung_GalaxyJ7Prime_Andro..., pCloudy_DurationInMinutes: 60, pCloudy_Username: rohitv@iprogrammer.com, pixelRatio: 3, platform: LINUX, platformName: Android, platformVersion: 8.1.0, resetKeyboard: true, statBarHeight: 72, systemPort: 1058, takesScreenshot: true, udid: 330041bbdf247419, unicodeKeyboard: true, viewportRect: {height: 1848, left: 0, top: 72, width: 1080}, warnings: {}, webStorageEnabled: false}
Session ID: dff7b2f9-73a9-416e-94a0-2465a6a2a356
*** Element info: {Using=xpath, value=//android.widget.TextView[@text=&apos;Please enter a valid Idea number!&apos;]}
	at org.openqa.selenium.remote.ErrorHandler.createThrowable(ErrorHandler.java:214)
	at org.openqa.selenium.remote.ErrorHandler.throwIfResponseFailed(ErrorHandler.java:166)
	at org.openqa.selenium.remote.http.JsonHttpResponseCodec.reconstructValue(JsonHttpResponseCodec.java:40)
	at org.openqa.selenium.remote.http.AbstractHttpResponseCodec.decode(AbstractHttpResponseCodec.java:80)
	at org.openqa.selenium.remote.http.AbstractHttpResponseCodec.decode(AbstractHttpResponseCodec.java:44)
	at org.openqa.selenium.remote.HttpCommandExecutor.execute(HttpCommandExecutor.java:158)
	at io.appium.java_client.remote.AppiumCommandExecutor.execute(AppiumCommandExecutor.java:231)
	at org.openqa.selenium.remote.RemoteWebDriver.execute(RemoteWebDriver.java:552)
	at io.appium.java_client.DefaultGenericMobileDriver.execute(DefaultGenericMobileDriver.java:42)
	at io.appium.java_client.AppiumDriver.execute(AppiumDriver.java:1)
	at io.appium.java_client.android.AndroidDriver.execute(AndroidDriver.java:1)
	at org.openqa.selenium.remote.RemoteWebDriver.findElement(RemoteWebDriver.java:323)
	at io.appium.java_client.DefaultGenericMobileDriver.findElement(DefaultGenericMobileDriver.java:62)
	at io.appium.java_client.AppiumDriver.findElement(AppiumDriver.java:1)
	at io.appium.java_client.android.AndroidDriver.findElement(AndroidDriver.java:1)
	at org.openqa.selenium.remote.RemoteWebDriver.findElementByXPath(RemoteWebDriver.java:428)
	at io.appium.java_client.DefaultGenericMobileDriver.findElementByXPath(DefaultGenericMobileDriver.java:152)
	at io.appium.java_client.AppiumDriver.findElementByXPath(AppiumDriver.java:1)
	at io.appium.java_client.android.AndroidDriver.findElementByXPath(AndroidDriver.java:1)
	at org.openqa.selenium.By$ByXPath.findElement(By.java:353)
	at org.openqa.selenium.remote.RemoteWebDriver.findElement(RemoteWebDriver.java:315)
	at io.appium.java_client.DefaultGenericMobileDriver.findElement(DefaultGenericMobileDriver.java:58)
	at io.appium.java_client.AppiumDriver.findElement(AppiumDriver.java:1)
	at io.appium.java_client.android.AndroidDriver.findElement(AndroidDriver.java:1)
	at org.openqa.selenium.support.ui.ExpectedConditions$7.apply(ExpectedConditions.java:205)
	at org.openqa.selenium.support.ui.ExpectedConditions$7.apply(ExpectedConditions.java:201)
	at org.openqa.selenium.support.ui.FluentWait.until(FluentWait.java:249)
	at screens.BaseScreen.waitAndFindElement(BaseScreen.java:55)
	at screens.BaseScreen.getText(BaseScreen.java:59)
	at screens.LoginScreen.validIdeaNumberPopup(LoginScreen.java:78)
	at tests.cucumber.steps.LoginSteps.alert_popup_should_be_disaply_as_Failure_in_Vodafone_system(LoginSteps.java:60)
	at cucumber.runtime.Utils$1.call(Utils.java:26)
	at cucumber.runtime.Timeout.timeout(Timeout.java:16)
	at cucumber.runtime.Utils.invoke(Utils.java:20)
	at cucumber.runtime.java.JavaStepDefinition.execute(JavaStepDefinition.java:49)
	at cucumber.runner.PickleStepDefinitionMatch.runStep(PickleStepDefinitionMatch.java:50)
	at cucumber.runner.TestStep.executeStep(TestStep.java:63)
	at cucumber.runner.TestStep.run(TestStep.java:49)
	at cucumber.runner.PickleStepTestStep.run(PickleStepTestStep.java:43)
	at cucumber.runner.TestCase.run(TestCase.java:44)
	at cucumber.runner.Runner.runPickle(Runner.java:40)
	at cucumber.api.testng.TestNGCucumberRunner.runScenario(TestNGCucumberRunner.java:68)
	at tests.cucumber.Runner.RunCucumberFeatures.scenario(RunCucumberFeatures.java:75)
	at java.util.concurrent.FutureTask.run(FutureTask.java:266)
	at java.util.concurrent.ThreadPoolExecutor.runWorker(ThreadPoolExecutor.java:1149)
	at java.util.concurrent.ThreadPoolExecutor$Worker.run(ThreadPoolExecutor.java:624)
	at java.lang.Thread.run(Thread.java:748)
... Removed 23 stack frames</div></td></tr></table><p class="totop"><a href="#summary">back to summary</a></p>
<h3 id="m11">tests.cucumber.Runner.RunCucumberFeatures#scenario</h3><table class="result"><tr class="param"><th>Parameter #1</th><th>Parameter #2</th></tr><tr class="param stripe"><td>&quot;Verify if there is a cross icon available to erase the entered text&quot;</td><td>&quot;Login Screen&quot;</td></tr><tr><th colspan="2">Exception</th></tr><tr><td colspan="2"><div class="stacktrace">java.lang.AssertionError: expected [true] but found [false]
	at screens.LoginScreen.clickOnCancelIcon(LoginScreen.java:91)
	at tests.cucumber.steps.LoginSteps.User_should_click_on_cancel_icon_and_verify_textbox_is_empty(LoginSteps.java:72)
	at ✽.User should click on cancel icon and verify textbox is empty(src/test/java/tests/cucumber/features/01login.feature:20)
... Removed 4 stack frames</div></td></tr></table><p class="totop"><a href="#summary">back to summary</a></p>
<h3 id="m12">tests.cucumber.Runner.RunCucumberFeatures#scenario</h3><table class="result"><tr class="param"><th>Parameter #1</th><th>Parameter #2</th></tr><tr class="param stripe"><td>&quot;Verify login functionality with blank text&quot;</td><td>&quot;Login Screen&quot;</td></tr></table><p class="totop"><a href="#summary">back to summary</a></p>
<h2>Samsung_GalaxyS10_Android_9.0.0</h2><h3 id="m13">tests.cucumber.Runner.RunCucumberFeatures#scenario</h3><table class="result"><tr class="param"><th>Parameter #1</th><th>Parameter #2</th></tr><tr class="param stripe"><td>&quot;Verify cross number error message&quot;</td><td>&quot;Login Screen&quot;</td></tr><tr><th colspan="2">Exception</th></tr><tr><td colspan="2"><div class="stacktrace">org.openqa.selenium.TimeoutException: Expected condition failed: waiting for visibility of element located by By.xpath: //android.widget.TextView[@text=&apos;Please enter a valid Idea number!&apos;] (tried for 30 second(s) with 500 milliseconds interval)
	at org.openqa.selenium.support.ui.WebDriverWait.timeoutException(WebDriverWait.java:95)
	at org.openqa.selenium.support.ui.FluentWait.until(FluentWait.java:272)
	at screens.BaseScreen.waitAndFindElement(BaseScreen.java:55)
	at screens.BaseScreen.getText(BaseScreen.java:59)
	at screens.LoginScreen.validIdeaNumberPopup(LoginScreen.java:78)
	at tests.cucumber.steps.LoginSteps.alert_popup_should_be_disaply_as_Failure_in_Vodafone_system(LoginSteps.java:60)
	at ✽.Alert popup should be disaply as Please enter a valid Idea number(src/test/java/tests/cucumber/features/01login.feature:8)
Caused by: org.openqa.selenium.NoSuchElementException: An element could not be located on the page using the given search parameters. (WARNING: The server did not provide any stacktrace information)
Command duration or timeout: 0 milliseconds
For documentation on this error, please visit: https://www.seleniumhq.org/exceptions/no_such_element.html
Build info: version: &apos;3.141.59&apos;, revision: &apos;e82be7d358&apos;, time: &apos;2018-11-14T08:17:03&apos;
System info: host: &apos;Macs-MacBook-Pro.local&apos;, ip: &apos;172.30.178.4&apos;, os.name: &apos;Mac OS X&apos;, os.arch: &apos;x86_64&apos;, os.version: &apos;10.13.6&apos;, java.version: &apos;1.8.0_144&apos;
Driver info: io.appium.java_client.android.AndroidDriver
Capabilities {app: /home/radmin/build/raid-dat..., appActivity: com.ideacellular.myidea.Mai..., appPackage: com.ideacellular.myidea, automationName: UiAutomator2, databaseEnabled: false, desired: {app: /home/radmin/build/raid-dat..., appActivity: com.ideacellular.myidea.Mai..., appPackage: com.ideacellular.myidea, automationName: UiAutomator2, deviceName: 72, launchTimeout: 90000, newCommandTimeout: 600, pCloudy_ApiKey: crysw3jb36jvdymyz7zq3gzk, pCloudy_ApplicationName: Android_debug_TestIP_Prod_0..., pCloudy_DeviceFullName: Samsung_GalaxyS10_Android_9..., pCloudy_DurationInMinutes: 60, pCloudy_Username: rohitv@iprogrammer.com, platformName: Android, resetKeyboard: true, systemPort: 1080, udid: RZ8M2173PEF, unicodeKeyboard: true}, deviceApiLevel: 28, deviceManufacturer: samsung, deviceModel: SM-G973F, deviceName: RZ8M2173PEF, deviceScreenDensity: 420, deviceScreenSize: 1440x3040, deviceUDID: RZ8M2173PEF, javascriptEnabled: true, launchTimeout: 90000, locationContextEnabled: false, networkConnectionEnabled: true, newCommandTimeout: 600, pCloudy_ApiKey: crysw3jb36jvdymyz7zq3gzk, pCloudy_ApplicationName: Android_debug_TestIP_Prod_0..., pCloudy_DeviceFullName: Samsung_GalaxyS10_Android_9..., pCloudy_DurationInMinutes: 60, pCloudy_Username: rohitv@iprogrammer.com, pixelRatio: 2.625, platform: LINUX, platformName: Android, platformVersion: 9, resetKeyboard: true, statBarHeight: 150, systemPort: 1080, takesScreenshot: true, udid: RZ8M2173PEF, unicodeKeyboard: true, viewportRect: {height: 2615, left: 0, top: 150, width: 1440}, warnings: {}, webStorageEnabled: false}
Session ID: 6712f4c2-2fa0-4317-8683-8d6a0abf419e
*** Element info: {Using=xpath, value=//android.widget.TextView[@text=&apos;Please enter a valid Idea number!&apos;]}
	at org.openqa.selenium.remote.ErrorHandler.createThrowable(ErrorHandler.java:214)
	at org.openqa.selenium.remote.ErrorHandler.throwIfResponseFailed(ErrorHandler.java:166)
	at org.openqa.selenium.remote.http.JsonHttpResponseCodec.reconstructValue(JsonHttpResponseCodec.java:40)
	at org.openqa.selenium.remote.http.AbstractHttpResponseCodec.decode(AbstractHttpResponseCodec.java:80)
	at org.openqa.selenium.remote.http.AbstractHttpResponseCodec.decode(AbstractHttpResponseCodec.java:44)
	at org.openqa.selenium.remote.HttpCommandExecutor.execute(HttpCommandExecutor.java:158)
	at io.appium.java_client.remote.AppiumCommandExecutor.execute(AppiumCommandExecutor.java:231)
	at org.openqa.selenium.remote.RemoteWebDriver.execute(RemoteWebDriver.java:552)
	at io.appium.java_client.DefaultGenericMobileDriver.execute(DefaultGenericMobileDriver.java:42)
	at io.appium.java_client.AppiumDriver.execute(AppiumDriver.java:1)
	at io.appium.java_client.android.AndroidDriver.execute(AndroidDriver.java:1)
	at org.openqa.selenium.remote.RemoteWebDriver.findElement(RemoteWebDriver.java:323)
	at io.appium.java_client.DefaultGenericMobileDriver.findElement(DefaultGenericMobileDriver.java:62)
	at io.appium.java_client.AppiumDriver.findElement(AppiumDriver.java:1)
	at io.appium.java_client.android.AndroidDriver.findElement(AndroidDriver.java:1)
	at org.openqa.selenium.remote.RemoteWebDriver.findElementByXPath(RemoteWebDriver.java:428)
	at io.appium.java_client.DefaultGenericMobileDriver.findElementByXPath(DefaultGenericMobileDriver.java:152)
	at io.appium.java_client.AppiumDriver.findElementByXPath(AppiumDriver.java:1)
	at io.appium.java_client.android.AndroidDriver.findElementByXPath(AndroidDriver.java:1)
	at org.openqa.selenium.By$ByXPath.findElement(By.java:353)
	at org.openqa.selenium.remote.RemoteWebDriver.findElement(RemoteWebDriver.java:315)
	at io.appium.java_client.DefaultGenericMobileDriver.findElement(DefaultGenericMobileDriver.java:58)
	at io.appium.java_client.AppiumDriver.findElement(AppiumDriver.java:1)
	at io.appium.java_client.android.AndroidDriver.findElement(AndroidDriver.java:1)
	at org.openqa.selenium.support.ui.ExpectedConditions$7.apply(ExpectedConditions.java:205)
	at org.openqa.selenium.support.ui.ExpectedConditions$7.apply(ExpectedConditions.java:201)
	at org.openqa.selenium.support.ui.FluentWait.until(FluentWait.java:249)
	at screens.BaseScreen.waitAndFindElement(BaseScreen.java:55)
	at screens.BaseScreen.getText(BaseScreen.java:59)
	at screens.LoginScreen.validIdeaNumberPopup(LoginScreen.java:78)
	at tests.cucumber.steps.LoginSteps.alert_popup_should_be_disaply_as_Failure_in_Vodafone_system(LoginSteps.java:60)
	at cucumber.runtime.Utils$1.call(Utils.java:26)
	at cucumber.runtime.Timeout.timeout(Timeout.java:16)
	at cucumber.runtime.Utils.invoke(Utils.java:20)
	at cucumber.runtime.java.JavaStepDefinition.execute(JavaStepDefinition.java:49)
	at cucumber.runner.PickleStepDefinitionMatch.runStep(PickleStepDefinitionMatch.java:50)
	at cucumber.runner.TestStep.executeStep(TestStep.java:63)
	at cucumber.runner.TestStep.run(TestStep.java:49)
	at cucumber.runner.PickleStepTestStep.run(PickleStepTestStep.java:43)
	at cucumber.runner.TestCase.run(TestCase.java:44)
	at cucumber.runner.Runner.runPickle(Runner.java:40)
	at cucumber.api.testng.TestNGCucumberRunner.runScenario(TestNGCucumberRunner.java:68)
	at tests.cucumber.Runner.RunCucumberFeatures.scenario(RunCucumberFeatures.java:75)
	at java.util.concurrent.FutureTask.run(FutureTask.java:266)
	at java.util.concurrent.ThreadPoolExecutor.runWorker(ThreadPoolExecutor.java:1149)
	at java.util.concurrent.ThreadPoolExecutor$Worker.run(ThreadPoolExecutor.java:624)
	at java.lang.Thread.run(Thread.java:748)
... Removed 23 stack frames</div></td></tr></table><p class="totop"><a href="#summary">back to summary</a></p>
<h3 id="m14">tests.cucumber.Runner.RunCucumberFeatures#scenario</h3><table class="result"><tr class="param"><th>Parameter #1</th><th>Parameter #2</th></tr><tr class="param stripe"><td>&quot;Verify login functionality with blank text&quot;</td><td>&quot;Login Screen&quot;</td></tr></table><p class="totop"><a href="#summary">back to summary</a></p>
<h3 id="m15">tests.cucumber.Runner.RunCucumberFeatures#scenario</h3><table class="result"><tr class="param"><th>Parameter #1</th><th>Parameter #2</th></tr><tr class="param stripe"><td>&quot;Verify if there is a cross icon available to erase the entered text&quot;</td><td>&quot;Login Screen&quot;</td></tr></table><p class="totop"><a href="#summary">back to summary</a></p>
<h2>Huawei_Honor8X_Android_9.0.0</h2><h3 id="m16">tests.cucumber.Runner.RunCucumberFeatures#scenario</h3><table class="result"><tr class="param"><th>Parameter #1</th><th>Parameter #2</th></tr><tr class="param stripe"><td>&quot;Verify if there is a cross icon available to erase the entered text&quot;</td><td>&quot;Login Screen&quot;</td></tr><tr><th colspan="2">Exception</th></tr><tr><td colspan="2"><div class="stacktrace">java.lang.AssertionError: expected [true] but found [false]
	at screens.LoginScreen.clickOnCancelIcon(LoginScreen.java:91)
	at tests.cucumber.steps.LoginSteps.User_should_click_on_cancel_icon_and_verify_textbox_is_empty(LoginSteps.java:72)
	at ✽.User should click on cancel icon and verify textbox is empty(src/test/java/tests/cucumber/features/01login.feature:20)
... Removed 4 stack frames</div></td></tr></table><p class="totop"><a href="#summary">back to summary</a></p>
<h3 id="m17">tests.cucumber.Runner.RunCucumberFeatures#scenario</h3><table class="result"><tr class="param"><th>Parameter #1</th><th>Parameter #2</th></tr><tr class="param stripe"><td>&quot;Verify cross number error message&quot;</td><td>&quot;Login Screen&quot;</td></tr><tr><th colspan="2">Exception</th></tr><tr><td colspan="2"><div class="stacktrace">org.openqa.selenium.TimeoutException: Expected condition failed: waiting for visibility of element located by By.xpath: //android.widget.TextView[@text=&apos;Please enter a valid Idea number!&apos;] (tried for 30 second(s) with 500 milliseconds interval)
	at org.openqa.selenium.support.ui.WebDriverWait.timeoutException(WebDriverWait.java:95)
	at org.openqa.selenium.support.ui.FluentWait.until(FluentWait.java:272)
	at screens.BaseScreen.waitAndFindElement(BaseScreen.java:55)
	at screens.BaseScreen.getText(BaseScreen.java:59)
	at screens.LoginScreen.validIdeaNumberPopup(LoginScreen.java:78)
	at tests.cucumber.steps.LoginSteps.alert_popup_should_be_disaply_as_Failure_in_Vodafone_system(LoginSteps.java:60)
	at ✽.Alert popup should be disaply as Please enter a valid Idea number(src/test/java/tests/cucumber/features/01login.feature:8)
Caused by: org.openqa.selenium.NoSuchElementException: An element could not be located on the page using the given search parameters. (WARNING: The server did not provide any stacktrace information)
Command duration or timeout: 0 milliseconds
For documentation on this error, please visit: https://www.seleniumhq.org/exceptions/no_such_element.html
Build info: version: &apos;3.141.59&apos;, revision: &apos;e82be7d358&apos;, time: &apos;2018-11-14T08:17:03&apos;
System info: host: &apos;Macs-MacBook-Pro.local&apos;, ip: &apos;172.30.178.4&apos;, os.name: &apos;Mac OS X&apos;, os.arch: &apos;x86_64&apos;, os.version: &apos;10.13.6&apos;, java.version: &apos;1.8.0_144&apos;
Driver info: io.appium.java_client.android.AndroidDriver
Capabilities {app: /home/radmin/build/raid-dat..., appActivity: com.ideacellular.myidea.Mai..., appPackage: com.ideacellular.myidea, automationName: UiAutomator2, databaseEnabled: false, desired: {app: /home/radmin/build/raid-dat..., appActivity: com.ideacellular.myidea.Mai..., appPackage: com.ideacellular.myidea, automationName: UiAutomator2, deviceName: 88, launchTimeout: 90000, newCommandTimeout: 600, pCloudy_ApiKey: crysw3jb36jvdymyz7zq3gzk, pCloudy_ApplicationName: Android_debug_TestIP_Prod_0..., pCloudy_DeviceFullName: Huawei_Honor8X_Android_9.0.0, pCloudy_DurationInMinutes: 60, pCloudy_Username: rohitv@iprogrammer.com, platformName: Android, resetKeyboard: true, systemPort: 1095, udid: THC3Y18B29012322, unicodeKeyboard: true}, deviceApiLevel: 28, deviceManufacturer: HUAWEI, deviceModel: JSN-L42, deviceName: THC3Y18B29012322, deviceScreenDensity: 480, deviceScreenSize: 1080x2340, deviceUDID: THC3Y18B29012322, javascriptEnabled: true, launchTimeout: 90000, locationContextEnabled: false, networkConnectionEnabled: true, newCommandTimeout: 600, pCloudy_ApiKey: crysw3jb36jvdymyz7zq3gzk, pCloudy_ApplicationName: Android_debug_TestIP_Prod_0..., pCloudy_DeviceFullName: Huawei_Honor8X_Android_9.0.0, pCloudy_DurationInMinutes: 60, pCloudy_Username: rohitv@iprogrammer.com, pixelRatio: 3, platform: LINUX, platformName: Android, platformVersion: 9, resetKeyboard: true, statBarHeight: 85, systemPort: 1095, takesScreenshot: true, udid: THC3Y18B29012322, unicodeKeyboard: true, viewportRect: {height: 2052, left: 0, top: 85, width: 1080}, warnings: {}, webStorageEnabled: false}
Session ID: 07949ccb-26d9-4512-84f3-17b21b649243
*** Element info: {Using=xpath, value=//android.widget.TextView[@text=&apos;Please enter a valid Idea number!&apos;]}
	at org.openqa.selenium.remote.ErrorHandler.createThrowable(ErrorHandler.java:214)
	at org.openqa.selenium.remote.ErrorHandler.throwIfResponseFailed(ErrorHandler.java:166)
	at org.openqa.selenium.remote.http.JsonHttpResponseCodec.reconstructValue(JsonHttpResponseCodec.java:40)
	at org.openqa.selenium.remote.http.AbstractHttpResponseCodec.decode(AbstractHttpResponseCodec.java:80)
	at org.openqa.selenium.remote.http.AbstractHttpResponseCodec.decode(AbstractHttpResponseCodec.java:44)
	at org.openqa.selenium.remote.HttpCommandExecutor.execute(HttpCommandExecutor.java:158)
	at io.appium.java_client.remote.AppiumCommandExecutor.execute(AppiumCommandExecutor.java:231)
	at org.openqa.selenium.remote.RemoteWebDriver.execute(RemoteWebDriver.java:552)
	at io.appium.java_client.DefaultGenericMobileDriver.execute(DefaultGenericMobileDriver.java:42)
	at io.appium.java_client.AppiumDriver.execute(AppiumDriver.java:1)
	at io.appium.java_client.android.AndroidDriver.execute(AndroidDriver.java:1)
	at org.openqa.selenium.remote.RemoteWebDriver.findElement(RemoteWebDriver.java:323)
	at io.appium.java_client.DefaultGenericMobileDriver.findElement(DefaultGenericMobileDriver.java:62)
	at io.appium.java_client.AppiumDriver.findElement(AppiumDriver.java:1)
	at io.appium.java_client.android.AndroidDriver.findElement(AndroidDriver.java:1)
	at org.openqa.selenium.remote.RemoteWebDriver.findElementByXPath(RemoteWebDriver.java:428)
	at io.appium.java_client.DefaultGenericMobileDriver.findElementByXPath(DefaultGenericMobileDriver.java:152)
	at io.appium.java_client.AppiumDriver.findElementByXPath(AppiumDriver.java:1)
	at io.appium.java_client.android.AndroidDriver.findElementByXPath(AndroidDriver.java:1)
	at org.openqa.selenium.By$ByXPath.findElement(By.java:353)
	at org.openqa.selenium.remote.RemoteWebDriver.findElement(RemoteWebDriver.java:315)
	at io.appium.java_client.DefaultGenericMobileDriver.findElement(DefaultGenericMobileDriver.java:58)
	at io.appium.java_client.AppiumDriver.findElement(AppiumDriver.java:1)
	at io.appium.java_client.android.AndroidDriver.findElement(AndroidDriver.java:1)
	at org.openqa.selenium.support.ui.ExpectedConditions$7.apply(ExpectedConditions.java:205)
	at org.openqa.selenium.support.ui.ExpectedConditions$7.apply(ExpectedConditions.java:201)
	at org.openqa.selenium.support.ui.FluentWait.until(FluentWait.java:249)
	at screens.BaseScreen.waitAndFindElement(BaseScreen.java:55)
	at screens.BaseScreen.getText(BaseScreen.java:59)
	at screens.LoginScreen.validIdeaNumberPopup(LoginScreen.java:78)
	at tests.cucumber.steps.LoginSteps.alert_popup_should_be_disaply_as_Failure_in_Vodafone_system(LoginSteps.java:60)
	at cucumber.runtime.Utils$1.call(Utils.java:26)
	at cucumber.runtime.Timeout.timeout(Timeout.java:16)
	at cucumber.runtime.Utils.invoke(Utils.java:20)
	at cucumber.runtime.java.JavaStepDefinition.execute(JavaStepDefinition.java:49)
	at cucumber.runner.PickleStepDefinitionMatch.runStep(PickleStepDefinitionMatch.java:50)
	at cucumber.runner.TestStep.executeStep(TestStep.java:63)
	at cucumber.runner.TestStep.run(TestStep.java:49)
	at cucumber.runner.PickleStepTestStep.run(PickleStepTestStep.java:43)
	at cucumber.runner.TestCase.run(TestCase.java:44)
	at cucumber.runner.Runner.runPickle(Runner.java:40)
	at cucumber.api.testng.TestNGCucumberRunner.runScenario(TestNGCucumberRunner.java:68)
	at tests.cucumber.Runner.RunCucumberFeatures.scenario(RunCucumberFeatures.java:75)
	at java.util.concurrent.FutureTask.run(FutureTask.java:266)
	at java.util.concurrent.ThreadPoolExecutor.runWorker(ThreadPoolExecutor.java:1149)
	at java.util.concurrent.ThreadPoolExecutor$Worker.run(ThreadPoolExecutor.java:624)
	at java.lang.Thread.run(Thread.java:748)
... Removed 23 stack frames</div></td></tr></table><p class="totop"><a href="#summary">back to summary</a></p>
<h3 id="m18">tests.cucumber.Runner.RunCucumberFeatures#scenario</h3><table class="result"><tr class="param"><th>Parameter #1</th><th>Parameter #2</th></tr><tr class="param stripe"><td>&quot;Verify login functionality with blank text&quot;</td><td>&quot;Login Screen&quot;</td></tr></table><p class="totop"><a href="#summary">back to summary</a></p>
</body>
</html>
